000 (901930.1413.000) 2025-02-07 20:22:05 Job submitted from host: <129.13.101.151:9618?addrs=129.13.101.151-9618+[2a00-1398-5-fe01-ec4-7aff-fede-e4ae]-9618&alias=bms3.etp.kit.edu&noUDP&sock=schedd_2157_19df>
...
040 (901930.1413.000) 2025-02-07 22:49:40 Finished transferring input files
...
001 (901930.1413.000) 2025-02-07 22:49:42 Job executing on host: <129.13.101.130:9618?addrs=129.13.101.130-9618+[2a00-1398-5-fe01-ae1f-6bff-febb-bf2e]-9618&alias=ms03.etp.kit.edu&noUDP&sock=startd_1620_c383>
	SlotName: slot1_10@ms03.etp.kit.edu
	CondorScratchDir = "/var/lib/condor/execute/dir_1999697"
	Cpus = 4
	Disk = 1704070
	Memory = 10112
...
040 (901930.1413.000) 2025-02-07 22:49:55 Started transferring output files
...
040 (901930.1413.000) 2025-02-07 22:49:55 Finished transferring output files
...
004 (901930.1413.000) 2025-02-07 22:49:56 Job was evicted.
	(0) Job terminated and was requeued
		Usr 0 00:00:00, Sys 0 00:00:00  -  Run Remote Usage
		Usr 0 00:00:00, Sys 0 00:00:00  -  Run Local Usage
	1868  -  Run Bytes Sent By Job
	0  -  Run Bytes Received By Job
	(1) Normal termination (return value 1)
	The job attribute OnExitRemove expression 'NumJobCompletions > JobMaxRetries || ExitCode =?= 0' evaluated to FALSE
...
040 (901930.1413.000) 2025-02-07 22:50:00 Finished transferring input files
...
001 (901930.1413.000) 2025-02-07 22:50:02 Job executing on host: <129.13.101.131:9618?addrs=129.13.101.131-9618+[2a00-1398-5-fe01-ae1f-6bff-febb-c016]-9618&alias=ms04.etp.kit.edu&noUDP&sock=startd_1624_81e4>
	SlotName: slot1_7@ms04.etp.kit.edu
	CondorScratchDir = "/var/lib/condor/execute/dir_1053122"
	Cpus = 4
	Disk = 1702864
	Memory = 10112
...
040 (901930.1413.000) 2025-02-07 22:50:19 Started transferring output files
...
040 (901930.1413.000) 2025-02-07 22:50:19 Finished transferring output files
...
004 (901930.1413.000) 2025-02-07 22:50:19 Job was evicted.
	(0) Job terminated and was requeued
		Usr 0 00:00:00, Sys 0 00:00:00  -  Run Remote Usage
		Usr 0 00:00:00, Sys 0 00:00:00  -  Run Local Usage
	1868  -  Run Bytes Sent By Job
	0  -  Run Bytes Received By Job
	(1) Normal termination (return value 1)
	The job attribute OnExitRemove expression 'NumJobCompletions > JobMaxRetries || ExitCode =?= 0' evaluated to FALSE
...
040 (901930.1413.000) 2025-02-07 22:50:24 Finished transferring input files
...
001 (901930.1413.000) 2025-02-07 22:50:25 Job executing on host: <129.13.101.129:9618?addrs=129.13.101.129-9618+[2a00-1398-5-fe01-ae1f-6bff-febb-bf0c]-9618&alias=ms02.etp.kit.edu&noUDP&sock=startd_1597_fcd6>
	SlotName: slot1_11@ms02.etp.kit.edu
	CondorScratchDir = "/var/lib/condor/execute/dir_1883409"
	Cpus = 4
	Disk = 1639213
	Memory = 10112
...
040 (901930.1413.000) 2025-02-07 22:50:41 Started transferring output files
...
040 (901930.1413.000) 2025-02-07 22:50:41 Finished transferring output files
...
004 (901930.1413.000) 2025-02-07 22:50:42 Job was evicted.
	(0) Job terminated and was requeued
		Usr 0 00:00:00, Sys 0 00:00:00  -  Run Remote Usage
		Usr 0 00:00:00, Sys 0 00:00:00  -  Run Local Usage
	1868  -  Run Bytes Sent By Job
	0  -  Run Bytes Received By Job
	(1) Normal termination (return value 1)
	The job attribute OnExitRemove expression 'NumJobCompletions > JobMaxRetries || ExitCode =?= 0' evaluated to FALSE
...
040 (901930.1413.000) 2025-02-07 22:50:43 Finished transferring input files
...
001 (901930.1413.000) 2025-02-07 22:50:44 Job executing on host: <129.13.101.129:9618?addrs=129.13.101.129-9618+[2a00-1398-5-fe01-ae1f-6bff-febb-bf0c]-9618&alias=ms02.etp.kit.edu&noUDP&sock=startd_1597_fcd6>
	SlotName: slot1_8@ms02.etp.kit.edu
	CondorScratchDir = "/var/lib/condor/execute/dir_1884198"
	Cpus = 4
	Disk = 1639213
	Memory = 10112
...
040 (901930.1413.000) 2025-02-07 22:50:53 Started transferring output files
...
040 (901930.1413.000) 2025-02-07 22:50:53 Finished transferring output files
...
005 (901930.1413.000) 2025-02-07 22:50:53 Job terminated.
	(1) Normal termination (return value 1)
		Usr 0 00:00:00, Sys 0 00:00:00  -  Run Remote Usage
		Usr 0 00:00:00, Sys 0 00:00:00  -  Run Local Usage
		Usr 0 00:00:00, Sys 0 00:00:00  -  Total Remote Usage
		Usr 0 00:00:00, Sys 0 00:00:00  -  Total Local Usage
	1868  -  Run Bytes Sent By Job
	0  -  Run Bytes Received By Job
	7472  -  Total Bytes Sent By Job
	0  -  Total Bytes Received By Job
	Partitionable Resources :    Usage  Request Allocated 
	   Cpus                 :        0        4         4 
	   Disk (KB)            :       25  1000000   1639213 
	   Memory (MB)          :             10000     10112 

	Job terminated of its own accord at 2025-02-07T21:50:53Z with exit-code 1.
...
