000 (901930.2301.000) 2025-02-07 20:22:08 Job submitted from host: <129.13.101.151:9618?addrs=129.13.101.151-9618+[2a00-1398-5-fe01-ec4-7aff-fede-e4ae]-9618&alias=bms3.etp.kit.edu&noUDP&sock=schedd_2157_19df>
...
040 (901930.2301.000) 2025-02-07 23:25:44 Finished transferring input files
...
001 (901930.2301.000) 2025-02-07 23:25:45 Job executing on host: <129.13.101.152:9618?addrs=129.13.101.152-9618+[2a00-1398-5-fe01--2001]-9618&alias=mdm1.etp.kit.edu&noUDP&sock=startd_3862_96d9>
	SlotName: slot1_62@mdm1.etp.kit.edu
	CondorScratchDir = "/local/scratch/ssd/condor/execute/dir_3510768"
	Cpus = 4
	Disk = 5298931
	Memory = 10112
...
040 (901930.2301.000) 2025-02-07 23:26:19 Started transferring output files
...
040 (901930.2301.000) 2025-02-07 23:26:19 Finished transferring output files
...
005 (901930.2301.000) 2025-02-07 23:26:19 Job terminated.
	(1) Normal termination (return value 0)
		Usr 0 00:00:00, Sys 0 00:00:00  -  Run Remote Usage
		Usr 0 00:00:00, Sys 0 00:00:00  -  Run Local Usage
		Usr 0 00:00:00, Sys 0 00:00:00  -  Total Remote Usage
		Usr 0 00:00:00, Sys 0 00:00:00  -  Total Local Usage
	1628  -  Run Bytes Sent By Job
	0  -  Run Bytes Received By Job
	1628  -  Total Bytes Sent By Job
	0  -  Total Bytes Received By Job
	Partitionable Resources :    Usage  Request Allocated 
	   Cpus                 :     0.08        4         4 
	   Disk (KB)            :    23     1000000   5298931 
	   Memory (MB)          :             10000     10112 

	Job terminated of its own accord at 2025-02-07T22:26:19Z with exit-code 0.
...
