000 (901930.296.000) 2025-02-07 20:22:02 Job submitted from host: <129.13.101.151:9618?addrs=129.13.101.151-9618+[2a00-1398-5-fe01-ec4-7aff-fede-e4ae]-9618&alias=bms3.etp.kit.edu&noUDP&sock=schedd_2157_19df>
...
040 (901930.296.000) 2025-02-07 21:07:19 Finished transferring input files
...
001 (901930.296.000) 2025-02-07 21:07:20 Job executing on host: <129.13.101.129:9618?addrs=129.13.101.129-9618+[2a00-1398-5-fe01-ae1f-6bff-febb-bf0c]-9618&alias=ms02.etp.kit.edu&noUDP&sock=startd_1597_fcd6>
	SlotName: slot1_11@ms02.etp.kit.edu
	CondorScratchDir = "/var/lib/condor/execute/dir_3652424"
	Cpus = 4
	Disk = 1639213
	Memory = 10112
...
040 (901930.296.000) 2025-02-07 21:07:34 Started transferring output files
...
040 (901930.296.000) 2025-02-07 21:07:34 Finished transferring output files
...
004 (901930.296.000) 2025-02-07 21:07:35 Job was evicted.
	(0) Job terminated and was requeued
		Usr 0 00:00:00, Sys 0 00:00:00  -  Run Remote Usage
		Usr 0 00:00:00, Sys 0 00:00:00  -  Run Local Usage
	1868  -  Run Bytes Sent By Job
	0  -  Run Bytes Received By Job
	(1) Normal termination (return value 1)
	The job attribute OnExitRemove expression 'NumJobCompletions > JobMaxRetries || ExitCode =?= 0' evaluated to FALSE
...
040 (901930.296.000) 2025-02-07 21:07:48 Finished transferring input files
...
001 (901930.296.000) 2025-02-07 21:07:49 Job executing on host: <129.13.101.152:9618?addrs=129.13.101.152-9618+[2a00-1398-5-fe01--2001]-9618&alias=mdm1.etp.kit.edu&noUDP&sock=startd_3862_96d9>
	SlotName: slot1_60@mdm1.etp.kit.edu
	CondorScratchDir = "/local/scratch/ssd/condor/execute/dir_3543650"
	Cpus = 4
	Disk = 5298931
	Memory = 10112
...
040 (901930.296.000) 2025-02-07 21:08:01 Started transferring output files
...
040 (901930.296.000) 2025-02-07 21:08:01 Finished transferring output files
...
004 (901930.296.000) 2025-02-07 21:08:01 Job was evicted.
	(0) Job terminated and was requeued
		Usr 0 00:00:00, Sys 0 00:00:00  -  Run Remote Usage
		Usr 0 00:00:00, Sys 0 00:00:00  -  Run Local Usage
	1868  -  Run Bytes Sent By Job
	0  -  Run Bytes Received By Job
	(1) Normal termination (return value 1)
	The job attribute OnExitRemove expression 'NumJobCompletions > JobMaxRetries || ExitCode =?= 0' evaluated to FALSE
...
040 (901930.296.000) 2025-02-07 21:08:06 Finished transferring input files
...
001 (901930.296.000) 2025-02-07 21:08:07 Job executing on host: <129.13.101.152:9618?addrs=129.13.101.152-9618+[2a00-1398-5-fe01--2001]-9618&alias=mdm1.etp.kit.edu&noUDP&sock=startd_3862_96d9>
	SlotName: slot1_60@mdm1.etp.kit.edu
	CondorScratchDir = "/local/scratch/ssd/condor/execute/dir_3591635"
	Cpus = 4
	Disk = 5298931
	Memory = 10112
...
040 (901930.296.000) 2025-02-07 21:08:18 Started transferring output files
...
040 (901930.296.000) 2025-02-07 21:08:18 Finished transferring output files
...
004 (901930.296.000) 2025-02-07 21:08:18 Job was evicted.
	(0) Job terminated and was requeued
		Usr 0 00:00:00, Sys 0 00:00:00  -  Run Remote Usage
		Usr 0 00:00:00, Sys 0 00:00:00  -  Run Local Usage
	1868  -  Run Bytes Sent By Job
	0  -  Run Bytes Received By Job
	(1) Normal termination (return value 1)
	The job attribute OnExitRemove expression 'NumJobCompletions > JobMaxRetries || ExitCode =?= 0' evaluated to FALSE
...
040 (901930.296.000) 2025-02-07 21:08:21 Finished transferring input files
...
001 (901930.296.000) 2025-02-07 21:08:22 Job executing on host: <129.13.101.152:9618?addrs=129.13.101.152-9618+[2a00-1398-5-fe01--2001]-9618&alias=mdm1.etp.kit.edu&noUDP&sock=startd_3862_96d9>
	SlotName: slot1_61@mdm1.etp.kit.edu
	CondorScratchDir = "/local/scratch/ssd/condor/execute/dir_3635482"
	Cpus = 4
	Disk = 5298931
	Memory = 10112
...
040 (901930.296.000) 2025-02-07 21:08:33 Started transferring output files
...
040 (901930.296.000) 2025-02-07 21:08:33 Finished transferring output files
...
005 (901930.296.000) 2025-02-07 21:08:33 Job terminated.
	(1) Normal termination (return value 1)
		Usr 0 00:00:00, Sys 0 00:00:00  -  Run Remote Usage
		Usr 0 00:00:00, Sys 0 00:00:00  -  Run Local Usage
		Usr 0 00:00:00, Sys 0 00:00:00  -  Total Remote Usage
		Usr 0 00:00:00, Sys 0 00:00:00  -  Total Local Usage
	1868  -  Run Bytes Sent By Job
	0  -  Run Bytes Received By Job
	7472  -  Total Bytes Sent By Job
	0  -  Total Bytes Received By Job
	Partitionable Resources :    Usage  Request Allocated 
	   Cpus                 :     0.03        4         4 
	   Disk (KB)            :    25     1000000   5298931 
	   Memory (MB)          :             10000     10112 

	Job terminated of its own accord at 2025-02-07T20:08:33Z with exit-code 1.
...
