000 (901930.966.000) 2025-02-07 20:22:04 Job submitted from host: <129.13.101.151:9618?addrs=129.13.101.151-9618+[2a00-1398-5-fe01-ec4-7aff-fede-e4ae]-9618&alias=bms3.etp.kit.edu&noUDP&sock=schedd_2157_19df>
...
040 (901930.966.000) 2025-02-07 22:19:03 Finished transferring input files
...
001 (901930.966.000) 2025-02-07 22:19:04 Job executing on host: <129.13.101.131:9618?addrs=129.13.101.131-9618+[2a00-1398-5-fe01-ae1f-6bff-febb-c016]-9618&alias=ms04.etp.kit.edu&noUDP&sock=startd_1624_81e4>
	SlotName: slot1_8@ms04.etp.kit.edu
	CondorScratchDir = "/var/lib/condor/execute/dir_2853161"
	Cpus = 4
	Disk = 1702864
	Memory = 10112
...
040 (901930.966.000) 2025-02-07 22:19:25 Started transferring output files
...
040 (901930.966.000) 2025-02-07 22:19:25 Finished transferring output files
...
004 (901930.966.000) 2025-02-07 22:19:25 Job was evicted.
	(0) Job terminated and was requeued
		Usr 0 00:00:00, Sys 0 00:00:00  -  Run Remote Usage
		Usr 0 00:00:00, Sys 0 00:00:00  -  Run Local Usage
	1868  -  Run Bytes Sent By Job
	0  -  Run Bytes Received By Job
	(1) Normal termination (return value 1)
	The job attribute OnExitRemove expression 'NumJobCompletions > JobMaxRetries || ExitCode =?= 0' evaluated to FALSE
...
040 (901930.966.000) 2025-02-07 22:19:30 Finished transferring input files
...
001 (901930.966.000) 2025-02-07 22:19:31 Job executing on host: <129.13.101.128:9618?addrs=129.13.101.128-9618+[2a00-1398-5-fe01-ae1f-6bff-febb-c206]-9618&alias=ms01.etp.kit.edu&noUDP&sock=startd_1784_410c>
	SlotName: slot1_12@ms01.etp.kit.edu
	CondorScratchDir = "/var/lib/condor/execute/dir_294674"
	Cpus = 4
	Disk = 1754559
	Memory = 10112
...
040 (901930.966.000) 2025-02-07 22:19:41 Started transferring output files
...
040 (901930.966.000) 2025-02-07 22:19:41 Finished transferring output files
...
004 (901930.966.000) 2025-02-07 22:19:41 Job was evicted.
	(0) Job terminated and was requeued
		Usr 0 00:00:00, Sys 0 00:00:00  -  Run Remote Usage
		Usr 0 00:00:00, Sys 0 00:00:00  -  Run Local Usage
	1868  -  Run Bytes Sent By Job
	0  -  Run Bytes Received By Job
	(1) Normal termination (return value 1)
	The job attribute OnExitRemove expression 'NumJobCompletions > JobMaxRetries || ExitCode =?= 0' evaluated to FALSE
...
040 (901930.966.000) 2025-02-07 22:19:44 Finished transferring input files
...
001 (901930.966.000) 2025-02-07 22:19:45 Job executing on host: <129.13.101.130:9618?addrs=129.13.101.130-9618+[2a00-1398-5-fe01-ae1f-6bff-febb-bf2e]-9618&alias=ms03.etp.kit.edu&noUDP&sock=startd_1620_c383>
	SlotName: slot1_12@ms03.etp.kit.edu
	CondorScratchDir = "/var/lib/condor/execute/dir_3800192"
	Cpus = 4
	Disk = 1704070
	Memory = 10112
...
040 (901930.966.000) 2025-02-07 22:19:57 Started transferring output files
...
040 (901930.966.000) 2025-02-07 22:19:57 Finished transferring output files
...
004 (901930.966.000) 2025-02-07 22:19:58 Job was evicted.
	(0) Job terminated and was requeued
		Usr 0 00:00:00, Sys 0 00:00:00  -  Run Remote Usage
		Usr 0 00:00:00, Sys 0 00:00:00  -  Run Local Usage
	1868  -  Run Bytes Sent By Job
	0  -  Run Bytes Received By Job
	(1) Normal termination (return value 1)
	The job attribute OnExitRemove expression 'NumJobCompletions > JobMaxRetries || ExitCode =?= 0' evaluated to FALSE
...
040 (901930.966.000) 2025-02-07 22:20:02 Finished transferring input files
...
001 (901930.966.000) 2025-02-07 22:20:03 Job executing on host: <129.13.101.131:9618?addrs=129.13.101.131-9618+[2a00-1398-5-fe01-ae1f-6bff-febb-c016]-9618&alias=ms04.etp.kit.edu&noUDP&sock=startd_1624_81e4>
	SlotName: slot1_9@ms04.etp.kit.edu
	CondorScratchDir = "/var/lib/condor/execute/dir_3170078"
	Cpus = 4
	Disk = 1702864
	Memory = 10112
...
040 (901930.966.000) 2025-02-07 22:20:16 Started transferring output files
...
040 (901930.966.000) 2025-02-07 22:20:16 Finished transferring output files
...
005 (901930.966.000) 2025-02-07 22:20:16 Job terminated.
	(1) Normal termination (return value 1)
		Usr 0 00:00:00, Sys 0 00:00:00  -  Run Remote Usage
		Usr 0 00:00:00, Sys 0 00:00:00  -  Run Local Usage
		Usr 0 00:00:00, Sys 0 00:00:00  -  Total Remote Usage
		Usr 0 00:00:00, Sys 0 00:00:00  -  Total Local Usage
	1868  -  Run Bytes Sent By Job
	0  -  Run Bytes Received By Job
	7472  -  Total Bytes Sent By Job
	0  -  Total Bytes Received By Job
	Partitionable Resources :    Usage  Request Allocated 
	   Cpus                 :     0.04        4         4 
	   Disk (KB)            :    25     1000000   1702864 
	   Memory (MB)          :             10000     10112 

	Job terminated of its own accord at 2025-02-07T21:20:16Z with exit-code 1.
...
