000 (901930.2210.000) 2025-02-07 20:22:08 Job submitted from host: <129.13.101.151:9618?addrs=129.13.101.151-9618+[2a00-1398-5-fe01-ec4-7aff-fede-e4ae]-9618&alias=bms3.etp.kit.edu&noUDP&sock=schedd_2157_19df>
...
040 (901930.2210.000) 2025-02-07 23:21:54 Finished transferring input files
...
001 (901930.2210.000) 2025-02-07 23:21:55 Job executing on host: <129.13.101.152:9618?addrs=129.13.101.152-9618+[2a00-1398-5-fe01--2001]-9618&alias=mdm1.etp.kit.edu&noUDP&sock=startd_3862_96d9>
	SlotName: slot1_63@mdm1.etp.kit.edu
	CondorScratchDir = "/local/scratch/ssd/condor/execute/dir_2651362"
	Cpus = 4
	Disk = 5298931
	Memory = 10112
...
040 (901930.2210.000) 2025-02-07 23:22:09 Started transferring output files
...
040 (901930.2210.000) 2025-02-07 23:22:09 Finished transferring output files
...
004 (901930.2210.000) 2025-02-07 23:22:10 Job was evicted.
	(0) Job terminated and was requeued
		Usr 0 00:00:00, Sys 0 00:00:00  -  Run Remote Usage
		Usr 0 00:00:00, Sys 0 00:00:00  -  Run Local Usage
	1868  -  Run Bytes Sent By Job
	0  -  Run Bytes Received By Job
	(1) Normal termination (return value 1)
	The job attribute OnExitRemove expression 'NumJobCompletions > JobMaxRetries || ExitCode =?= 0' evaluated to FALSE
...
040 (901930.2210.000) 2025-02-07 23:22:12 Finished transferring input files
...
001 (901930.2210.000) 2025-02-07 23:22:13 Job executing on host: <129.13.101.129:9618?addrs=129.13.101.129-9618+[2a00-1398-5-fe01-ae1f-6bff-febb-bf0c]-9618&alias=ms02.etp.kit.edu&noUDP&sock=startd_1597_fcd6>
	SlotName: slot1_9@ms02.etp.kit.edu
	CondorScratchDir = "/var/lib/condor/execute/dir_1946593"
	Cpus = 4
	Disk = 1639213
	Memory = 10112
...
040 (901930.2210.000) 2025-02-07 23:22:26 Started transferring output files
...
040 (901930.2210.000) 2025-02-07 23:22:26 Finished transferring output files
...
004 (901930.2210.000) 2025-02-07 23:22:26 Job was evicted.
	(0) Job terminated and was requeued
		Usr 0 00:00:00, Sys 0 00:00:00  -  Run Remote Usage
		Usr 0 00:00:00, Sys 0 00:00:00  -  Run Local Usage
	1868  -  Run Bytes Sent By Job
	0  -  Run Bytes Received By Job
	(1) Normal termination (return value 1)
	The job attribute OnExitRemove expression 'NumJobCompletions > JobMaxRetries || ExitCode =?= 0' evaluated to FALSE
...
040 (901930.2210.000) 2025-02-07 23:22:31 Finished transferring input files
...
001 (901930.2210.000) 2025-02-07 23:22:32 Job executing on host: <129.13.101.128:9618?addrs=129.13.101.128-9618+[2a00-1398-5-fe01-ae1f-6bff-febb-c206]-9618&alias=ms01.etp.kit.edu&noUDP&sock=startd_1784_410c>
	SlotName: slot1_17@ms01.etp.kit.edu
	CondorScratchDir = "/var/lib/condor/execute/dir_3011666"
	Cpus = 4
	Disk = 1754559
	Memory = 10112
...
040 (901930.2210.000) 2025-02-07 23:22:44 Started transferring output files
...
040 (901930.2210.000) 2025-02-07 23:22:45 Finished transferring output files
...
004 (901930.2210.000) 2025-02-07 23:22:45 Job was evicted.
	(0) Job terminated and was requeued
		Usr 0 00:00:00, Sys 0 00:00:00  -  Run Remote Usage
		Usr 0 00:00:00, Sys 0 00:00:00  -  Run Local Usage
	1868  -  Run Bytes Sent By Job
	0  -  Run Bytes Received By Job
	(1) Normal termination (return value 1)
	The job attribute OnExitRemove expression 'NumJobCompletions > JobMaxRetries || ExitCode =?= 0' evaluated to FALSE
...
040 (901930.2210.000) 2025-02-07 23:22:51 Finished transferring input files
...
001 (901930.2210.000) 2025-02-07 23:22:52 Job executing on host: <129.13.101.152:9618?addrs=129.13.101.152-9618+[2a00-1398-5-fe01--2001]-9618&alias=mdm1.etp.kit.edu&noUDP&sock=startd_3862_96d9>
	SlotName: slot1_60@mdm1.etp.kit.edu
	CondorScratchDir = "/local/scratch/ssd/condor/execute/dir_2878701"
	Cpus = 4
	Disk = 5298931
	Memory = 10112
...
040 (901930.2210.000) 2025-02-07 23:23:04 Started transferring output files
...
040 (901930.2210.000) 2025-02-07 23:23:04 Finished transferring output files
...
005 (901930.2210.000) 2025-02-07 23:23:04 Job terminated.
	(1) Normal termination (return value 1)
		Usr 0 00:00:00, Sys 0 00:00:00  -  Run Remote Usage
		Usr 0 00:00:00, Sys 0 00:00:00  -  Run Local Usage
		Usr 0 00:00:00, Sys 0 00:00:00  -  Total Remote Usage
		Usr 0 00:00:00, Sys 0 00:00:00  -  Total Local Usage
	1868  -  Run Bytes Sent By Job
	0  -  Run Bytes Received By Job
	7472  -  Total Bytes Sent By Job
	0  -  Total Bytes Received By Job
	Partitionable Resources :    Usage  Request Allocated 
	   Cpus                 :        0        4         4 
	   Disk (KB)            :       25  1000000   5298931 
	   Memory (MB)          :             10000     10112 

	Job terminated of its own accord at 2025-02-07T22:23:04Z with exit-code 1.
...
