000 (901930.650.000) 2025-02-07 20:22:03 Job submitted from host: <129.13.101.151:9618?addrs=129.13.101.151-9618+[2a00-1398-5-fe01-ec4-7aff-fede-e4ae]-9618&alias=bms3.etp.kit.edu&noUDP&sock=schedd_2157_19df>
...
040 (901930.650.000) 2025-02-07 21:52:45 Finished transferring input files
...
001 (901930.650.000) 2025-02-07 21:52:46 Job executing on host: <129.13.101.152:9618?addrs=129.13.101.152-9618+[2a00-1398-5-fe01--2001]-9618&alias=mdm1.etp.kit.edu&noUDP&sock=startd_3862_96d9>
	SlotName: slot1_61@mdm1.etp.kit.edu
	CondorScratchDir = "/local/scratch/ssd/condor/execute/dir_2180166"
	Cpus = 4
	Disk = 5298931
	Memory = 10112
...
040 (901930.650.000) 2025-02-07 21:52:57 Started transferring output files
...
040 (901930.650.000) 2025-02-07 21:52:57 Finished transferring output files
...
004 (901930.650.000) 2025-02-07 21:52:58 Job was evicted.
	(0) Job terminated and was requeued
		Usr 0 00:00:00, Sys 0 00:00:00  -  Run Remote Usage
		Usr 0 00:00:00, Sys 0 00:00:00  -  Run Local Usage
	1872  -  Run Bytes Sent By Job
	0  -  Run Bytes Received By Job
	(1) Normal termination (return value 1)
	The job attribute OnExitRemove expression 'NumJobCompletions > JobMaxRetries || ExitCode =?= 0' evaluated to FALSE
...
040 (901930.650.000) 2025-02-07 21:53:04 Finished transferring input files
...
001 (901930.650.000) 2025-02-07 21:53:05 Job executing on host: <129.13.101.131:9618?addrs=129.13.101.131-9618+[2a00-1398-5-fe01-ae1f-6bff-febb-c016]-9618&alias=ms04.etp.kit.edu&noUDP&sock=startd_1624_81e4>
	SlotName: slot1_10@ms04.etp.kit.edu
	CondorScratchDir = "/var/lib/condor/execute/dir_1741351"
	Cpus = 4
	Disk = 1702864
	Memory = 10112
...
040 (901930.650.000) 2025-02-07 21:53:19 Started transferring output files
...
040 (901930.650.000) 2025-02-07 21:53:19 Finished transferring output files
...
004 (901930.650.000) 2025-02-07 21:53:19 Job was evicted.
	(0) Job terminated and was requeued
		Usr 0 00:00:00, Sys 0 00:00:00  -  Run Remote Usage
		Usr 0 00:00:00, Sys 0 00:00:00  -  Run Local Usage
	1872  -  Run Bytes Sent By Job
	0  -  Run Bytes Received By Job
	(1) Normal termination (return value 1)
	The job attribute OnExitRemove expression 'NumJobCompletions > JobMaxRetries || ExitCode =?= 0' evaluated to FALSE
...
040 (901930.650.000) 2025-02-07 21:53:28 Finished transferring input files
...
001 (901930.650.000) 2025-02-07 21:53:29 Job executing on host: <129.13.101.152:9618?addrs=129.13.101.152-9618+[2a00-1398-5-fe01--2001]-9618&alias=mdm1.etp.kit.edu&noUDP&sock=startd_3862_96d9>
	SlotName: slot1_67@mdm1.etp.kit.edu
	CondorScratchDir = "/local/scratch/ssd/condor/execute/dir_2449339"
	Cpus = 4
	Disk = 5298931
	Memory = 10112
...
040 (901930.650.000) 2025-02-07 21:53:41 Started transferring output files
...
040 (901930.650.000) 2025-02-07 21:53:41 Finished transferring output files
...
004 (901930.650.000) 2025-02-07 21:53:41 Job was evicted.
	(0) Job terminated and was requeued
		Usr 0 00:00:00, Sys 0 00:00:00  -  Run Remote Usage
		Usr 0 00:00:00, Sys 0 00:00:00  -  Run Local Usage
	1872  -  Run Bytes Sent By Job
	0  -  Run Bytes Received By Job
	(1) Normal termination (return value 1)
	The job attribute OnExitRemove expression 'NumJobCompletions > JobMaxRetries || ExitCode =?= 0' evaluated to FALSE
...
040 (901930.650.000) 2025-02-07 21:53:54 Finished transferring input files
...
001 (901930.650.000) 2025-02-07 21:53:55 Job executing on host: <129.13.101.152:9618?addrs=129.13.101.152-9618+[2a00-1398-5-fe01--2001]-9618&alias=mdm1.etp.kit.edu&noUDP&sock=startd_3862_96d9>
	SlotName: slot1_61@mdm1.etp.kit.edu
	CondorScratchDir = "/local/scratch/ssd/condor/execute/dir_2577620"
	Cpus = 4
	Disk = 5298931
	Memory = 10112
...
040 (901930.650.000) 2025-02-07 21:54:06 Started transferring output files
...
040 (901930.650.000) 2025-02-07 21:54:06 Finished transferring output files
...
005 (901930.650.000) 2025-02-07 21:54:06 Job terminated.
	(1) Normal termination (return value 1)
		Usr 0 00:00:00, Sys 0 00:00:00  -  Run Remote Usage
		Usr 0 00:00:00, Sys 0 00:00:00  -  Run Local Usage
		Usr 0 00:00:00, Sys 0 00:00:00  -  Total Remote Usage
		Usr 0 00:00:00, Sys 0 00:00:00  -  Total Local Usage
	1872  -  Run Bytes Sent By Job
	0  -  Run Bytes Received By Job
	7488  -  Total Bytes Sent By Job
	0  -  Total Bytes Received By Job
	Partitionable Resources :    Usage  Request Allocated 
	   Cpus                 :        0        4         4 
	   Disk (KB)            :       25  1000000   5298931 
	   Memory (MB)          :             10000     10112 

	Job terminated of its own accord at 2025-02-07T20:54:06Z with exit-code 1.
...
