000 (902081.1562.000) 2025-02-07 20:43:26 Job submitted from host: <129.13.101.151:9618?addrs=129.13.101.151-9618+[2a00-1398-5-fe01-ec4-7aff-fede-e4ae]-9618&alias=bms3.etp.kit.edu&noUDP&sock=schedd_2157_19df>
...
040 (902081.1562.000) 2025-02-08 02:48:28 Finished transferring input files
...
001 (902081.1562.000) 2025-02-08 02:48:29 Job executing on host: <129.13.101.152:9618?addrs=129.13.101.152-9618+[2a00-1398-5-fe01--2001]-9618&alias=mdm1.etp.kit.edu&noUDP&sock=startd_3862_96d9>
	SlotName: slot1_35@mdm1.etp.kit.edu
	CondorScratchDir = "/local/scratch/ssd/condor/execute/dir_3271074"
	Cpus = 4
	Disk = 5298931
	Memory = 10112
...
040 (902081.1562.000) 2025-02-08 02:48:59 Started transferring output files
...
040 (902081.1562.000) 2025-02-08 02:48:59 Finished transferring output files
...
004 (902081.1562.000) 2025-02-08 02:49:00 Job was evicted.
	(0) Job terminated and was requeued
		Usr 0 00:00:00, Sys 0 00:00:00  -  Run Remote Usage
		Usr 0 00:00:00, Sys 0 00:00:00  -  Run Local Usage
	1867  -  Run Bytes Sent By Job
	0  -  Run Bytes Received By Job
	(1) Normal termination (return value 1)
	The job attribute OnExitRemove expression 'NumJobCompletions > JobMaxRetries || ExitCode =?= 0' evaluated to FALSE
...
040 (902081.1562.000) 2025-02-08 02:49:00 Finished transferring input files
...
001 (902081.1562.000) 2025-02-08 02:49:01 Job executing on host: <129.13.101.152:9618?addrs=129.13.101.152-9618+[2a00-1398-5-fe01--2001]-9618&alias=mdm1.etp.kit.edu&noUDP&sock=startd_3862_96d9>
	SlotName: slot1_19@mdm1.etp.kit.edu
	CondorScratchDir = "/local/scratch/ssd/condor/execute/dir_3341709"
	Cpus = 4
	Disk = 5298931
	Memory = 10112
...
040 (902081.1562.000) 2025-02-08 02:49:15 Started transferring output files
...
040 (902081.1562.000) 2025-02-08 02:49:15 Finished transferring output files
...
004 (902081.1562.000) 2025-02-08 02:49:15 Job was evicted.
	(0) Job terminated and was requeued
		Usr 0 00:00:00, Sys 0 00:00:00  -  Run Remote Usage
		Usr 0 00:00:00, Sys 0 00:00:00  -  Run Local Usage
	1867  -  Run Bytes Sent By Job
	0  -  Run Bytes Received By Job
	(1) Normal termination (return value 1)
	The job attribute OnExitRemove expression 'NumJobCompletions > JobMaxRetries || ExitCode =?= 0' evaluated to FALSE
...
040 (902081.1562.000) 2025-02-08 02:49:17 Finished transferring input files
...
001 (902081.1562.000) 2025-02-08 02:49:18 Job executing on host: <129.13.101.128:9618?addrs=129.13.101.128-9618+[2a00-1398-5-fe01-ae1f-6bff-febb-c206]-9618&alias=ms01.etp.kit.edu&noUDP&sock=startd_1784_410c>
	SlotName: slot1_9@ms01.etp.kit.edu
	CondorScratchDir = "/var/lib/condor/execute/dir_2482673"
	Cpus = 4
	Disk = 1754559
	Memory = 10112
...
040 (902081.1562.000) 2025-02-08 02:49:31 Started transferring output files
...
040 (902081.1562.000) 2025-02-08 02:49:31 Finished transferring output files
...
004 (902081.1562.000) 2025-02-08 02:49:31 Job was evicted.
	(0) Job terminated and was requeued
		Usr 0 00:00:00, Sys 0 00:00:00  -  Run Remote Usage
		Usr 0 00:00:00, Sys 0 00:00:00  -  Run Local Usage
	1867  -  Run Bytes Sent By Job
	0  -  Run Bytes Received By Job
	(1) Normal termination (return value 1)
	The job attribute OnExitRemove expression 'NumJobCompletions > JobMaxRetries || ExitCode =?= 0' evaluated to FALSE
...
040 (902081.1562.000) 2025-02-08 02:49:38 Finished transferring input files
...
001 (902081.1562.000) 2025-02-08 02:49:39 Job executing on host: <129.13.101.152:9618?addrs=129.13.101.152-9618+[2a00-1398-5-fe01--2001]-9618&alias=mdm1.etp.kit.edu&noUDP&sock=startd_3862_96d9>
	SlotName: slot1_54@mdm1.etp.kit.edu
	CondorScratchDir = "/local/scratch/ssd/condor/execute/dir_3424144"
	Cpus = 4
	Disk = 5298931
	Memory = 10112
...
040 (902081.1562.000) 2025-02-08 02:49:51 Started transferring output files
...
040 (902081.1562.000) 2025-02-08 02:49:51 Finished transferring output files
...
005 (902081.1562.000) 2025-02-08 02:49:51 Job terminated.
	(1) Normal termination (return value 1)
		Usr 0 00:00:00, Sys 0 00:00:00  -  Run Remote Usage
		Usr 0 00:00:00, Sys 0 00:00:00  -  Run Local Usage
		Usr 0 00:00:00, Sys 0 00:00:00  -  Total Remote Usage
		Usr 0 00:00:00, Sys 0 00:00:00  -  Total Local Usage
	1867  -  Run Bytes Sent By Job
	0  -  Run Bytes Received By Job
	7468  -  Total Bytes Sent By Job
	0  -  Total Bytes Received By Job
	Partitionable Resources :    Usage  Request Allocated 
	   Cpus                 :        0        4         4 
	   Disk (KB)            :       25  1000000   5298931 
	   Memory (MB)          :             10000     10112 

	Job terminated of its own accord at 2025-02-08T01:49:51Z with exit-code 1.
...
