000 (902081.1424.000) 2025-02-07 20:43:26 Job submitted from host: <129.13.101.151:9618?addrs=129.13.101.151-9618+[2a00-1398-5-fe01-ec4-7aff-fede-e4ae]-9618&alias=bms3.etp.kit.edu&noUDP&sock=schedd_2157_19df>
...
040 (902081.1424.000) 2025-02-08 02:44:55 Finished transferring input files
...
001 (902081.1424.000) 2025-02-08 02:44:56 Job executing on host: <129.13.101.152:9618?addrs=129.13.101.152-9618+[2a00-1398-5-fe01--2001]-9618&alias=mdm1.etp.kit.edu&noUDP&sock=startd_3862_96d9>
	SlotName: slot1_28@mdm1.etp.kit.edu
	CondorScratchDir = "/local/scratch/ssd/condor/execute/dir_2794544"
	Cpus = 4
	Disk = 5298931
	Memory = 10112
...
040 (902081.1424.000) 2025-02-08 02:45:25 Started transferring output files
...
040 (902081.1424.000) 2025-02-08 02:45:25 Finished transferring output files
...
004 (902081.1424.000) 2025-02-08 02:45:25 Job was evicted.
	(0) Job terminated and was requeued
		Usr 0 00:00:00, Sys 0 00:00:00  -  Run Remote Usage
		Usr 0 00:00:00, Sys 0 00:00:00  -  Run Local Usage
	1871  -  Run Bytes Sent By Job
	0  -  Run Bytes Received By Job
	(1) Normal termination (return value 1)
	The job attribute OnExitRemove expression 'NumJobCompletions > JobMaxRetries || ExitCode =?= 0' evaluated to FALSE
...
040 (902081.1424.000) 2025-02-08 02:45:29 Finished transferring input files
...
001 (902081.1424.000) 2025-02-08 02:45:30 Job executing on host: <129.13.101.152:9618?addrs=129.13.101.152-9618+[2a00-1398-5-fe01--2001]-9618&alias=mdm1.etp.kit.edu&noUDP&sock=startd_3862_96d9>
	SlotName: slot1_47@mdm1.etp.kit.edu
	CondorScratchDir = "/local/scratch/ssd/condor/execute/dir_2868289"
	Cpus = 4
	Disk = 5298931
	Memory = 10112
...
040 (902081.1424.000) 2025-02-08 02:45:42 Started transferring output files
...
040 (902081.1424.000) 2025-02-08 02:45:42 Finished transferring output files
...
004 (902081.1424.000) 2025-02-08 02:45:43 Job was evicted.
	(0) Job terminated and was requeued
		Usr 0 00:00:00, Sys 0 00:00:00  -  Run Remote Usage
		Usr 0 00:00:00, Sys 0 00:00:00  -  Run Local Usage
	1871  -  Run Bytes Sent By Job
	0  -  Run Bytes Received By Job
	(1) Normal termination (return value 1)
	The job attribute OnExitRemove expression 'NumJobCompletions > JobMaxRetries || ExitCode =?= 0' evaluated to FALSE
...
040 (902081.1424.000) 2025-02-08 02:45:44 Finished transferring input files
...
001 (902081.1424.000) 2025-02-08 02:45:45 Job executing on host: <129.13.101.129:9618?addrs=129.13.101.129-9618+[2a00-1398-5-fe01-ae1f-6bff-febb-bf0c]-9618&alias=ms02.etp.kit.edu&noUDP&sock=startd_1597_fcd6>
	SlotName: slot1_5@ms02.etp.kit.edu
	CondorScratchDir = "/var/lib/condor/execute/dir_2337820"
	Cpus = 4
	Disk = 1639213
	Memory = 10112
...
040 (902081.1424.000) 2025-02-08 02:46:00 Started transferring output files
...
040 (902081.1424.000) 2025-02-08 02:46:00 Finished transferring output files
...
004 (902081.1424.000) 2025-02-08 02:46:00 Job was evicted.
	(0) Job terminated and was requeued
		Usr 0 00:00:00, Sys 0 00:00:00  -  Run Remote Usage
		Usr 0 00:00:00, Sys 0 00:00:00  -  Run Local Usage
	1871  -  Run Bytes Sent By Job
	0  -  Run Bytes Received By Job
	(1) Normal termination (return value 1)
	The job attribute OnExitRemove expression 'NumJobCompletions > JobMaxRetries || ExitCode =?= 0' evaluated to FALSE
...
040 (902081.1424.000) 2025-02-08 02:46:05 Finished transferring input files
...
001 (902081.1424.000) 2025-02-08 02:46:06 Job executing on host: <129.13.101.129:9618?addrs=129.13.101.129-9618+[2a00-1398-5-fe01-ae1f-6bff-febb-bf0c]-9618&alias=ms02.etp.kit.edu&noUDP&sock=startd_1597_fcd6>
	SlotName: slot1_10@ms02.etp.kit.edu
	CondorScratchDir = "/var/lib/condor/execute/dir_2338148"
	Cpus = 4
	Disk = 1639213
	Memory = 10112
...
040 (902081.1424.000) 2025-02-08 02:46:16 Started transferring output files
...
040 (902081.1424.000) 2025-02-08 02:46:16 Finished transferring output files
...
005 (902081.1424.000) 2025-02-08 02:46:17 Job terminated.
	(1) Normal termination (return value 1)
		Usr 0 00:00:00, Sys 0 00:00:00  -  Run Remote Usage
		Usr 0 00:00:00, Sys 0 00:00:00  -  Run Local Usage
		Usr 0 00:00:00, Sys 0 00:00:00  -  Total Remote Usage
		Usr 0 00:00:00, Sys 0 00:00:00  -  Total Local Usage
	1871  -  Run Bytes Sent By Job
	0  -  Run Bytes Received By Job
	7484  -  Total Bytes Sent By Job
	0  -  Total Bytes Received By Job
	Partitionable Resources :    Usage  Request Allocated 
	   Cpus                 :        0        4         4 
	   Disk (KB)            :       25  1000000   1639213 
	   Memory (MB)          :             10000     10112 

	Job terminated of its own accord at 2025-02-08T01:46:16Z with exit-code 1.
...
