000 (902081.801.000) 2025-02-07 20:43:24 Job submitted from host: <129.13.101.151:9618?addrs=129.13.101.151-9618+[2a00-1398-5-fe01-ec4-7aff-fede-e4ae]-9618&alias=bms3.etp.kit.edu&noUDP&sock=schedd_2157_19df>
...
040 (902081.801.000) 2025-02-08 02:27:22 Finished transferring input files
...
001 (902081.801.000) 2025-02-08 02:27:23 Job executing on host: <129.13.101.128:9618?addrs=129.13.101.128-9618+[2a00-1398-5-fe01-ae1f-6bff-febb-c206]-9618&alias=ms01.etp.kit.edu&noUDP&sock=startd_1784_410c>
	SlotName: slot1_7@ms01.etp.kit.edu
	CondorScratchDir = "/var/lib/condor/execute/dir_3685642"
	Cpus = 4
	Disk = 1754559
	Memory = 10112
...
040 (902081.801.000) 2025-02-08 02:27:37 Started transferring output files
...
040 (902081.801.000) 2025-02-08 02:27:37 Finished transferring output files
...
004 (902081.801.000) 2025-02-08 02:27:37 Job was evicted.
	(0) Job terminated and was requeued
		Usr 0 00:00:00, Sys 0 00:00:00  -  Run Remote Usage
		Usr 0 00:00:00, Sys 0 00:00:00  -  Run Local Usage
	1867  -  Run Bytes Sent By Job
	0  -  Run Bytes Received By Job
	(1) Normal termination (return value 1)
	The job attribute OnExitRemove expression 'NumJobCompletions > JobMaxRetries || ExitCode =?= 0' evaluated to FALSE
...
040 (902081.801.000) 2025-02-08 02:27:37 Finished transferring input files
...
001 (902081.801.000) 2025-02-08 02:27:38 Job executing on host: <129.13.101.131:9618?addrs=129.13.101.131-9618+[2a00-1398-5-fe01-ae1f-6bff-febb-c016]-9618&alias=ms04.etp.kit.edu&noUDP&sock=startd_1624_81e4>
	SlotName: slot1_15@ms04.etp.kit.edu
	CondorScratchDir = "/var/lib/condor/execute/dir_931991"
	Cpus = 4
	Disk = 1702864
	Memory = 10112
...
040 (902081.801.000) 2025-02-08 02:27:51 Started transferring output files
...
040 (902081.801.000) 2025-02-08 02:27:51 Finished transferring output files
...
004 (902081.801.000) 2025-02-08 02:27:51 Job was evicted.
	(0) Job terminated and was requeued
		Usr 0 00:00:00, Sys 0 00:00:00  -  Run Remote Usage
		Usr 0 00:00:00, Sys 0 00:00:00  -  Run Local Usage
	1867  -  Run Bytes Sent By Job
	0  -  Run Bytes Received By Job
	(1) Normal termination (return value 1)
	The job attribute OnExitRemove expression 'NumJobCompletions > JobMaxRetries || ExitCode =?= 0' evaluated to FALSE
...
040 (902081.801.000) 2025-02-08 02:27:54 Finished transferring input files
...
001 (902081.801.000) 2025-02-08 02:27:55 Job executing on host: <129.13.101.128:9618?addrs=129.13.101.128-9618+[2a00-1398-5-fe01-ae1f-6bff-febb-c206]-9618&alias=ms01.etp.kit.edu&noUDP&sock=startd_1784_410c>
	SlotName: slot1_10@ms01.etp.kit.edu
	CondorScratchDir = "/var/lib/condor/execute/dir_3764515"
	Cpus = 4
	Disk = 1754559
	Memory = 10112
...
040 (902081.801.000) 2025-02-08 02:28:08 Started transferring output files
...
040 (902081.801.000) 2025-02-08 02:28:08 Finished transferring output files
...
004 (902081.801.000) 2025-02-08 02:28:09 Job was evicted.
	(0) Job terminated and was requeued
		Usr 0 00:00:00, Sys 0 00:00:00  -  Run Remote Usage
		Usr 0 00:00:00, Sys 0 00:00:00  -  Run Local Usage
	1867  -  Run Bytes Sent By Job
	0  -  Run Bytes Received By Job
	(1) Normal termination (return value 1)
	The job attribute OnExitRemove expression 'NumJobCompletions > JobMaxRetries || ExitCode =?= 0' evaluated to FALSE
...
040 (902081.801.000) 2025-02-08 02:28:10 Finished transferring input files
...
001 (902081.801.000) 2025-02-08 02:28:11 Job executing on host: <129.13.101.128:9618?addrs=129.13.101.128-9618+[2a00-1398-5-fe01-ae1f-6bff-febb-c206]-9618&alias=ms01.etp.kit.edu&noUDP&sock=startd_1784_410c>
	SlotName: slot1_12@ms01.etp.kit.edu
	CondorScratchDir = "/var/lib/condor/execute/dir_3795176"
	Cpus = 4
	Disk = 1754559
	Memory = 10112
...
040 (902081.801.000) 2025-02-08 02:28:22 Started transferring output files
...
040 (902081.801.000) 2025-02-08 02:28:22 Finished transferring output files
...
005 (902081.801.000) 2025-02-08 02:28:22 Job terminated.
	(1) Normal termination (return value 1)
		Usr 0 00:00:00, Sys 0 00:00:00  -  Run Remote Usage
		Usr 0 00:00:00, Sys 0 00:00:00  -  Run Local Usage
		Usr 0 00:00:00, Sys 0 00:00:00  -  Total Remote Usage
		Usr 0 00:00:00, Sys 0 00:00:00  -  Total Local Usage
	1867  -  Run Bytes Sent By Job
	0  -  Run Bytes Received By Job
	7468  -  Total Bytes Sent By Job
	0  -  Total Bytes Received By Job
	Partitionable Resources :    Usage  Request Allocated 
	   Cpus                 :     0.01        4         4 
	   Disk (KB)            :    25     1000000   1754559 
	   Memory (MB)          :             10000     10112 

	Job terminated of its own accord at 2025-02-08T01:28:22Z with exit-code 1.
...
