000 (902081.2175.000) 2025-02-07 20:43:28 Job submitted from host: <129.13.101.151:9618?addrs=129.13.101.151-9618+[2a00-1398-5-fe01-ec4-7aff-fede-e4ae]-9618&alias=bms3.etp.kit.edu&noUDP&sock=schedd_2157_19df>
...
040 (902081.2175.000) 2025-02-08 03:03:28 Finished transferring input files
...
001 (902081.2175.000) 2025-02-08 03:03:29 Job executing on host: <129.13.101.128:9618?addrs=129.13.101.128-9618+[2a00-1398-5-fe01-ae1f-6bff-febb-c206]-9618&alias=ms01.etp.kit.edu&noUDP&sock=startd_1784_410c>
	SlotName: slot1_4@ms01.etp.kit.edu
	CondorScratchDir = "/var/lib/condor/execute/dir_3972244"
	Cpus = 4
	Disk = 1754559
	Memory = 10112
...
040 (902081.2175.000) 2025-02-08 03:03:39 Started transferring output files
...
040 (902081.2175.000) 2025-02-08 03:03:39 Finished transferring output files
...
004 (902081.2175.000) 2025-02-08 03:03:39 Job was evicted.
	(0) Job terminated and was requeued
		Usr 0 00:00:00, Sys 0 00:00:00  -  Run Remote Usage
		Usr 0 00:00:00, Sys 0 00:00:00  -  Run Local Usage
	1867  -  Run Bytes Sent By Job
	0  -  Run Bytes Received By Job
	(1) Normal termination (return value 1)
	The job attribute OnExitRemove expression 'NumJobCompletions > JobMaxRetries || ExitCode =?= 0' evaluated to FALSE
...
040 (902081.2175.000) 2025-02-08 03:03:40 Finished transferring input files
...
001 (902081.2175.000) 2025-02-08 03:03:41 Job executing on host: <129.13.101.129:9618?addrs=129.13.101.129-9618+[2a00-1398-5-fe01-ae1f-6bff-febb-bf0c]-9618&alias=ms02.etp.kit.edu&noUDP&sock=startd_1597_fcd6>
	SlotName: slot1_3@ms02.etp.kit.edu
	CondorScratchDir = "/var/lib/condor/execute/dir_2379092"
	Cpus = 4
	Disk = 1639213
	Memory = 10112
...
040 (902081.2175.000) 2025-02-08 03:03:51 Started transferring output files
...
040 (902081.2175.000) 2025-02-08 03:03:51 Finished transferring output files
...
004 (902081.2175.000) 2025-02-08 03:03:52 Job was evicted.
	(0) Job terminated and was requeued
		Usr 0 00:00:00, Sys 0 00:00:00  -  Run Remote Usage
		Usr 0 00:00:00, Sys 0 00:00:00  -  Run Local Usage
	1867  -  Run Bytes Sent By Job
	0  -  Run Bytes Received By Job
	(1) Normal termination (return value 1)
	The job attribute OnExitRemove expression 'NumJobCompletions > JobMaxRetries || ExitCode =?= 0' evaluated to FALSE
...
040 (902081.2175.000) 2025-02-08 03:03:54 Finished transferring input files
...
001 (902081.2175.000) 2025-02-08 03:03:55 Job executing on host: <129.13.101.131:9618?addrs=129.13.101.131-9618+[2a00-1398-5-fe01-ae1f-6bff-febb-c016]-9618&alias=ms04.etp.kit.edu&noUDP&sock=startd_1624_81e4>
	SlotName: slot1_6@ms04.etp.kit.edu
	CondorScratchDir = "/var/lib/condor/execute/dir_2404443"
	Cpus = 4
	Disk = 1702864
	Memory = 10112
...
040 (902081.2175.000) 2025-02-08 03:04:06 Started transferring output files
...
040 (902081.2175.000) 2025-02-08 03:04:06 Finished transferring output files
...
004 (902081.2175.000) 2025-02-08 03:04:06 Job was evicted.
	(0) Job terminated and was requeued
		Usr 0 00:00:00, Sys 0 00:00:00  -  Run Remote Usage
		Usr 0 00:00:00, Sys 0 00:00:00  -  Run Local Usage
	1867  -  Run Bytes Sent By Job
	0  -  Run Bytes Received By Job
	(1) Normal termination (return value 1)
	The job attribute OnExitRemove expression 'NumJobCompletions > JobMaxRetries || ExitCode =?= 0' evaluated to FALSE
...
040 (902081.2175.000) 2025-02-08 03:04:11 Finished transferring input files
...
001 (902081.2175.000) 2025-02-08 03:04:12 Job executing on host: <129.13.101.128:9618?addrs=129.13.101.128-9618+[2a00-1398-5-fe01-ae1f-6bff-febb-c206]-9618&alias=ms01.etp.kit.edu&noUDP&sock=startd_1784_410c>
	SlotName: slot1_7@ms01.etp.kit.edu
	CondorScratchDir = "/var/lib/condor/execute/dir_4043438"
	Cpus = 4
	Disk = 1754559
	Memory = 10112
...
040 (902081.2175.000) 2025-02-08 03:04:22 Started transferring output files
...
040 (902081.2175.000) 2025-02-08 03:04:22 Finished transferring output files
...
005 (902081.2175.000) 2025-02-08 03:04:22 Job terminated.
	(1) Normal termination (return value 1)
		Usr 0 00:00:00, Sys 0 00:00:00  -  Run Remote Usage
		Usr 0 00:00:00, Sys 0 00:00:00  -  Run Local Usage
		Usr 0 00:00:00, Sys 0 00:00:00  -  Total Remote Usage
		Usr 0 00:00:00, Sys 0 00:00:00  -  Total Local Usage
	1867  -  Run Bytes Sent By Job
	0  -  Run Bytes Received By Job
	7468  -  Total Bytes Sent By Job
	0  -  Total Bytes Received By Job
	Partitionable Resources :    Usage  Request Allocated 
	   Cpus                 :        0        4         4 
	   Disk (KB)            :       25  1000000   1754559 
	   Memory (MB)          :             10000     10112 

	Job terminated of its own accord at 2025-02-08T02:04:22Z with exit-code 1.
...
