000 (902081.385.000) 2025-02-07 20:43:23 Job submitted from host: <129.13.101.151:9618?addrs=129.13.101.151-9618+[2a00-1398-5-fe01-ec4-7aff-fede-e4ae]-9618&alias=bms3.etp.kit.edu&noUDP&sock=schedd_2157_19df>
...
040 (902081.385.000) 2025-02-08 02:14:53 Finished transferring input files
...
001 (902081.385.000) 2025-02-08 02:14:54 Job executing on host: <129.13.101.131:9618?addrs=129.13.101.131-9618+[2a00-1398-5-fe01-ae1f-6bff-febb-c016]-9618&alias=ms04.etp.kit.edu&noUDP&sock=startd_1624_81e4>
	SlotName: slot1_15@ms04.etp.kit.edu
	CondorScratchDir = "/var/lib/condor/execute/dir_4146349"
	Cpus = 4
	Disk = 1702864
	Memory = 10112
...
040 (902081.385.000) 2025-02-08 02:15:07 Started transferring output files
...
040 (902081.385.000) 2025-02-08 02:15:07 Finished transferring output files
...
004 (902081.385.000) 2025-02-08 02:15:07 Job was evicted.
	(0) Job terminated and was requeued
		Usr 0 00:00:00, Sys 0 00:00:00  -  Run Remote Usage
		Usr 0 00:00:00, Sys 0 00:00:00  -  Run Local Usage
	1867  -  Run Bytes Sent By Job
	0  -  Run Bytes Received By Job
	(1) Normal termination (return value 1)
	The job attribute OnExitRemove expression 'NumJobCompletions > JobMaxRetries || ExitCode =?= 0' evaluated to FALSE
...
040 (902081.385.000) 2025-02-08 02:15:08 Finished transferring input files
...
001 (902081.385.000) 2025-02-08 02:15:09 Job executing on host: <129.13.101.130:9618?addrs=129.13.101.130-9618+[2a00-1398-5-fe01-ae1f-6bff-febb-bf2e]-9618&alias=ms03.etp.kit.edu&noUDP&sock=startd_1620_c383>
	SlotName: slot1_7@ms03.etp.kit.edu
	CondorScratchDir = "/var/lib/condor/execute/dir_2086170"
	Cpus = 4
	Disk = 1704070
	Memory = 10112
...
040 (902081.385.000) 2025-02-08 02:15:19 Started transferring output files
...
040 (902081.385.000) 2025-02-08 02:15:19 Finished transferring output files
...
004 (902081.385.000) 2025-02-08 02:15:19 Job was evicted.
	(0) Job terminated and was requeued
		Usr 0 00:00:00, Sys 0 00:00:00  -  Run Remote Usage
		Usr 0 00:00:00, Sys 0 00:00:00  -  Run Local Usage
	1867  -  Run Bytes Sent By Job
	0  -  Run Bytes Received By Job
	(1) Normal termination (return value 1)
	The job attribute OnExitRemove expression 'NumJobCompletions > JobMaxRetries || ExitCode =?= 0' evaluated to FALSE
...
040 (902081.385.000) 2025-02-08 02:15:20 Finished transferring input files
...
001 (902081.385.000) 2025-02-08 02:15:21 Job executing on host: <129.13.101.152:9618?addrs=129.13.101.152-9618+[2a00-1398-5-fe01--2001]-9618&alias=mdm1.etp.kit.edu&noUDP&sock=startd_3862_96d9>
	SlotName: slot1_61@mdm1.etp.kit.edu
	CondorScratchDir = "/local/scratch/ssd/condor/execute/dir_3735182"
	Cpus = 4
	Disk = 5298931
	Memory = 10112
...
040 (902081.385.000) 2025-02-08 02:15:35 Started transferring output files
...
040 (902081.385.000) 2025-02-08 02:15:35 Finished transferring output files
...
004 (902081.385.000) 2025-02-08 02:15:35 Job was evicted.
	(0) Job terminated and was requeued
		Usr 0 00:00:00, Sys 0 00:00:00  -  Run Remote Usage
		Usr 0 00:00:00, Sys 0 00:00:00  -  Run Local Usage
	1867  -  Run Bytes Sent By Job
	0  -  Run Bytes Received By Job
	(1) Normal termination (return value 1)
	The job attribute OnExitRemove expression 'NumJobCompletions > JobMaxRetries || ExitCode =?= 0' evaluated to FALSE
...
040 (902081.385.000) 2025-02-08 02:15:35 Finished transferring input files
...
001 (902081.385.000) 2025-02-08 02:15:36 Job executing on host: <129.13.101.128:9618?addrs=129.13.101.128-9618+[2a00-1398-5-fe01-ae1f-6bff-febb-c206]-9618&alias=ms01.etp.kit.edu&noUDP&sock=startd_1784_410c>
	SlotName: slot1_18@ms01.etp.kit.edu
	CondorScratchDir = "/var/lib/condor/execute/dir_2122335"
	Cpus = 4
	Disk = 1754559
	Memory = 10112
...
040 (902081.385.000) 2025-02-08 02:15:46 Started transferring output files
...
040 (902081.385.000) 2025-02-08 02:15:46 Finished transferring output files
...
005 (902081.385.000) 2025-02-08 02:15:47 Job terminated.
	(1) Normal termination (return value 1)
		Usr 0 00:00:00, Sys 0 00:00:00  -  Run Remote Usage
		Usr 0 00:00:00, Sys 0 00:00:00  -  Run Local Usage
		Usr 0 00:00:00, Sys 0 00:00:00  -  Total Remote Usage
		Usr 0 00:00:00, Sys 0 00:00:00  -  Total Local Usage
	1867  -  Run Bytes Sent By Job
	0  -  Run Bytes Received By Job
	7468  -  Total Bytes Sent By Job
	0  -  Total Bytes Received By Job
	Partitionable Resources :    Usage  Request Allocated 
	   Cpus                 :        0        4         4 
	   Disk (KB)            :       25  1000000   1754559 
	   Memory (MB)          :             10000     10112 

	Job terminated of its own accord at 2025-02-08T01:15:46Z with exit-code 1.
...
