000 (902081.707.000) 2025-02-07 20:43:24 Job submitted from host: <129.13.101.151:9618?addrs=129.13.101.151-9618+[2a00-1398-5-fe01-ec4-7aff-fede-e4ae]-9618&alias=bms3.etp.kit.edu&noUDP&sock=schedd_2157_19df>
...
040 (902081.707.000) 2025-02-08 02:24:26 Finished transferring input files
...
001 (902081.707.000) 2025-02-08 02:24:27 Job executing on host: <129.13.101.128:9618?addrs=129.13.101.128-9618+[2a00-1398-5-fe01-ae1f-6bff-febb-c206]-9618&alias=ms01.etp.kit.edu&noUDP&sock=startd_1784_410c>
	SlotName: slot1_3@ms01.etp.kit.edu
	CondorScratchDir = "/var/lib/condor/execute/dir_3298502"
	Cpus = 4
	Disk = 1754559
	Memory = 10112
...
040 (902081.707.000) 2025-02-08 02:25:16 Started transferring output files
...
040 (902081.707.000) 2025-02-08 02:25:16 Finished transferring output files
...
005 (902081.707.000) 2025-02-08 02:25:17 Job terminated.
	(1) Normal termination (return value 0)
		Usr 0 00:00:00, Sys 0 00:00:00  -  Run Remote Usage
		Usr 0 00:00:00, Sys 0 00:00:00  -  Run Local Usage
		Usr 0 00:00:00, Sys 0 00:00:00  -  Total Remote Usage
		Usr 0 00:00:00, Sys 0 00:00:00  -  Total Local Usage
	2396  -  Run Bytes Sent By Job
	0  -  Run Bytes Received By Job
	2396  -  Total Bytes Sent By Job
	0  -  Total Bytes Received By Job
	Partitionable Resources :    Usage  Request Allocated 
	   Cpus                 :        0        4         4 
	   Disk (KB)            :       24  1000000   1754559 
	   Memory (MB)          :             10000     10112 

	Job terminated of its own accord at 2025-02-08T01:25:16Z with exit-code 0.
...
