000 (902081.327.000) 2025-02-07 20:43:23 Job submitted from host: <129.13.101.151:9618?addrs=129.13.101.151-9618+[2a00-1398-5-fe01-ec4-7aff-fede-e4ae]-9618&alias=bms3.etp.kit.edu&noUDP&sock=schedd_2157_19df>
...
040 (902081.327.000) 2025-02-08 02:13:15 Finished transferring input files
...
001 (902081.327.000) 2025-02-08 02:13:16 Job executing on host: <129.13.101.128:9618?addrs=129.13.101.128-9618+[2a00-1398-5-fe01-ae1f-6bff-febb-c206]-9618&alias=ms01.etp.kit.edu&noUDP&sock=startd_1784_410c>
	SlotName: slot1_15@ms01.etp.kit.edu
	CondorScratchDir = "/var/lib/condor/execute/dir_1804556"
	Cpus = 4
	Disk = 1754559
	Memory = 10112
...
040 (902081.327.000) 2025-02-08 02:13:28 Started transferring output files
...
040 (902081.327.000) 2025-02-08 02:13:28 Finished transferring output files
...
004 (902081.327.000) 2025-02-08 02:13:28 Job was evicted.
	(0) Job terminated and was requeued
		Usr 0 00:00:00, Sys 0 00:00:00  -  Run Remote Usage
		Usr 0 00:00:00, Sys 0 00:00:00  -  Run Local Usage
	1871  -  Run Bytes Sent By Job
	0  -  Run Bytes Received By Job
	(1) Normal termination (return value 1)
	The job attribute OnExitRemove expression 'NumJobCompletions > JobMaxRetries || ExitCode =?= 0' evaluated to FALSE
...
040 (902081.327.000) 2025-02-08 02:13:30 Finished transferring input files
...
001 (902081.327.000) 2025-02-08 02:13:31 Job executing on host: <129.13.101.130:9618?addrs=129.13.101.130-9618+[2a00-1398-5-fe01-ae1f-6bff-febb-bf2e]-9618&alias=ms03.etp.kit.edu&noUDP&sock=startd_1620_c383>
	SlotName: slot1_12@ms03.etp.kit.edu
	CondorScratchDir = "/var/lib/condor/execute/dir_1957350"
	Cpus = 4
	Disk = 1704070
	Memory = 10112
...
040 (902081.327.000) 2025-02-08 02:13:45 Started transferring output files
...
040 (902081.327.000) 2025-02-08 02:13:45 Finished transferring output files
...
004 (902081.327.000) 2025-02-08 02:13:45 Job was evicted.
	(0) Job terminated and was requeued
		Usr 0 00:00:00, Sys 0 00:00:00  -  Run Remote Usage
		Usr 0 00:00:00, Sys 0 00:00:00  -  Run Local Usage
	1871  -  Run Bytes Sent By Job
	0  -  Run Bytes Received By Job
	(1) Normal termination (return value 1)
	The job attribute OnExitRemove expression 'NumJobCompletions > JobMaxRetries || ExitCode =?= 0' evaluated to FALSE
...
040 (902081.327.000) 2025-02-08 02:13:49 Finished transferring input files
...
001 (902081.327.000) 2025-02-08 02:13:50 Job executing on host: <129.13.101.129:9618?addrs=129.13.101.129-9618+[2a00-1398-5-fe01-ae1f-6bff-febb-bf0c]-9618&alias=ms02.etp.kit.edu&noUDP&sock=startd_1597_fcd6>
	SlotName: slot1_8@ms02.etp.kit.edu
	CondorScratchDir = "/var/lib/condor/execute/dir_2272578"
	Cpus = 4
	Disk = 1639213
	Memory = 10112
...
040 (902081.327.000) 2025-02-08 02:14:01 Started transferring output files
...
040 (902081.327.000) 2025-02-08 02:14:01 Finished transferring output files
...
004 (902081.327.000) 2025-02-08 02:14:01 Job was evicted.
	(0) Job terminated and was requeued
		Usr 0 00:00:00, Sys 0 00:00:00  -  Run Remote Usage
		Usr 0 00:00:00, Sys 0 00:00:00  -  Run Local Usage
	1871  -  Run Bytes Sent By Job
	0  -  Run Bytes Received By Job
	(1) Normal termination (return value 1)
	The job attribute OnExitRemove expression 'NumJobCompletions > JobMaxRetries || ExitCode =?= 0' evaluated to FALSE
...
040 (902081.327.000) 2025-02-08 02:14:02 Finished transferring input files
...
001 (902081.327.000) 2025-02-08 02:14:03 Job executing on host: <129.13.101.129:9618?addrs=129.13.101.129-9618+[2a00-1398-5-fe01-ae1f-6bff-febb-bf0c]-9618&alias=ms02.etp.kit.edu&noUDP&sock=startd_1597_fcd6>
	SlotName: slot1_7@ms02.etp.kit.edu
	CondorScratchDir = "/var/lib/condor/execute/dir_2273327"
	Cpus = 4
	Disk = 1639213
	Memory = 10112
...
040 (902081.327.000) 2025-02-08 02:14:13 Started transferring output files
...
040 (902081.327.000) 2025-02-08 02:14:13 Finished transferring output files
...
005 (902081.327.000) 2025-02-08 02:14:13 Job terminated.
	(1) Normal termination (return value 1)
		Usr 0 00:00:00, Sys 0 00:00:00  -  Run Remote Usage
		Usr 0 00:00:00, Sys 0 00:00:00  -  Run Local Usage
		Usr 0 00:00:00, Sys 0 00:00:00  -  Total Remote Usage
		Usr 0 00:00:00, Sys 0 00:00:00  -  Total Local Usage
	1871  -  Run Bytes Sent By Job
	0  -  Run Bytes Received By Job
	7484  -  Total Bytes Sent By Job
	0  -  Total Bytes Received By Job
	Partitionable Resources :    Usage  Request Allocated 
	   Cpus                 :     0.00        4         4 
	   Disk (KB)            :    25     1000000   1639213 
	   Memory (MB)          :             10000     10112 

	Job terminated of its own accord at 2025-02-08T01:14:13Z with exit-code 1.
...
