000 (902081.1223.000) 2025-02-07 20:43:25 Job submitted from host: <129.13.101.151:9618?addrs=129.13.101.151-9618+[2a00-1398-5-fe01-ec4-7aff-fede-e4ae]-9618&alias=bms3.etp.kit.edu&noUDP&sock=schedd_2157_19df>
...
040 (902081.1223.000) 2025-02-08 02:40:16 Finished transferring input files
...
001 (902081.1223.000) 2025-02-08 02:40:17 Job executing on host: <129.13.101.131:9618?addrs=129.13.101.131-9618+[2a00-1398-5-fe01-ae1f-6bff-febb-c016]-9618&alias=ms04.etp.kit.edu&noUDP&sock=startd_1624_81e4>
	SlotName: slot1_15@ms04.etp.kit.edu
	CondorScratchDir = "/var/lib/condor/execute/dir_1889757"
	Cpus = 4
	Disk = 1702864
	Memory = 10112
...
040 (902081.1223.000) 2025-02-08 02:41:01 Started transferring output files
...
040 (902081.1223.000) 2025-02-08 02:41:01 Finished transferring output files
...
005 (902081.1223.000) 2025-02-08 02:41:02 Job terminated.
	(1) Normal termination (return value 0)
		Usr 0 00:00:00, Sys 0 00:00:00  -  Run Remote Usage
		Usr 0 00:00:00, Sys 0 00:00:00  -  Run Local Usage
		Usr 0 00:00:00, Sys 0 00:00:00  -  Total Remote Usage
		Usr 0 00:00:00, Sys 0 00:00:00  -  Total Local Usage
	2438  -  Run Bytes Sent By Job
	0  -  Run Bytes Received By Job
	2438  -  Total Bytes Sent By Job
	0  -  Total Bytes Received By Job
	Partitionable Resources :    Usage  Request Allocated 
	   Cpus                 :     0.00        4         4 
	   Disk (KB)            :    25     1000000   1702864 
	   Memory (MB)          :             10000     10112 

	Job terminated of its own accord at 2025-02-08T01:41:01Z with exit-code 0.
...
