000 (902081.2083.000) 2025-02-07 20:43:27 Job submitted from host: <129.13.101.151:9618?addrs=129.13.101.151-9618+[2a00-1398-5-fe01-ec4-7aff-fede-e4ae]-9618&alias=bms3.etp.kit.edu&noUDP&sock=schedd_2157_19df>
...
040 (902081.2083.000) 2025-02-08 03:01:28 Finished transferring input files
...
001 (902081.2083.000) 2025-02-08 03:01:29 Job executing on host: <129.13.101.131:9618?addrs=129.13.101.131-9618+[2a00-1398-5-fe01-ae1f-6bff-febb-c016]-9618&alias=ms04.etp.kit.edu&noUDP&sock=startd_1624_81e4>
	SlotName: slot1_8@ms04.etp.kit.edu
	CondorScratchDir = "/var/lib/condor/execute/dir_2366031"
	Cpus = 4
	Disk = 1702864
	Memory = 10112
...
040 (902081.2083.000) 2025-02-08 03:01:40 Started transferring output files
...
040 (902081.2083.000) 2025-02-08 03:01:40 Finished transferring output files
...
004 (902081.2083.000) 2025-02-08 03:01:40 Job was evicted.
	(0) Job terminated and was requeued
		Usr 0 00:00:00, Sys 0 00:00:00  -  Run Remote Usage
		Usr 0 00:00:00, Sys 0 00:00:00  -  Run Local Usage
	1871  -  Run Bytes Sent By Job
	0  -  Run Bytes Received By Job
	(1) Normal termination (return value 1)
	The job attribute OnExitRemove expression 'NumJobCompletions > JobMaxRetries || ExitCode =?= 0' evaluated to FALSE
...
040 (902081.2083.000) 2025-02-08 03:01:41 Finished transferring input files
...
001 (902081.2083.000) 2025-02-08 03:01:42 Job executing on host: <129.13.101.129:9618?addrs=129.13.101.129-9618+[2a00-1398-5-fe01-ae1f-6bff-febb-bf0c]-9618&alias=ms02.etp.kit.edu&noUDP&sock=startd_1597_fcd6>
	SlotName: slot1_5@ms02.etp.kit.edu
	CondorScratchDir = "/var/lib/condor/execute/dir_2373959"
	Cpus = 4
	Disk = 1639213
	Memory = 10112
...
040 (902081.2083.000) 2025-02-08 03:01:56 Started transferring output files
...
040 (902081.2083.000) 2025-02-08 03:01:56 Finished transferring output files
...
004 (902081.2083.000) 2025-02-08 03:01:57 Job was evicted.
	(0) Job terminated and was requeued
		Usr 0 00:00:00, Sys 0 00:00:00  -  Run Remote Usage
		Usr 0 00:00:00, Sys 0 00:00:00  -  Run Local Usage
	1871  -  Run Bytes Sent By Job
	0  -  Run Bytes Received By Job
	(1) Normal termination (return value 1)
	The job attribute OnExitRemove expression 'NumJobCompletions > JobMaxRetries || ExitCode =?= 0' evaluated to FALSE
...
040 (902081.2083.000) 2025-02-08 03:01:58 Finished transferring input files
...
001 (902081.2083.000) 2025-02-08 03:01:59 Job executing on host: <129.13.101.129:9618?addrs=129.13.101.129-9618+[2a00-1398-5-fe01-ae1f-6bff-febb-bf0c]-9618&alias=ms02.etp.kit.edu&noUDP&sock=startd_1597_fcd6>
	SlotName: slot1_3@ms02.etp.kit.edu
	CondorScratchDir = "/var/lib/condor/execute/dir_2374681"
	Cpus = 4
	Disk = 1639213
	Memory = 10112
...
040 (902081.2083.000) 2025-02-08 03:02:10 Started transferring output files
...
040 (902081.2083.000) 2025-02-08 03:02:10 Finished transferring output files
...
004 (902081.2083.000) 2025-02-08 03:02:10 Job was evicted.
	(0) Job terminated and was requeued
		Usr 0 00:00:00, Sys 0 00:00:00  -  Run Remote Usage
		Usr 0 00:00:00, Sys 0 00:00:00  -  Run Local Usage
	1871  -  Run Bytes Sent By Job
	0  -  Run Bytes Received By Job
	(1) Normal termination (return value 1)
	The job attribute OnExitRemove expression 'NumJobCompletions > JobMaxRetries || ExitCode =?= 0' evaluated to FALSE
...
040 (902081.2083.000) 2025-02-08 03:02:12 Finished transferring input files
...
001 (902081.2083.000) 2025-02-08 03:02:13 Job executing on host: <129.13.101.128:9618?addrs=129.13.101.128-9618+[2a00-1398-5-fe01-ae1f-6bff-febb-c206]-9618&alias=ms01.etp.kit.edu&noUDP&sock=startd_1784_410c>
	SlotName: slot1_8@ms01.etp.kit.edu
	CondorScratchDir = "/var/lib/condor/execute/dir_3845671"
	Cpus = 4
	Disk = 1754559
	Memory = 10112
...
040 (902081.2083.000) 2025-02-08 03:02:24 Started transferring output files
...
040 (902081.2083.000) 2025-02-08 03:02:24 Finished transferring output files
...
005 (902081.2083.000) 2025-02-08 03:02:24 Job terminated.
	(1) Normal termination (return value 1)
		Usr 0 00:00:00, Sys 0 00:00:00  -  Run Remote Usage
		Usr 0 00:00:00, Sys 0 00:00:00  -  Run Local Usage
		Usr 0 00:00:00, Sys 0 00:00:00  -  Total Remote Usage
		Usr 0 00:00:00, Sys 0 00:00:00  -  Total Local Usage
	1871  -  Run Bytes Sent By Job
	0  -  Run Bytes Received By Job
	7484  -  Total Bytes Sent By Job
	0  -  Total Bytes Received By Job
	Partitionable Resources :    Usage  Request Allocated 
	   Cpus                 :     0.05        4         4 
	   Disk (KB)            :    25     1000000   1754559 
	   Memory (MB)          :             10000     10112 

	Job terminated of its own accord at 2025-02-08T02:02:24Z with exit-code 1.
...
