000 (902076.1766.000) 2025-02-07 20:35:26 Job submitted from host: <129.13.101.151:9618?addrs=129.13.101.151-9618+[2a00-1398-5-fe01-ec4-7aff-fede-e4ae]-9618&alias=bms3.etp.kit.edu&noUDP&sock=schedd_2157_19df>
...
040 (902076.1766.000) 2025-02-08 00:39:02 Finished transferring input files
...
001 (902076.1766.000) 2025-02-08 00:39:03 Job executing on host: <129.13.101.129:9618?addrs=129.13.101.129-9618+[2a00-1398-5-fe01-ae1f-6bff-febb-bf0c]-9618&alias=ms02.etp.kit.edu&noUDP&sock=startd_1597_fcd6>
	SlotName: slot1_12@ms02.etp.kit.edu
	CondorScratchDir = "/var/lib/condor/execute/dir_2094119"
	Cpus = 4
	Disk = 1639213
	Memory = 10112
...
040 (902076.1766.000) 2025-02-08 00:39:16 Started transferring output files
...
040 (902076.1766.000) 2025-02-08 00:39:16 Finished transferring output files
...
004 (902076.1766.000) 2025-02-08 00:39:16 Job was evicted.
	(0) Job terminated and was requeued
		Usr 0 00:00:00, Sys 0 00:00:00  -  Run Remote Usage
		Usr 0 00:00:00, Sys 0 00:00:00  -  Run Local Usage
	1867  -  Run Bytes Sent By Job
	0  -  Run Bytes Received By Job
	(1) Normal termination (return value 1)
	The job attribute OnExitRemove expression 'NumJobCompletions > JobMaxRetries || ExitCode =?= 0' evaluated to FALSE
...
040 (902076.1766.000) 2025-02-08 00:39:16 Finished transferring input files
...
001 (902076.1766.000) 2025-02-08 00:39:17 Job executing on host: <129.13.101.152:9618?addrs=129.13.101.152-9618+[2a00-1398-5-fe01--2001]-9618&alias=mdm1.etp.kit.edu&noUDP&sock=startd_3862_96d9>
	SlotName: slot1_64@mdm1.etp.kit.edu
	CondorScratchDir = "/local/scratch/ssd/condor/execute/dir_1256808"
	Cpus = 4
	Disk = 5298931
	Memory = 10112
...
040 (902076.1766.000) 2025-02-08 00:39:30 Started transferring output files
...
040 (902076.1766.000) 2025-02-08 00:39:30 Finished transferring output files
...
004 (902076.1766.000) 2025-02-08 00:39:31 Job was evicted.
	(0) Job terminated and was requeued
		Usr 0 00:00:00, Sys 0 00:00:00  -  Run Remote Usage
		Usr 0 00:00:00, Sys 0 00:00:00  -  Run Local Usage
	1867  -  Run Bytes Sent By Job
	0  -  Run Bytes Received By Job
	(1) Normal termination (return value 1)
	The job attribute OnExitRemove expression 'NumJobCompletions > JobMaxRetries || ExitCode =?= 0' evaluated to FALSE
...
040 (902076.1766.000) 2025-02-08 00:39:39 Finished transferring input files
...
001 (902076.1766.000) 2025-02-08 00:39:40 Job executing on host: <129.13.101.131:9618?addrs=129.13.101.131-9618+[2a00-1398-5-fe01-ae1f-6bff-febb-c016]-9618&alias=ms04.etp.kit.edu&noUDP&sock=startd_1624_81e4>
	SlotName: slot1_8@ms04.etp.kit.edu
	CondorScratchDir = "/var/lib/condor/execute/dir_2931321"
	Cpus = 4
	Disk = 1702864
	Memory = 10112
...
040 (902076.1766.000) 2025-02-08 00:39:55 Started transferring output files
...
040 (902076.1766.000) 2025-02-08 00:39:55 Finished transferring output files
...
004 (902076.1766.000) 2025-02-08 00:39:56 Job was evicted.
	(0) Job terminated and was requeued
		Usr 0 00:00:00, Sys 0 00:00:00  -  Run Remote Usage
		Usr 0 00:00:00, Sys 0 00:00:00  -  Run Local Usage
	1867  -  Run Bytes Sent By Job
	0  -  Run Bytes Received By Job
	(1) Normal termination (return value 1)
	The job attribute OnExitRemove expression 'NumJobCompletions > JobMaxRetries || ExitCode =?= 0' evaluated to FALSE
...
040 (902076.1766.000) 2025-02-08 00:39:56 Finished transferring input files
...
001 (902076.1766.000) 2025-02-08 00:39:57 Job executing on host: <129.13.101.130:9618?addrs=129.13.101.130-9618+[2a00-1398-5-fe01-ae1f-6bff-febb-bf2e]-9618&alias=ms03.etp.kit.edu&noUDP&sock=startd_1620_c383>
	SlotName: slot1_9@ms03.etp.kit.edu
	CondorScratchDir = "/var/lib/condor/execute/dir_1647959"
	Cpus = 4
	Disk = 1704070
	Memory = 10112
...
040 (902076.1766.000) 2025-02-08 00:40:11 Started transferring output files
...
040 (902076.1766.000) 2025-02-08 00:40:11 Finished transferring output files
...
005 (902076.1766.000) 2025-02-08 00:40:11 Job terminated.
	(1) Normal termination (return value 1)
		Usr 0 00:00:00, Sys 0 00:00:00  -  Run Remote Usage
		Usr 0 00:00:00, Sys 0 00:00:00  -  Run Local Usage
		Usr 0 00:00:00, Sys 0 00:00:00  -  Total Remote Usage
		Usr 0 00:00:00, Sys 0 00:00:00  -  Total Local Usage
	1867  -  Run Bytes Sent By Job
	0  -  Run Bytes Received By Job
	7468  -  Total Bytes Sent By Job
	0  -  Total Bytes Received By Job
	Partitionable Resources :    Usage  Request Allocated 
	   Cpus                 :     0.06        4         4 
	   Disk (KB)            :    25     1000000   1704070 
	   Memory (MB)          :             10000     10112 

	Job terminated of its own accord at 2025-02-07T23:40:11Z with exit-code 1.
...
