000 (902076.1144.000) 2025-02-07 20:35:24 Job submitted from host: <129.13.101.151:9618?addrs=129.13.101.151-9618+[2a00-1398-5-fe01-ec4-7aff-fede-e4ae]-9618&alias=bms3.etp.kit.edu&noUDP&sock=schedd_2157_19df>
...
040 (902076.1144.000) 2025-02-08 00:15:00 Finished transferring input files
...
001 (902076.1144.000) 2025-02-08 00:15:01 Job executing on host: <129.13.101.131:9618?addrs=129.13.101.131-9618+[2a00-1398-5-fe01-ae1f-6bff-febb-c016]-9618&alias=ms04.etp.kit.edu&noUDP&sock=startd_1624_81e4>
	SlotName: slot1_9@ms04.etp.kit.edu
	CondorScratchDir = "/var/lib/condor/execute/dir_1226153"
	Cpus = 4
	Disk = 1702864
	Memory = 10112
...
040 (902076.1144.000) 2025-02-08 00:15:10 Started transferring output files
...
040 (902076.1144.000) 2025-02-08 00:15:10 Finished transferring output files
...
004 (902076.1144.000) 2025-02-08 00:15:11 Job was evicted.
	(0) Job terminated and was requeued
		Usr 0 00:00:00, Sys 0 00:00:00  -  Run Remote Usage
		Usr 0 00:00:00, Sys 0 00:00:00  -  Run Local Usage
	1867  -  Run Bytes Sent By Job
	0  -  Run Bytes Received By Job
	(1) Normal termination (return value 1)
	The job attribute OnExitRemove expression 'NumJobCompletions > JobMaxRetries || ExitCode =?= 0' evaluated to FALSE
...
040 (902076.1144.000) 2025-02-08 00:15:14 Finished transferring input files
...
001 (902076.1144.000) 2025-02-08 00:15:15 Job executing on host: <129.13.101.131:9618?addrs=129.13.101.131-9618+[2a00-1398-5-fe01-ae1f-6bff-febb-c016]-9618&alias=ms04.etp.kit.edu&noUDP&sock=startd_1624_81e4>
	SlotName: slot1_11@ms04.etp.kit.edu
	CondorScratchDir = "/var/lib/condor/execute/dir_1255293"
	Cpus = 4
	Disk = 1702864
	Memory = 10112
...
040 (902076.1144.000) 2025-02-08 00:15:24 Started transferring output files
...
040 (902076.1144.000) 2025-02-08 00:15:24 Finished transferring output files
...
004 (902076.1144.000) 2025-02-08 00:15:24 Job was evicted.
	(0) Job terminated and was requeued
		Usr 0 00:00:00, Sys 0 00:00:00  -  Run Remote Usage
		Usr 0 00:00:00, Sys 0 00:00:00  -  Run Local Usage
	1867  -  Run Bytes Sent By Job
	0  -  Run Bytes Received By Job
	(1) Normal termination (return value 1)
	The job attribute OnExitRemove expression 'NumJobCompletions > JobMaxRetries || ExitCode =?= 0' evaluated to FALSE
...
040 (902076.1144.000) 2025-02-08 00:15:25 Finished transferring input files
...
001 (902076.1144.000) 2025-02-08 00:15:26 Job executing on host: <129.13.101.129:9618?addrs=129.13.101.129-9618+[2a00-1398-5-fe01-ae1f-6bff-febb-bf0c]-9618&alias=ms02.etp.kit.edu&noUDP&sock=startd_1597_fcd6>
	SlotName: slot1_11@ms02.etp.kit.edu
	CondorScratchDir = "/var/lib/condor/execute/dir_2048479"
	Cpus = 4
	Disk = 1639213
	Memory = 10112
...
040 (902076.1144.000) 2025-02-08 00:15:35 Started transferring output files
...
040 (902076.1144.000) 2025-02-08 00:15:35 Finished transferring output files
...
004 (902076.1144.000) 2025-02-08 00:15:37 Job was evicted.
	(0) Job terminated and was requeued
		Usr 0 00:00:00, Sys 0 00:00:00  -  Run Remote Usage
		Usr 0 00:00:00, Sys 0 00:00:00  -  Run Local Usage
	1867  -  Run Bytes Sent By Job
	0  -  Run Bytes Received By Job
	(1) Normal termination (return value 1)
	The job attribute OnExitRemove expression 'NumJobCompletions > JobMaxRetries || ExitCode =?= 0' evaluated to FALSE
...
040 (902076.1144.000) 2025-02-08 00:15:38 Finished transferring input files
...
001 (902076.1144.000) 2025-02-08 00:15:39 Job executing on host: <129.13.101.152:9618?addrs=129.13.101.152-9618+[2a00-1398-5-fe01--2001]-9618&alias=mdm1.etp.kit.edu&noUDP&sock=startd_3862_96d9>
	SlotName: slot1_61@mdm1.etp.kit.edu
	CondorScratchDir = "/local/scratch/ssd/condor/execute/dir_404768"
	Cpus = 4
	Disk = 5298931
	Memory = 10112
...
040 (902076.1144.000) 2025-02-08 00:15:50 Started transferring output files
...
040 (902076.1144.000) 2025-02-08 00:15:50 Finished transferring output files
...
005 (902076.1144.000) 2025-02-08 00:15:50 Job terminated.
	(1) Normal termination (return value 1)
		Usr 0 00:00:00, Sys 0 00:00:00  -  Run Remote Usage
		Usr 0 00:00:00, Sys 0 00:00:00  -  Run Local Usage
		Usr 0 00:00:00, Sys 0 00:00:00  -  Total Remote Usage
		Usr 0 00:00:00, Sys 0 00:00:00  -  Total Local Usage
	1867  -  Run Bytes Sent By Job
	0  -  Run Bytes Received By Job
	7468  -  Total Bytes Sent By Job
	0  -  Total Bytes Received By Job
	Partitionable Resources :    Usage  Request Allocated 
	   Cpus                 :        0        4         4 
	   Disk (KB)            :       24  1000000   5298931 
	   Memory (MB)          :             10000     10112 

	Job terminated of its own accord at 2025-02-07T23:15:50Z with exit-code 1.
...
