000 (902076.1126.000) 2025-02-07 20:35:24 Job submitted from host: <129.13.101.151:9618?addrs=129.13.101.151-9618+[2a00-1398-5-fe01-ec4-7aff-fede-e4ae]-9618&alias=bms3.etp.kit.edu&noUDP&sock=schedd_2157_19df>
...
040 (902076.1126.000) 2025-02-08 00:14:14 Finished transferring input files
...
001 (902076.1126.000) 2025-02-08 00:14:15 Job executing on host: <129.13.101.128:9618?addrs=129.13.101.128-9618+[2a00-1398-5-fe01-ae1f-6bff-febb-c206]-9618&alias=ms01.etp.kit.edu&noUDP&sock=startd_1784_410c>
	SlotName: slot1_14@ms01.etp.kit.edu
	CondorScratchDir = "/var/lib/condor/execute/dir_839947"
	Cpus = 4
	Disk = 1754559
	Memory = 10112
...
040 (902076.1126.000) 2025-02-08 00:14:28 Started transferring output files
...
040 (902076.1126.000) 2025-02-08 00:14:29 Finished transferring output files
...
004 (902076.1126.000) 2025-02-08 00:14:29 Job was evicted.
	(0) Job terminated and was requeued
		Usr 0 00:00:00, Sys 0 00:00:00  -  Run Remote Usage
		Usr 0 00:00:00, Sys 0 00:00:00  -  Run Local Usage
	1863  -  Run Bytes Sent By Job
	0  -  Run Bytes Received By Job
	(1) Normal termination (return value 1)
	The job attribute OnExitRemove expression 'NumJobCompletions > JobMaxRetries || ExitCode =?= 0' evaluated to FALSE
...
040 (902076.1126.000) 2025-02-08 00:14:31 Finished transferring input files
...
001 (902076.1126.000) 2025-02-08 00:14:32 Job executing on host: <129.13.101.152:9618?addrs=129.13.101.152-9618+[2a00-1398-5-fe01--2001]-9618&alias=mdm1.etp.kit.edu&noUDP&sock=startd_3862_96d9>
	SlotName: slot1_62@mdm1.etp.kit.edu
	CondorScratchDir = "/local/scratch/ssd/condor/execute/dir_328960"
	Cpus = 4
	Disk = 5298931
	Memory = 10112
...
040 (902076.1126.000) 2025-02-08 00:14:46 Started transferring output files
...
040 (902076.1126.000) 2025-02-08 00:14:46 Finished transferring output files
...
004 (902076.1126.000) 2025-02-08 00:14:46 Job was evicted.
	(0) Job terminated and was requeued
		Usr 0 00:00:00, Sys 0 00:00:00  -  Run Remote Usage
		Usr 0 00:00:00, Sys 0 00:00:00  -  Run Local Usage
	1863  -  Run Bytes Sent By Job
	0  -  Run Bytes Received By Job
	(1) Normal termination (return value 1)
	The job attribute OnExitRemove expression 'NumJobCompletions > JobMaxRetries || ExitCode =?= 0' evaluated to FALSE
...
040 (902076.1126.000) 2025-02-08 00:14:47 Finished transferring input files
...
001 (902076.1126.000) 2025-02-08 00:14:48 Job executing on host: <129.13.101.131:9618?addrs=129.13.101.131-9618+[2a00-1398-5-fe01-ae1f-6bff-febb-c016]-9618&alias=ms04.etp.kit.edu&noUDP&sock=startd_1624_81e4>
	SlotName: slot1_8@ms04.etp.kit.edu
	CondorScratchDir = "/var/lib/condor/execute/dir_1199875"
	Cpus = 4
	Disk = 1702864
	Memory = 10112
...
040 (902076.1126.000) 2025-02-08 00:15:02 Started transferring output files
...
040 (902076.1126.000) 2025-02-08 00:15:02 Finished transferring output files
...
004 (902076.1126.000) 2025-02-08 00:15:02 Job was evicted.
	(0) Job terminated and was requeued
		Usr 0 00:00:00, Sys 0 00:00:00  -  Run Remote Usage
		Usr 0 00:00:00, Sys 0 00:00:00  -  Run Local Usage
	1863  -  Run Bytes Sent By Job
	0  -  Run Bytes Received By Job
	(1) Normal termination (return value 1)
	The job attribute OnExitRemove expression 'NumJobCompletions > JobMaxRetries || ExitCode =?= 0' evaluated to FALSE
...
040 (902076.1126.000) 2025-02-08 00:15:03 Finished transferring input files
...
001 (902076.1126.000) 2025-02-08 00:15:04 Job executing on host: <129.13.101.129:9618?addrs=129.13.101.129-9618+[2a00-1398-5-fe01-ae1f-6bff-febb-bf0c]-9618&alias=ms02.etp.kit.edu&noUDP&sock=startd_1597_fcd6>
	SlotName: slot1_12@ms02.etp.kit.edu
	CondorScratchDir = "/var/lib/condor/execute/dir_2047683"
	Cpus = 4
	Disk = 1639213
	Memory = 10112
...
040 (902076.1126.000) 2025-02-08 00:15:17 Started transferring output files
...
040 (902076.1126.000) 2025-02-08 00:15:17 Finished transferring output files
...
005 (902076.1126.000) 2025-02-08 00:15:17 Job terminated.
	(1) Normal termination (return value 1)
		Usr 0 00:00:00, Sys 0 00:00:00  -  Run Remote Usage
		Usr 0 00:00:00, Sys 0 00:00:00  -  Run Local Usage
		Usr 0 00:00:00, Sys 0 00:00:00  -  Total Remote Usage
		Usr 0 00:00:00, Sys 0 00:00:00  -  Total Local Usage
	1863  -  Run Bytes Sent By Job
	0  -  Run Bytes Received By Job
	7452  -  Total Bytes Sent By Job
	0  -  Total Bytes Received By Job
	Partitionable Resources :    Usage  Request Allocated 
	   Cpus                 :     0.05        4         4 
	   Disk (KB)            :    25     1000000   1639213 
	   Memory (MB)          :             10000     10112 

	Job terminated of its own accord at 2025-02-07T23:15:17Z with exit-code 1.
...
