000 (902076.1289.000) 2025-02-07 20:35:25 Job submitted from host: <129.13.101.151:9618?addrs=129.13.101.151-9618+[2a00-1398-5-fe01-ec4-7aff-fede-e4ae]-9618&alias=bms3.etp.kit.edu&noUDP&sock=schedd_2157_19df>
...
040 (902076.1289.000) 2025-02-08 00:20:47 Finished transferring input files
...
001 (902076.1289.000) 2025-02-08 00:20:48 Job executing on host: <129.13.101.152:9618?addrs=129.13.101.152-9618+[2a00-1398-5-fe01--2001]-9618&alias=mdm1.etp.kit.edu&noUDP&sock=startd_3862_96d9>
	SlotName: slot1_61@mdm1.etp.kit.edu
	CondorScratchDir = "/local/scratch/ssd/condor/execute/dir_752220"
	Cpus = 4
	Disk = 5298931
	Memory = 10112
...
040 (902076.1289.000) 2025-02-08 00:21:00 Started transferring output files
...
040 (902076.1289.000) 2025-02-08 00:21:00 Finished transferring output files
...
004 (902076.1289.000) 2025-02-08 00:21:00 Job was evicted.
	(0) Job terminated and was requeued
		Usr 0 00:00:00, Sys 0 00:00:00  -  Run Remote Usage
		Usr 0 00:00:00, Sys 0 00:00:00  -  Run Local Usage
	1863  -  Run Bytes Sent By Job
	0  -  Run Bytes Received By Job
	(1) Normal termination (return value 1)
	The job attribute OnExitRemove expression 'NumJobCompletions > JobMaxRetries || ExitCode =?= 0' evaluated to FALSE
...
040 (902076.1289.000) 2025-02-08 00:21:01 Finished transferring input files
...
001 (902076.1289.000) 2025-02-08 00:21:02 Job executing on host: <129.13.101.129:9618?addrs=129.13.101.129-9618+[2a00-1398-5-fe01-ae1f-6bff-febb-bf0c]-9618&alias=ms02.etp.kit.edu&noUDP&sock=startd_1597_fcd6>
	SlotName: slot1_9@ms02.etp.kit.edu
	CondorScratchDir = "/var/lib/condor/execute/dir_2058541"
	Cpus = 4
	Disk = 1639213
	Memory = 10112
...
040 (902076.1289.000) 2025-02-08 00:21:12 Started transferring output files
...
040 (902076.1289.000) 2025-02-08 00:21:12 Finished transferring output files
...
004 (902076.1289.000) 2025-02-08 00:21:12 Job was evicted.
	(0) Job terminated and was requeued
		Usr 0 00:00:00, Sys 0 00:00:00  -  Run Remote Usage
		Usr 0 00:00:00, Sys 0 00:00:00  -  Run Local Usage
	1863  -  Run Bytes Sent By Job
	0  -  Run Bytes Received By Job
	(1) Normal termination (return value 1)
	The job attribute OnExitRemove expression 'NumJobCompletions > JobMaxRetries || ExitCode =?= 0' evaluated to FALSE
...
040 (902076.1289.000) 2025-02-08 00:21:14 Finished transferring input files
...
001 (902076.1289.000) 2025-02-08 00:21:15 Job executing on host: <129.13.101.130:9618?addrs=129.13.101.130-9618+[2a00-1398-5-fe01-ae1f-6bff-febb-bf2e]-9618&alias=ms03.etp.kit.edu&noUDP&sock=startd_1620_c383>
	SlotName: slot1_10@ms03.etp.kit.edu
	CondorScratchDir = "/var/lib/condor/execute/dir_795927"
	Cpus = 4
	Disk = 1704070
	Memory = 10112
...
040 (902076.1289.000) 2025-02-08 00:21:28 Started transferring output files
...
040 (902076.1289.000) 2025-02-08 00:21:28 Finished transferring output files
...
004 (902076.1289.000) 2025-02-08 00:21:28 Job was evicted.
	(0) Job terminated and was requeued
		Usr 0 00:00:00, Sys 0 00:00:00  -  Run Remote Usage
		Usr 0 00:00:00, Sys 0 00:00:00  -  Run Local Usage
	1863  -  Run Bytes Sent By Job
	0  -  Run Bytes Received By Job
	(1) Normal termination (return value 1)
	The job attribute OnExitRemove expression 'NumJobCompletions > JobMaxRetries || ExitCode =?= 0' evaluated to FALSE
...
040 (902076.1289.000) 2025-02-08 00:21:28 Finished transferring input files
...
001 (902076.1289.000) 2025-02-08 00:21:29 Job executing on host: <129.13.101.129:9618?addrs=129.13.101.129-9618+[2a00-1398-5-fe01-ae1f-6bff-febb-bf0c]-9618&alias=ms02.etp.kit.edu&noUDP&sock=startd_1597_fcd6>
	SlotName: slot1_11@ms02.etp.kit.edu
	CondorScratchDir = "/var/lib/condor/execute/dir_2059653"
	Cpus = 4
	Disk = 1639213
	Memory = 10112
...
040 (902076.1289.000) 2025-02-08 00:21:39 Started transferring output files
...
040 (902076.1289.000) 2025-02-08 00:21:39 Finished transferring output files
...
005 (902076.1289.000) 2025-02-08 00:21:40 Job terminated.
	(1) Normal termination (return value 1)
		Usr 0 00:00:00, Sys 0 00:00:00  -  Run Remote Usage
		Usr 0 00:00:00, Sys 0 00:00:00  -  Run Local Usage
		Usr 0 00:00:00, Sys 0 00:00:00  -  Total Remote Usage
		Usr 0 00:00:00, Sys 0 00:00:00  -  Total Local Usage
	1863  -  Run Bytes Sent By Job
	0  -  Run Bytes Received By Job
	7452  -  Total Bytes Sent By Job
	0  -  Total Bytes Received By Job
	Partitionable Resources :    Usage  Request Allocated 
	   Cpus                 :     0.05        4         4 
	   Disk (KB)            :    25     1000000   1639213 
	   Memory (MB)          :             10000     10112 

	Job terminated of its own accord at 2025-02-07T23:21:39Z with exit-code 1.
...
