----> INFO: Loading analyzers from libFCCAnalyses...
----> INFO: Loading analysis file:
            /work/awiedl/FCCAnalyses/examples/FCCee/higgs/tautau/xsec/ecm365/ktN-explicit/QQ/analysis_stage2_QQLH.py
----> INFO: Multithreading enabled. Running over 6 threads
----> INFO: Loading functions.h...
mkdir: cannot create directory '/eos': Permission denied
----> INFO: Running over files provided in command line argument...
----> INFO: Creating dataframe object from files:
            	- /ceph/awiedl/FCCee/HiggsCP/ecm365/stage1_280125/wzp6_egamma_eZ_Zmumu_ecm365/chunk_0.root	
            - /ceph/awiedl/FCCee/HiggsCP/ecm365/stage1_280125/wzp6_egamma_eZ_Zmumu_ecm365/chunk_46.root	
            - /ceph/awiedl/FCCee/HiggsCP/ecm365/stage1_280125/wzp6_egamma_eZ_Zmumu_ecm365/chunk_21.root	
            - /ceph/awiedl/FCCee/HiggsCP/ecm365/stage1_280125/wzp6_egamma_eZ_Zmumu_ecm365/chunk_18.root	
            - /ceph/awiedl/FCCee/HiggsCP/ecm365/stage1_280125/wzp6_egamma_eZ_Zmumu_ecm365/chunk_45.root	
            - /ceph/awiedl/FCCee/HiggsCP/ecm365/stage1_280125/wzp6_egamma_eZ_Zmumu_ecm365/chunk_9.root	
            - /ceph/awiedl/FCCee/HiggsCP/ecm365/stage1_280125/wzp6_egamma_eZ_Zmumu_ecm365/chunk_15.root	
            - /ceph/awiedl/FCCee/HiggsCP/ecm365/stage1_280125/wzp6_egamma_eZ_Zmumu_ecm365/chunk_19.root	
            - /ceph/awiedl/FCCee/HiggsCP/ecm365/stage1_280125/wzp6_egamma_eZ_Zmumu_ecm365/chunk_25.root	

----> INFO: Number of events:
            	- original: 900,000
            	- local:    900,000
----> INFO: Output file path:
            /ceph/awiedl/FCCee/HiggsCP/ecm365/ktN-explicit/stage2_280125/QQ/LH/wzp6_egamma_eZ_Zmumu_ecm365/chunk_5.root
----> INFO: =================================== SUMMARY ====================================
            Elapsed time (H:M:S):    00:00:38
            Events processed/second: 23,232
            Total events processed:  900,000
            No. result events:       13
            Reduction factor local:  1.4444444444444444e-05
            Reduction factor total:  1.4444444444444444e-05
            ================================================================================

