----> INFO: Loading analyzers from libFCCAnalyses...
----> INFO: Loading analysis file:
            /work/awiedl/FCCAnalyses/examples/FCCee/higgs/tautau/xsec/ecm365/ktN-explicit/NuNu/analysis_stage2_NuNuLH.py
----> INFO: Multithreading enabled. Running over 6 threads
----> INFO: Loading functions.h...
mkdir: cannot create directory '/eos': Permission denied
----> INFO: Running over files provided in command line argument...
----> INFO: Creating dataframe object from files:
            	- /ceph/awiedl/FCCee/HiggsCP/ecm365/stage1_280125/wzp6_ee_mumu_ecm365/chunk_18.root	
            - /ceph/awiedl/FCCee/HiggsCP/ecm365/stage1_280125/wzp6_ee_mumu_ecm365/chunk_45.root	
            - /ceph/awiedl/FCCee/HiggsCP/ecm365/stage1_280125/wzp6_ee_mumu_ecm365/chunk_9.root	
            - /ceph/awiedl/FCCee/HiggsCP/ecm365/stage1_280125/wzp6_ee_mumu_ecm365/chunk_15.root	
            - /ceph/awiedl/FCCee/HiggsCP/ecm365/stage1_280125/wzp6_ee_mumu_ecm365/chunk_19.root	
            - /ceph/awiedl/FCCee/HiggsCP/ecm365/stage1_280125/wzp6_ee_mumu_ecm365/chunk_25.root	

----> INFO: Number of events:
            	- original: 600,000
            	- local:    600,000
----> INFO: Output file path:
            /ceph/awiedl/FCCee/HiggsCP/ecm365/ktN-explicit/stage2_280125/NuNu/LH/wzp6_ee_mumu_ecm365/chunk_6.root
----> INFO: =================================== SUMMARY ====================================
            Elapsed time (H:M:S):    00:00:25
            Events processed/second: 23,124
            Total events processed:  600,000
            No. result events:       534
            Reduction factor local:  0.00089
            Reduction factor total:  0.00089
            ================================================================================

