----> INFO: Loading analyzers from libFCCAnalyses...
----> INFO: Loading analysis file:
            /work/awiedl/FCCAnalyses/examples/FCCee/higgs/tautau/xsec/ecm365/ktN-explicit/LL/analysis_stage2_LLHH.py
----> INFO: Multithreading enabled. Running over 6 threads
----> INFO: Loading functions.h...
mkdir: cannot create directory '/eos': Permission denied
----> INFO: Running over files provided in command line argument...
----> INFO: Creating dataframe object from files:
            	- /ceph/awiedl/FCCee/HiggsCP/ecm365/stage1_280125/wzp6_ee_mumuH_HWW_ecm365/chunk_9.root	

----> INFO: Number of events:
            	- original: 100,000
            	- local:    100,000
----> INFO: Output file path:
            /ceph/awiedl/FCCee/HiggsCP/ecm365/ktN-explicit/stage2_280125/LL/HH/wzp6_ee_mumuH_HWW_ecm365/chunk_1.root
----> INFO: =================================== SUMMARY ====================================
            Elapsed time (H:M:S):    00:00:28
            Events processed/second: 3,483
            Total events processed:  100,000
            No. result events:       575
            Reduction factor local:  0.00575
            Reduction factor total:  0.00575
            ================================================================================

