----> INFO: Loading analyzers from libFCCAnalyses...
----> INFO: Loading analysis file:
            /work/awiedl/FCCAnalyses/examples/FCCee/higgs/tautau/xsec/ecm365/ktN-explicit/NuNu/analysis_stage2_NuNuHH.py
----> INFO: Multithreading enabled. Running over 6 threads
----> INFO: Loading functions.h...
mkdir: cannot create directory '/eos': Permission denied
----> INFO: Running over files provided in command line argument...
----> INFO: Creating dataframe object from files:
            	- /ceph/awiedl/FCCee/HiggsCP/ecm365/stage1_280125/wzp6_gaga_mumu_60_ecm365/chunk_56.root	
            - /ceph/awiedl/FCCee/HiggsCP/ecm365/stage1_280125/wzp6_gaga_mumu_60_ecm365/chunk_26.root	
            - /ceph/awiedl/FCCee/HiggsCP/ecm365/stage1_280125/wzp6_gaga_mumu_60_ecm365/chunk_24.root	
            - /ceph/awiedl/FCCee/HiggsCP/ecm365/stage1_280125/wzp6_gaga_mumu_60_ecm365/chunk_40.root	
            - /ceph/awiedl/FCCee/HiggsCP/ecm365/stage1_280125/wzp6_gaga_mumu_60_ecm365/chunk_2.root	
            - /ceph/awiedl/FCCee/HiggsCP/ecm365/stage1_280125/wzp6_gaga_mumu_60_ecm365/chunk_39.root	
            - /ceph/awiedl/FCCee/HiggsCP/ecm365/stage1_280125/wzp6_gaga_mumu_60_ecm365/chunk_35.root	
            - /ceph/awiedl/FCCee/HiggsCP/ecm365/stage1_280125/wzp6_gaga_mumu_60_ecm365/chunk_65.root	
            - /ceph/awiedl/FCCee/HiggsCP/ecm365/stage1_280125/wzp6_gaga_mumu_60_ecm365/chunk_36.root	
            - /ceph/awiedl/FCCee/HiggsCP/ecm365/stage1_280125/wzp6_gaga_mumu_60_ecm365/chunk_61.root	

----> INFO: Number of events:
            	- original: 1,000,000
            	- local:    1,000,000
----> INFO: Output file path:
            /ceph/awiedl/FCCee/HiggsCP/ecm365/ktN-explicit/stage2_280125/NuNu/HH/wzp6_gaga_mumu_60_ecm365/chunk_1.root
----> INFO: =================================== SUMMARY ====================================
            Elapsed time (H:M:S):    00:00:26
            Events processed/second: 38,249
            Total events processed:  1,000,000
            No. result events:       1
            Reduction factor local:  1e-06
            Reduction factor total:  1e-06
            ================================================================================

