----> INFO: Loading analyzers from libFCCAnalyses...
----> INFO: Loading analysis file:
            /work/awiedl/FCCAnalyses/examples/FCCee/higgs/tautau/xsec/ecm365/ktN-explicit/NuNu/analysis_stage2_NuNuLL.py
----> INFO: Multithreading enabled. Running over 6 threads
----> INFO: Loading functions.h...
mkdir: cannot create directory '/eos': Permission denied
----> INFO: Running over files provided in command line argument...
----> INFO: Creating dataframe object from files:
            	- /ceph/awiedl/FCCee/HiggsCP/ecm365/stage1_280125/wzp6_gaga_ee_60_ecm365/chunk_30.root	
            - /ceph/awiedl/FCCee/HiggsCP/ecm365/stage1_280125/wzp6_gaga_ee_60_ecm365/chunk_140.root	
            - /ceph/awiedl/FCCee/HiggsCP/ecm365/stage1_280125/wzp6_gaga_ee_60_ecm365/chunk_23.root	
            - /ceph/awiedl/FCCee/HiggsCP/ecm365/stage1_280125/wzp6_gaga_ee_60_ecm365/chunk_197.root	
            - /ceph/awiedl/FCCee/HiggsCP/ecm365/stage1_280125/wzp6_gaga_ee_60_ecm365/chunk_108.root	
            - /ceph/awiedl/FCCee/HiggsCP/ecm365/stage1_280125/wzp6_gaga_ee_60_ecm365/chunk_11.root	
            - /ceph/awiedl/FCCee/HiggsCP/ecm365/stage1_280125/wzp6_gaga_ee_60_ecm365/chunk_180.root	
            - /ceph/awiedl/FCCee/HiggsCP/ecm365/stage1_280125/wzp6_gaga_ee_60_ecm365/chunk_80.root	
            - /ceph/awiedl/FCCee/HiggsCP/ecm365/stage1_280125/wzp6_gaga_ee_60_ecm365/chunk_4.root	
            - /ceph/awiedl/FCCee/HiggsCP/ecm365/stage1_280125/wzp6_gaga_ee_60_ecm365/chunk_89.root	

----> INFO: Number of events:
            	- original: 1,000,000
            	- local:    1,000,000
----> INFO: Output file path:
            /ceph/awiedl/FCCee/HiggsCP/ecm365/ktN-explicit/stage2_280125/NuNu/LL/wzp6_gaga_ee_60_ecm365/chunk_10.root
----> INFO: =================================== SUMMARY ====================================
            Elapsed time (H:M:S):    00:00:35
            Events processed/second: 27,839
            Total events processed:  1,000,000
            No. result events:       121,660
            Reduction factor local:  0.12166
            Reduction factor total:  0.12166
            ================================================================================

