----> INFO: Loading analyzers from libFCCAnalyses...
----> INFO: Loading analysis file:
            /work/awiedl/FCCAnalyses/examples/FCCee/higgs/tautau/xsec/BDT/stage3/ktN-explicit/analysis_stage3_NuNuLH.py
----> INFO: Multithreading enabled. Running over 4 threads
----> INFO: Loading functions.h...
----> INFO: Running over files provided in command line argument...
----> INFO: Creating dataframe object from files:
            	- /ceph/awiedl/FCCee/HiggsCP/ktN-explicit/stage2_241202_cut/NuNu/LH/p8_ee_WW_ecm240/chunk_9.root	
            - /ceph/awiedl/FCCee/HiggsCP/ktN-explicit/stage2_241202_cut/NuNu/LH/p8_ee_WW_ecm240/chunk_118.root	
            - /ceph/awiedl/FCCee/HiggsCP/ktN-explicit/stage2_241202_cut/NuNu/LH/p8_ee_WW_ecm240/chunk_175.root	
            - /ceph/awiedl/FCCee/HiggsCP/ktN-explicit/stage2_241202_cut/NuNu/LH/p8_ee_WW_ecm240/chunk_241.root	
            - /ceph/awiedl/FCCee/HiggsCP/ktN-explicit/stage2_241202_cut/NuNu/LH/p8_ee_WW_ecm240/chunk_147.root	
            - /ceph/awiedl/FCCee/HiggsCP/ktN-explicit/stage2_241202_cut/NuNu/LH/p8_ee_WW_ecm240/chunk_292.root	
            - /ceph/awiedl/FCCee/HiggsCP/ktN-explicit/stage2_241202_cut/NuNu/LH/p8_ee_WW_ecm240/chunk_98.root	
            - /ceph/awiedl/FCCee/HiggsCP/ktN-explicit/stage2_241202_cut/NuNu/LH/p8_ee_WW_ecm240/chunk_238.root	
            - /ceph/awiedl/FCCee/HiggsCP/ktN-explicit/stage2_241202_cut/NuNu/LH/p8_ee_WW_ecm240/chunk_235.root	
            - /ceph/awiedl/FCCee/HiggsCP/ktN-explicit/stage2_241202_cut/NuNu/LH/p8_ee_WW_ecm240/chunk_165.root	

----> INFO: Number of events:
            	- original: 12,300,000
            	- local:    207,617
----> INFO: Output file path:
            /ceph/awiedl/FCCee/HiggsCP/ktN-explicit/stage3_241202/NuNu/LH/p8_ee_WW_ecm240/chunk_26.root
----> INFO: =================================== SUMMARY ====================================
            Elapsed time (H:M:S):    00:00:44
            Events processed/second: 4,665
            Total events processed:  207,617
            No. result events:       207,617
            Reduction factor local:  1.0
            Reduction factor total:  0.016879430894308944
            ================================================================================

