----> INFO: Loading analyzers from libFCCAnalyses...
----> INFO: Loading analysis file:
            /work/awiedl/FCCAnalyses/examples/FCCee/higgs/tautau/xsec/BDT/stage3/ktN-explicit/analysis_stage3_NuNuLH.py
----> INFO: Multithreading enabled. Running over 4 threads
----> INFO: Loading functions.h...
----> INFO: Running over files provided in command line argument...
----> INFO: Creating dataframe object from files:
            	- /ceph/awiedl/FCCee/HiggsCP/ktN-explicit/stage2_241202_cut/NuNu/LH/p8_ee_WW_ecm240/chunk_164.root	
            - /ceph/awiedl/FCCee/HiggsCP/ktN-explicit/stage2_241202_cut/NuNu/LH/p8_ee_WW_ecm240/chunk_107.root	
            - /ceph/awiedl/FCCee/HiggsCP/ktN-explicit/stage2_241202_cut/NuNu/LH/p8_ee_WW_ecm240/chunk_289.root	
            - /ceph/awiedl/FCCee/HiggsCP/ktN-explicit/stage2_241202_cut/NuNu/LH/p8_ee_WW_ecm240/chunk_3.root	
            - /ceph/awiedl/FCCee/HiggsCP/ktN-explicit/stage2_241202_cut/NuNu/LH/p8_ee_WW_ecm240/chunk_154.root	
            - /ceph/awiedl/FCCee/HiggsCP/ktN-explicit/stage2_241202_cut/NuNu/LH/p8_ee_WW_ecm240/chunk_30.root	
            - /ceph/awiedl/FCCee/HiggsCP/ktN-explicit/stage2_241202_cut/NuNu/LH/p8_ee_WW_ecm240/chunk_217.root	
            - /ceph/awiedl/FCCee/HiggsCP/ktN-explicit/stage2_241202_cut/NuNu/LH/p8_ee_WW_ecm240/chunk_140.root	
            - /ceph/awiedl/FCCee/HiggsCP/ktN-explicit/stage2_241202_cut/NuNu/LH/p8_ee_WW_ecm240/chunk_285.root	
            - /ceph/awiedl/FCCee/HiggsCP/ktN-explicit/stage2_241202_cut/NuNu/LH/p8_ee_WW_ecm240/chunk_23.root	

----> INFO: Number of events:
            	- original: 12,400,000
            	- local:    209,187
----> INFO: Output file path:
            /ceph/awiedl/FCCee/HiggsCP/ktN-explicit/stage3_241202/NuNu/LH/p8_ee_WW_ecm240/chunk_14.root
----> INFO: =================================== SUMMARY ====================================
            Elapsed time (H:M:S):    00:00:45
            Events processed/second: 4,619
            Total events processed:  209,187
            No. result events:       209,187
            Reduction factor local:  1.0
            Reduction factor total:  0.01686991935483871
            ================================================================================

