----> INFO: Loading analyzers from libFCCAnalyses...
----> INFO: Loading analysis file:
            /work/awiedl/FCCAnalyses/examples/FCCee/higgs/tautau/xsec/BDT/stage3/ktN-explicit/analysis_stage3_NuNuLH.py
----> INFO: Multithreading enabled. Running over 4 threads
----> INFO: Loading functions.h...
----> INFO: Running over files provided in command line argument...
----> INFO: Creating dataframe object from files:
            	- /ceph/awiedl/FCCee/HiggsCP/ktN-explicit/stage2_241202_cut/NuNu/LH/wzp6_ee_ee_Mee_30_150_ecm240/chunk_65.root	
            - /ceph/awiedl/FCCee/HiggsCP/ktN-explicit/stage2_241202_cut/NuNu/LH/wzp6_ee_ee_Mee_30_150_ecm240/chunk_36.root	
            - /ceph/awiedl/FCCee/HiggsCP/ktN-explicit/stage2_241202_cut/NuNu/LH/wzp6_ee_ee_Mee_30_150_ecm240/chunk_61.root	
            - /ceph/awiedl/FCCee/HiggsCP/ktN-explicit/stage2_241202_cut/NuNu/LH/wzp6_ee_ee_Mee_30_150_ecm240/chunk_71.root	
            - /ceph/awiedl/FCCee/HiggsCP/ktN-explicit/stage2_241202_cut/NuNu/LH/wzp6_ee_ee_Mee_30_150_ecm240/chunk_50.root	
            - /ceph/awiedl/FCCee/HiggsCP/ktN-explicit/stage2_241202_cut/NuNu/LH/wzp6_ee_ee_Mee_30_150_ecm240/chunk_37.root	
            - /ceph/awiedl/FCCee/HiggsCP/ktN-explicit/stage2_241202_cut/NuNu/LH/wzp6_ee_ee_Mee_30_150_ecm240/chunk_22.root	
            - /ceph/awiedl/FCCee/HiggsCP/ktN-explicit/stage2_241202_cut/NuNu/LH/wzp6_ee_ee_Mee_30_150_ecm240/chunk_12.root	
            - /ceph/awiedl/FCCee/HiggsCP/ktN-explicit/stage2_241202_cut/NuNu/LH/wzp6_ee_ee_Mee_30_150_ecm240/chunk_5.root	
            - /ceph/awiedl/FCCee/HiggsCP/ktN-explicit/stage2_241202_cut/NuNu/LH/wzp6_ee_ee_Mee_30_150_ecm240/chunk_32.root	

----> INFO: Number of events:
            	- original: 10,700,000
            	- local:    16,968
----> INFO: Output file path:
            /ceph/awiedl/FCCee/HiggsCP/ktN-explicit/stage3_241202/NuNu/LH/wzp6_ee_ee_Mee_30_150_ecm240/chunk_2.root
----> INFO: =================================== SUMMARY ====================================
            Elapsed time (H:M:S):    00:00:17
            Events processed/second: 943
            Total events processed:  16,968
            No. result events:       16,968
            Reduction factor local:  1.0
            Reduction factor total:  0.0015857943925233645
            ================================================================================

