----> INFO: Loading analyzers from libFCCAnalyses...
----> INFO: Loading analysis file:
            /work/awiedl/FCCAnalyses/examples/FCCee/higgs/tautau/xsec/BDT/stage3/ktN-explicit/analysis_stage3_NuNuLH.py
----> INFO: Multithreading enabled. Running over 4 threads
----> INFO: Loading functions.h...
----> INFO: Running over files provided in command line argument...
----> INFO: Creating dataframe object from files:
            	- /ceph/awiedl/FCCee/HiggsCP/ktN-explicit/stage2_241202_cut/NuNu/LH/p8_ee_WW_ecm240/chunk_231.root	
            - /ceph/awiedl/FCCee/HiggsCP/ktN-explicit/stage2_241202_cut/NuNu/LH/p8_ee_WW_ecm240/chunk_132.root	
            - /ceph/awiedl/FCCee/HiggsCP/ktN-explicit/stage2_241202_cut/NuNu/LH/p8_ee_WW_ecm240/chunk_161.root	
            - /ceph/awiedl/FCCee/HiggsCP/ktN-explicit/stage2_241202_cut/NuNu/LH/p8_ee_WW_ecm240/chunk_260.root	
            - /ceph/awiedl/FCCee/HiggsCP/ktN-explicit/stage2_241202_cut/NuNu/LH/p8_ee_WW_ecm240/chunk_130.root	
            - /ceph/awiedl/FCCee/HiggsCP/ktN-explicit/stage2_241202_cut/NuNu/LH/p8_ee_WW_ecm240/chunk_138.root	
            - /ceph/awiedl/FCCee/HiggsCP/ktN-explicit/stage2_241202_cut/NuNu/LH/p8_ee_WW_ecm240/chunk_213.root	
            - /ceph/awiedl/FCCee/HiggsCP/ktN-explicit/stage2_241202_cut/NuNu/LH/p8_ee_WW_ecm240/chunk_25.root	
            - /ceph/awiedl/FCCee/HiggsCP/ktN-explicit/stage2_241202_cut/NuNu/LH/p8_ee_WW_ecm240/chunk_237.root	
            - /ceph/awiedl/FCCee/HiggsCP/ktN-explicit/stage2_241202_cut/NuNu/LH/p8_ee_WW_ecm240/chunk_70.root	

----> INFO: Number of events:
            	- original: 12,487,556
            	- local:    210,475
----> INFO: Output file path:
            /ceph/awiedl/FCCee/HiggsCP/ktN-explicit/stage3_241202/NuNu/LH/p8_ee_WW_ecm240/chunk_28.root
----> INFO: =================================== SUMMARY ====================================
            Elapsed time (H:M:S):    00:00:47
            Events processed/second: 4,389
            Total events processed:  210,475
            No. result events:       210,475
            Reduction factor local:  1.0
            Reduction factor total:  0.01685477926985873
            ================================================================================

