----> INFO: Loading analyzers from libFCCAnalyses...
----> INFO: Loading analysis file:
            /work/awiedl/FCCAnalyses/examples/FCCee/higgs/tautau/xsec/BDT/stage3/ktN-explicit/analysis_stage3_NuNuLH.py
----> INFO: Multithreading enabled. Running over 4 threads
----> INFO: Loading functions.h...
----> INFO: Running over files provided in command line argument...
----> INFO: Creating dataframe object from files:
            	- /ceph/awiedl/FCCee/HiggsCP/ktN-explicit/stage2_241202_cut/NuNu/LH/p8_ee_WW_ecm240/chunk_197.root	
            - /ceph/awiedl/FCCee/HiggsCP/ktN-explicit/stage2_241202_cut/NuNu/LH/p8_ee_WW_ecm240/chunk_283.root	
            - /ceph/awiedl/FCCee/HiggsCP/ktN-explicit/stage2_241202_cut/NuNu/LH/p8_ee_WW_ecm240/chunk_108.root	
            - /ceph/awiedl/FCCee/HiggsCP/ktN-explicit/stage2_241202_cut/NuNu/LH/p8_ee_WW_ecm240/chunk_11.root	
            - /ceph/awiedl/FCCee/HiggsCP/ktN-explicit/stage2_241202_cut/NuNu/LH/p8_ee_WW_ecm240/chunk_180.root	
            - /ceph/awiedl/FCCee/HiggsCP/ktN-explicit/stage2_241202_cut/NuNu/LH/p8_ee_WW_ecm240/chunk_80.root	
            - /ceph/awiedl/FCCee/HiggsCP/ktN-explicit/stage2_241202_cut/NuNu/LH/p8_ee_WW_ecm240/chunk_293.root	
            - /ceph/awiedl/FCCee/HiggsCP/ktN-explicit/stage2_241202_cut/NuNu/LH/p8_ee_WW_ecm240/chunk_4.root	
            - /ceph/awiedl/FCCee/HiggsCP/ktN-explicit/stage2_241202_cut/NuNu/LH/p8_ee_WW_ecm240/chunk_89.root	
            - /ceph/awiedl/FCCee/HiggsCP/ktN-explicit/stage2_241202_cut/NuNu/LH/p8_ee_WW_ecm240/chunk_261.root	

----> INFO: Number of events:
            	- original: 12,437,728
            	- local:    210,368
----> INFO: Output file path:
            /ceph/awiedl/FCCee/HiggsCP/ktN-explicit/stage3_241202/NuNu/LH/p8_ee_WW_ecm240/chunk_15.root
----> INFO: =================================== SUMMARY ====================================
            Elapsed time (H:M:S):    00:00:46
            Events processed/second: 4,493
            Total events processed:  210,368
            No. result events:       210,368
            Reduction factor local:  1.0
            Reduction factor total:  0.016913699994082522
            ================================================================================

