----> INFO: Loading analyzers from libFCCAnalyses...
----> INFO: Loading analysis file:
            /work/awiedl/FCCAnalyses/examples/FCCee/higgs/tautau/xsec/BDT/stage3/ktN-explicit/analysis_stage3_NuNuLH.py
----> INFO: Multithreading enabled. Running over 4 threads
----> INFO: Loading functions.h...
----> INFO: Running over files provided in command line argument...
----> INFO: Creating dataframe object from files:
            	- /ceph/awiedl/FCCee/HiggsCP/ktN-explicit/stage2_241202_cut/NuNu/LH/wzp6_ee_ee_Mee_30_150_ecm240/chunk_49.root	
            - /ceph/awiedl/FCCee/HiggsCP/ktN-explicit/stage2_241202_cut/NuNu/LH/wzp6_ee_ee_Mee_30_150_ecm240/chunk_14.root	
            - /ceph/awiedl/FCCee/HiggsCP/ktN-explicit/stage2_241202_cut/NuNu/LH/wzp6_ee_ee_Mee_30_150_ecm240/chunk_52.root	
            - /ceph/awiedl/FCCee/HiggsCP/ktN-explicit/stage2_241202_cut/NuNu/LH/wzp6_ee_ee_Mee_30_150_ecm240/chunk_29.root	
            - /ceph/awiedl/FCCee/HiggsCP/ktN-explicit/stage2_241202_cut/NuNu/LH/wzp6_ee_ee_Mee_30_150_ecm240/chunk_68.root	
            - /ceph/awiedl/FCCee/HiggsCP/ktN-explicit/stage2_241202_cut/NuNu/LH/wzp6_ee_ee_Mee_30_150_ecm240/chunk_57.root	
            - /ceph/awiedl/FCCee/HiggsCP/ktN-explicit/stage2_241202_cut/NuNu/LH/wzp6_ee_ee_Mee_30_150_ecm240/chunk_1.root	
            - /ceph/awiedl/FCCee/HiggsCP/ktN-explicit/stage2_241202_cut/NuNu/LH/wzp6_ee_ee_Mee_30_150_ecm240/chunk_72.root	
            - /ceph/awiedl/FCCee/HiggsCP/ktN-explicit/stage2_241202_cut/NuNu/LH/wzp6_ee_ee_Mee_30_150_ecm240/chunk_3.root	
            - /ceph/awiedl/FCCee/HiggsCP/ktN-explicit/stage2_241202_cut/NuNu/LH/wzp6_ee_ee_Mee_30_150_ecm240/chunk_30.root	

----> INFO: Number of events:
            	- original: 10,600,000
            	- local:    16,724
----> INFO: Output file path:
            /ceph/awiedl/FCCee/HiggsCP/ktN-explicit/stage3_241202/NuNu/LH/wzp6_ee_ee_Mee_30_150_ecm240/chunk_3.root
----> INFO: =================================== SUMMARY ====================================
            Elapsed time (H:M:S):    00:00:19
            Events processed/second: 878
            Total events processed:  16,724
            No. result events:       16,724
            Reduction factor local:  1.0
            Reduction factor total:  0.0015777358490566037
            ================================================================================

