----> INFO: Loading analyzers from libFCCAnalyses...
----> INFO: Loading analysis file:
            /work/awiedl/FCCAnalyses/examples/FCCee/higgs/tautau/xsec/BDT/stage3/ktN-explicit/analysis_stage3_NuNuLH.py
----> INFO: Multithreading enabled. Running over 4 threads
----> INFO: Loading functions.h...
----> INFO: Running over files provided in command line argument...
----> INFO: Creating dataframe object from files:
            	- /ceph/awiedl/FCCee/HiggsCP/ktN-explicit/stage2_241202_cut/NuNu/LH/wzp6_ee_ee_Mee_30_150_ecm240/chunk_23.root	
            - /ceph/awiedl/FCCee/HiggsCP/ktN-explicit/stage2_241202_cut/NuNu/LH/wzp6_ee_ee_Mee_30_150_ecm240/chunk_11.root	
            - /ceph/awiedl/FCCee/HiggsCP/ktN-explicit/stage2_241202_cut/NuNu/LH/wzp6_ee_ee_Mee_30_150_ecm240/chunk_4.root	
            - /ceph/awiedl/FCCee/HiggsCP/ktN-explicit/stage2_241202_cut/NuNu/LH/wzp6_ee_ee_Mee_30_150_ecm240/chunk_67.root	
            - /ceph/awiedl/FCCee/HiggsCP/ktN-explicit/stage2_241202_cut/NuNu/LH/wzp6_ee_ee_Mee_30_150_ecm240/chunk_48.root	
            - /ceph/awiedl/FCCee/HiggsCP/ktN-explicit/stage2_241202_cut/NuNu/LH/wzp6_ee_ee_Mee_30_150_ecm240/chunk_33.root	
            - /ceph/awiedl/FCCee/HiggsCP/ktN-explicit/stage2_241202_cut/NuNu/LH/wzp6_ee_ee_Mee_30_150_ecm240/chunk_6.root	
            - /ceph/awiedl/FCCee/HiggsCP/ktN-explicit/stage2_241202_cut/NuNu/LH/wzp6_ee_ee_Mee_30_150_ecm240/chunk_16.root	
            - /ceph/awiedl/FCCee/HiggsCP/ktN-explicit/stage2_241202_cut/NuNu/LH/wzp6_ee_ee_Mee_30_150_ecm240/chunk_55.root	
            - /ceph/awiedl/FCCee/HiggsCP/ktN-explicit/stage2_241202_cut/NuNu/LH/wzp6_ee_ee_Mee_30_150_ecm240/chunk_59.root	

----> INFO: Number of events:
            	- original: 10,700,000
            	- local:    16,930
----> INFO: Output file path:
            /ceph/awiedl/FCCee/HiggsCP/ktN-explicit/stage3_241202/NuNu/LH/wzp6_ee_ee_Mee_30_150_ecm240/chunk_4.root
----> INFO: =================================== SUMMARY ====================================
            Elapsed time (H:M:S):    00:00:18
            Events processed/second: 936
            Total events processed:  16,930
            No. result events:       16,930
            Reduction factor local:  1.0
            Reduction factor total:  0.0015822429906542056
            ================================================================================

