----> INFO: Loading analyzers from libFCCAnalyses...
----> INFO: Loading analysis file:
            /work/awiedl/FCCAnalyses/examples/FCCee/higgs/tautau/xsec/BDT/stage3/ktN-explicit/analysis_stage3_NuNuLH.py
----> INFO: Multithreading enabled. Running over 4 threads
----> INFO: Loading functions.h...
----> INFO: Running over files provided in command line argument...
----> INFO: Creating dataframe object from files:
            	- /ceph/awiedl/FCCee/HiggsCP/ktN-explicit/stage2_241202_cut/NuNu/LH/wzp6_ee_tautau_ecm240/chunk_39.root	
            - /ceph/awiedl/FCCee/HiggsCP/ktN-explicit/stage2_241202_cut/NuNu/LH/wzp6_ee_tautau_ecm240/chunk_35.root	
            - /ceph/awiedl/FCCee/HiggsCP/ktN-explicit/stage2_241202_cut/NuNu/LH/wzp6_ee_tautau_ecm240/chunk_36.root	
            - /ceph/awiedl/FCCee/HiggsCP/ktN-explicit/stage2_241202_cut/NuNu/LH/wzp6_ee_tautau_ecm240/chunk_37.root	
            - /ceph/awiedl/FCCee/HiggsCP/ktN-explicit/stage2_241202_cut/NuNu/LH/wzp6_ee_tautau_ecm240/chunk_22.root	
            - /ceph/awiedl/FCCee/HiggsCP/ktN-explicit/stage2_241202_cut/NuNu/LH/wzp6_ee_tautau_ecm240/chunk_12.root	
            - /ceph/awiedl/FCCee/HiggsCP/ktN-explicit/stage2_241202_cut/NuNu/LH/wzp6_ee_tautau_ecm240/chunk_5.root	
            - /ceph/awiedl/FCCee/HiggsCP/ktN-explicit/stage2_241202_cut/NuNu/LH/wzp6_ee_tautau_ecm240/chunk_32.root	
            - /ceph/awiedl/FCCee/HiggsCP/ktN-explicit/stage2_241202_cut/NuNu/LH/wzp6_ee_tautau_ecm240/chunk_49.root	
            - /ceph/awiedl/FCCee/HiggsCP/ktN-explicit/stage2_241202_cut/NuNu/LH/wzp6_ee_tautau_ecm240/chunk_14.root	

----> INFO: Number of events:
            	- original: 10,400,000
            	- local:    1,073,000
----> INFO: Output file path:
            /ceph/awiedl/FCCee/HiggsCP/ktN-explicit/stage3_241202/NuNu/LH/wzp6_ee_tautau_ecm240/chunk_1.root
----> INFO: =================================== SUMMARY ====================================
            Elapsed time (H:M:S):    00:03:07
            Events processed/second: 5,714
            Total events processed:  1,073,000
            No. result events:       1,073,000
            Reduction factor local:  1.0
            Reduction factor total:  0.10317307692307692
            ================================================================================

