000 (902077.855.000) 2025-02-07 20:42:48 Job submitted from host: <129.13.101.151:9618?addrs=129.13.101.151-9618+[2a00-1398-5-fe01-ec4-7aff-fede-e4ae]-9618&alias=bms3.etp.kit.edu&noUDP&sock=schedd_2157_19df>
...
040 (902077.855.000) 2025-02-08 01:20:54 Finished transferring input files
...
001 (902077.855.000) 2025-02-08 01:20:55 Job executing on host: <129.13.101.128:9618?addrs=129.13.101.128-9618+[2a00-1398-5-fe01-ae1f-6bff-febb-c206]-9618&alias=ms01.etp.kit.edu&noUDP&sock=startd_1784_410c>
	SlotName: slot1_8@ms01.etp.kit.edu
	CondorScratchDir = "/var/lib/condor/execute/dir_1473170"
	Cpus = 4
	Disk = 1754559
	Memory = 10112
...
040 (902077.855.000) 2025-02-08 01:21:13 Started transferring output files
...
040 (902077.855.000) 2025-02-08 01:21:13 Finished transferring output files
...
004 (902077.855.000) 2025-02-08 01:21:14 Job was evicted.
	(0) Job terminated and was requeued
		Usr 0 00:00:00, Sys 0 00:00:00  -  Run Remote Usage
		Usr 0 00:00:00, Sys 0 00:00:00  -  Run Local Usage
	1866  -  Run Bytes Sent By Job
	0  -  Run Bytes Received By Job
	(1) Normal termination (return value 1)
	The job attribute OnExitRemove expression 'NumJobCompletions > JobMaxRetries || ExitCode =?= 0' evaluated to FALSE
...
040 (902077.855.000) 2025-02-08 01:21:15 Finished transferring input files
...
001 (902077.855.000) 2025-02-08 01:21:16 Job executing on host: <129.13.101.128:9618?addrs=129.13.101.128-9618+[2a00-1398-5-fe01-ae1f-6bff-febb-c206]-9618&alias=ms01.etp.kit.edu&noUDP&sock=startd_1784_410c>
	SlotName: slot1_13@ms01.etp.kit.edu
	CondorScratchDir = "/var/lib/condor/execute/dir_1491103"
	Cpus = 4
	Disk = 1754559
	Memory = 10112
...
040 (902077.855.000) 2025-02-08 01:21:27 Started transferring output files
...
040 (902077.855.000) 2025-02-08 01:21:27 Finished transferring output files
...
004 (902077.855.000) 2025-02-08 01:21:27 Job was evicted.
	(0) Job terminated and was requeued
		Usr 0 00:00:00, Sys 0 00:00:00  -  Run Remote Usage
		Usr 0 00:00:00, Sys 0 00:00:00  -  Run Local Usage
	1866  -  Run Bytes Sent By Job
	0  -  Run Bytes Received By Job
	(1) Normal termination (return value 1)
	The job attribute OnExitRemove expression 'NumJobCompletions > JobMaxRetries || ExitCode =?= 0' evaluated to FALSE
...
040 (902077.855.000) 2025-02-08 01:21:30 Finished transferring input files
...
001 (902077.855.000) 2025-02-08 01:21:31 Job executing on host: <129.13.101.129:9618?addrs=129.13.101.129-9618+[2a00-1398-5-fe01-ae1f-6bff-febb-bf0c]-9618&alias=ms02.etp.kit.edu&noUDP&sock=startd_1597_fcd6>
	SlotName: slot1_12@ms02.etp.kit.edu
	CondorScratchDir = "/var/lib/condor/execute/dir_2172214"
	Cpus = 4
	Disk = 1639213
	Memory = 10112
...
040 (902077.855.000) 2025-02-08 01:21:45 Started transferring output files
...
040 (902077.855.000) 2025-02-08 01:21:45 Finished transferring output files
...
004 (902077.855.000) 2025-02-08 01:21:46 Job was evicted.
	(0) Job terminated and was requeued
		Usr 0 00:00:00, Sys 0 00:00:00  -  Run Remote Usage
		Usr 0 00:00:00, Sys 0 00:00:00  -  Run Local Usage
	1866  -  Run Bytes Sent By Job
	0  -  Run Bytes Received By Job
	(1) Normal termination (return value 1)
	The job attribute OnExitRemove expression 'NumJobCompletions > JobMaxRetries || ExitCode =?= 0' evaluated to FALSE
...
040 (902077.855.000) 2025-02-08 01:21:47 Finished transferring input files
...
001 (902077.855.000) 2025-02-08 01:21:48 Job executing on host: <129.13.101.129:9618?addrs=129.13.101.129-9618+[2a00-1398-5-fe01-ae1f-6bff-febb-bf0c]-9618&alias=ms02.etp.kit.edu&noUDP&sock=startd_1597_fcd6>
	SlotName: slot1_12@ms02.etp.kit.edu
	CondorScratchDir = "/var/lib/condor/execute/dir_2172780"
	Cpus = 4
	Disk = 1639213
	Memory = 10112
...
040 (902077.855.000) 2025-02-08 01:21:58 Started transferring output files
...
040 (902077.855.000) 2025-02-08 01:21:58 Finished transferring output files
...
005 (902077.855.000) 2025-02-08 01:21:58 Job terminated.
	(1) Normal termination (return value 1)
		Usr 0 00:00:00, Sys 0 00:00:00  -  Run Remote Usage
		Usr 0 00:00:00, Sys 0 00:00:00  -  Run Local Usage
		Usr 0 00:00:00, Sys 0 00:00:00  -  Total Remote Usage
		Usr 0 00:00:00, Sys 0 00:00:00  -  Total Local Usage
	1866  -  Run Bytes Sent By Job
	0  -  Run Bytes Received By Job
	7464  -  Total Bytes Sent By Job
	0  -  Total Bytes Received By Job
	Partitionable Resources :    Usage  Request Allocated 
	   Cpus                 :     0.01        4         4 
	   Disk (KB)            :    25     1000000   1639213 
	   Memory (MB)          :             10000     10112 

	Job terminated of its own accord at 2025-02-08T00:21:58Z with exit-code 1.
...
