000 (902077.1438.000) 2025-02-07 20:42:50 Job submitted from host: <129.13.101.151:9618?addrs=129.13.101.151-9618+[2a00-1398-5-fe01-ec4-7aff-fede-e4ae]-9618&alias=bms3.etp.kit.edu&noUDP&sock=schedd_2157_19df>
...
040 (902077.1438.000) 2025-02-08 01:38:00 Finished transferring input files
...
001 (902077.1438.000) 2025-02-08 01:38:01 Job executing on host: <129.13.101.128:9618?addrs=129.13.101.128-9618+[2a00-1398-5-fe01-ae1f-6bff-febb-c206]-9618&alias=ms01.etp.kit.edu&noUDP&sock=startd_1784_410c>
	SlotName: slot1_10@ms01.etp.kit.edu
	CondorScratchDir = "/var/lib/condor/execute/dir_2485435"
	Cpus = 4
	Disk = 1754559
	Memory = 10112
...
040 (902077.1438.000) 2025-02-08 01:38:21 Started transferring output files
...
040 (902077.1438.000) 2025-02-08 01:38:21 Finished transferring output files
...
004 (902077.1438.000) 2025-02-08 01:38:21 Job was evicted.
	(0) Job terminated and was requeued
		Usr 0 00:00:00, Sys 0 00:00:00  -  Run Remote Usage
		Usr 0 00:00:00, Sys 0 00:00:00  -  Run Local Usage
	1866  -  Run Bytes Sent By Job
	0  -  Run Bytes Received By Job
	(1) Normal termination (return value 1)
	The job attribute OnExitRemove expression 'NumJobCompletions > JobMaxRetries || ExitCode =?= 0' evaluated to FALSE
...
040 (902077.1438.000) 2025-02-08 01:38:21 Finished transferring input files
...
001 (902077.1438.000) 2025-02-08 01:38:22 Job executing on host: <129.13.101.128:9618?addrs=129.13.101.128-9618+[2a00-1398-5-fe01-ae1f-6bff-febb-c206]-9618&alias=ms01.etp.kit.edu&noUDP&sock=startd_1784_410c>
	SlotName: slot1_4@ms01.etp.kit.edu
	CondorScratchDir = "/var/lib/condor/execute/dir_2509722"
	Cpus = 4
	Disk = 1754559
	Memory = 10112
...
040 (902077.1438.000) 2025-02-08 01:38:32 Started transferring output files
...
040 (902077.1438.000) 2025-02-08 01:38:32 Finished transferring output files
...
004 (902077.1438.000) 2025-02-08 01:38:33 Job was evicted.
	(0) Job terminated and was requeued
		Usr 0 00:00:00, Sys 0 00:00:00  -  Run Remote Usage
		Usr 0 00:00:00, Sys 0 00:00:00  -  Run Local Usage
	1866  -  Run Bytes Sent By Job
	0  -  Run Bytes Received By Job
	(1) Normal termination (return value 1)
	The job attribute OnExitRemove expression 'NumJobCompletions > JobMaxRetries || ExitCode =?= 0' evaluated to FALSE
...
040 (902077.1438.000) 2025-02-08 01:38:34 Finished transferring input files
...
001 (902077.1438.000) 2025-02-08 01:38:35 Job executing on host: <129.13.101.129:9618?addrs=129.13.101.129-9618+[2a00-1398-5-fe01-ae1f-6bff-febb-bf0c]-9618&alias=ms02.etp.kit.edu&noUDP&sock=startd_1597_fcd6>
	SlotName: slot1_11@ms02.etp.kit.edu
	CondorScratchDir = "/var/lib/condor/execute/dir_2203365"
	Cpus = 4
	Disk = 1639213
	Memory = 10112
...
040 (902077.1438.000) 2025-02-08 01:38:50 Started transferring output files
...
040 (902077.1438.000) 2025-02-08 01:38:50 Finished transferring output files
...
004 (902077.1438.000) 2025-02-08 01:38:50 Job was evicted.
	(0) Job terminated and was requeued
		Usr 0 00:00:00, Sys 0 00:00:00  -  Run Remote Usage
		Usr 0 00:00:00, Sys 0 00:00:00  -  Run Local Usage
	1866  -  Run Bytes Sent By Job
	0  -  Run Bytes Received By Job
	(1) Normal termination (return value 1)
	The job attribute OnExitRemove expression 'NumJobCompletions > JobMaxRetries || ExitCode =?= 0' evaluated to FALSE
...
040 (902077.1438.000) 2025-02-08 01:38:53 Finished transferring input files
...
001 (902077.1438.000) 2025-02-08 01:38:54 Job executing on host: <129.13.101.128:9618?addrs=129.13.101.128-9618+[2a00-1398-5-fe01-ae1f-6bff-febb-c206]-9618&alias=ms01.etp.kit.edu&noUDP&sock=startd_1784_410c>
	SlotName: slot1_5@ms01.etp.kit.edu
	CondorScratchDir = "/var/lib/condor/execute/dir_2548722"
	Cpus = 4
	Disk = 1754559
	Memory = 10112
...
040 (902077.1438.000) 2025-02-08 01:39:06 Started transferring output files
...
040 (902077.1438.000) 2025-02-08 01:39:06 Finished transferring output files
...
005 (902077.1438.000) 2025-02-08 01:39:06 Job terminated.
	(1) Normal termination (return value 1)
		Usr 0 00:00:00, Sys 0 00:00:00  -  Run Remote Usage
		Usr 0 00:00:00, Sys 0 00:00:00  -  Run Local Usage
		Usr 0 00:00:00, Sys 0 00:00:00  -  Total Remote Usage
		Usr 0 00:00:00, Sys 0 00:00:00  -  Total Local Usage
	1866  -  Run Bytes Sent By Job
	0  -  Run Bytes Received By Job
	7464  -  Total Bytes Sent By Job
	0  -  Total Bytes Received By Job
	Partitionable Resources :    Usage  Request Allocated 
	   Cpus                 :     0.05        4         4 
	   Disk (KB)            :    25     1000000   1754559 
	   Memory (MB)          :             10000     10112 

	Job terminated of its own accord at 2025-02-08T00:39:06Z with exit-code 1.
...
