000 (902077.1846.000) 2025-02-07 20:42:51 Job submitted from host: <129.13.101.151:9618?addrs=129.13.101.151-9618+[2a00-1398-5-fe01-ec4-7aff-fede-e4ae]-9618&alias=bms3.etp.kit.edu&noUDP&sock=schedd_2157_19df>
...
040 (902077.1846.000) 2025-02-08 01:49:39 Finished transferring input files
...
001 (902077.1846.000) 2025-02-08 01:49:40 Job executing on host: <129.13.101.152:9618?addrs=129.13.101.152-9618+[2a00-1398-5-fe01--2001]-9618&alias=mdm1.etp.kit.edu&noUDP&sock=startd_3862_96d9>
	SlotName: slot1_65@mdm1.etp.kit.edu
	CondorScratchDir = "/local/scratch/ssd/condor/execute/dir_1112921"
	Cpus = 4
	Disk = 5298931
	Memory = 10112
...
040 (902077.1846.000) 2025-02-08 01:49:52 Started transferring output files
...
040 (902077.1846.000) 2025-02-08 01:49:52 Finished transferring output files
...
004 (902077.1846.000) 2025-02-08 01:49:52 Job was evicted.
	(0) Job terminated and was requeued
		Usr 0 00:00:00, Sys 0 00:00:00  -  Run Remote Usage
		Usr 0 00:00:00, Sys 0 00:00:00  -  Run Local Usage
	1862  -  Run Bytes Sent By Job
	0  -  Run Bytes Received By Job
	(1) Normal termination (return value 1)
	The job attribute OnExitRemove expression 'NumJobCompletions > JobMaxRetries || ExitCode =?= 0' evaluated to FALSE
...
040 (902077.1846.000) 2025-02-08 01:50:02 Finished transferring input files
...
001 (902077.1846.000) 2025-02-08 01:50:03 Job executing on host: <129.13.101.131:9618?addrs=129.13.101.131-9618+[2a00-1398-5-fe01-ae1f-6bff-febb-c016]-9618&alias=ms04.etp.kit.edu&noUDP&sock=startd_1624_81e4>
	SlotName: slot1_6@ms04.etp.kit.edu
	CondorScratchDir = "/var/lib/condor/execute/dir_2181031"
	Cpus = 4
	Disk = 1702864
	Memory = 10112
...
040 (902077.1846.000) 2025-02-08 01:50:14 Started transferring output files
...
040 (902077.1846.000) 2025-02-08 01:50:14 Finished transferring output files
...
004 (902077.1846.000) 2025-02-08 01:50:15 Job was evicted.
	(0) Job terminated and was requeued
		Usr 0 00:00:00, Sys 0 00:00:00  -  Run Remote Usage
		Usr 0 00:00:00, Sys 0 00:00:00  -  Run Local Usage
	1862  -  Run Bytes Sent By Job
	0  -  Run Bytes Received By Job
	(1) Normal termination (return value 1)
	The job attribute OnExitRemove expression 'NumJobCompletions > JobMaxRetries || ExitCode =?= 0' evaluated to FALSE
...
040 (902077.1846.000) 2025-02-08 01:50:15 Finished transferring input files
...
001 (902077.1846.000) 2025-02-08 01:50:16 Job executing on host: <129.13.101.128:9618?addrs=129.13.101.128-9618+[2a00-1398-5-fe01-ae1f-6bff-febb-c206]-9618&alias=ms01.etp.kit.edu&noUDP&sock=startd_1784_410c>
	SlotName: slot1_7@ms01.etp.kit.edu
	CondorScratchDir = "/var/lib/condor/execute/dir_3507174"
	Cpus = 4
	Disk = 1754559
	Memory = 10112
...
040 (902077.1846.000) 2025-02-08 01:50:28 Started transferring output files
...
040 (902077.1846.000) 2025-02-08 01:50:29 Finished transferring output files
...
004 (902077.1846.000) 2025-02-08 01:50:29 Job was evicted.
	(0) Job terminated and was requeued
		Usr 0 00:00:00, Sys 0 00:00:00  -  Run Remote Usage
		Usr 0 00:00:00, Sys 0 00:00:00  -  Run Local Usage
	1862  -  Run Bytes Sent By Job
	0  -  Run Bytes Received By Job
	(1) Normal termination (return value 1)
	The job attribute OnExitRemove expression 'NumJobCompletions > JobMaxRetries || ExitCode =?= 0' evaluated to FALSE
...
040 (902077.1846.000) 2025-02-08 01:50:31 Finished transferring input files
...
001 (902077.1846.000) 2025-02-08 01:50:32 Job executing on host: <129.13.101.152:9618?addrs=129.13.101.152-9618+[2a00-1398-5-fe01--2001]-9618&alias=mdm1.etp.kit.edu&noUDP&sock=startd_3862_96d9>
	SlotName: slot1_59@mdm1.etp.kit.edu
	CondorScratchDir = "/local/scratch/ssd/condor/execute/dir_1226109"
	Cpus = 4
	Disk = 5298931
	Memory = 10112
...
040 (902077.1846.000) 2025-02-08 01:50:44 Started transferring output files
...
040 (902077.1846.000) 2025-02-08 01:50:44 Finished transferring output files
...
005 (902077.1846.000) 2025-02-08 01:50:44 Job terminated.
	(1) Normal termination (return value 1)
		Usr 0 00:00:00, Sys 0 00:00:00  -  Run Remote Usage
		Usr 0 00:00:00, Sys 0 00:00:00  -  Run Local Usage
		Usr 0 00:00:00, Sys 0 00:00:00  -  Total Remote Usage
		Usr 0 00:00:00, Sys 0 00:00:00  -  Total Local Usage
	1862  -  Run Bytes Sent By Job
	0  -  Run Bytes Received By Job
	7448  -  Total Bytes Sent By Job
	0  -  Total Bytes Received By Job
	Partitionable Resources :    Usage  Request Allocated 
	   Cpus                 :     0.11        4         4 
	   Disk (KB)            :    25     1000000   5298931 
	   Memory (MB)          :             10000     10112 

	Job terminated of its own accord at 2025-02-08T00:50:44Z with exit-code 1.
...
