000 (902077.2132.000) 2025-02-07 20:42:52 Job submitted from host: <129.13.101.151:9618?addrs=129.13.101.151-9618+[2a00-1398-5-fe01-ec4-7aff-fede-e4ae]-9618&alias=bms3.etp.kit.edu&noUDP&sock=schedd_2157_19df>
...
040 (902077.2132.000) 2025-02-08 01:57:33 Finished transferring input files
...
001 (902077.2132.000) 2025-02-08 01:57:34 Job executing on host: <129.13.101.130:9618?addrs=129.13.101.130-9618+[2a00-1398-5-fe01-ae1f-6bff-febb-bf2e]-9618&alias=ms03.etp.kit.edu&noUDP&sock=startd_1620_c383>
	SlotName: slot1_7@ms03.etp.kit.edu
	CondorScratchDir = "/var/lib/condor/execute/dir_695743"
	Cpus = 4
	Disk = 1704070
	Memory = 10112
...
040 (902077.2132.000) 2025-02-08 01:57:47 Started transferring output files
...
040 (902077.2132.000) 2025-02-08 01:57:47 Finished transferring output files
...
004 (902077.2132.000) 2025-02-08 01:57:48 Job was evicted.
	(0) Job terminated and was requeued
		Usr 0 00:00:00, Sys 0 00:00:00  -  Run Remote Usage
		Usr 0 00:00:00, Sys 0 00:00:00  -  Run Local Usage
	1866  -  Run Bytes Sent By Job
	0  -  Run Bytes Received By Job
	(1) Normal termination (return value 1)
	The job attribute OnExitRemove expression 'NumJobCompletions > JobMaxRetries || ExitCode =?= 0' evaluated to FALSE
...
040 (902077.2132.000) 2025-02-08 01:57:48 Finished transferring input files
...
001 (902077.2132.000) 2025-02-08 01:57:49 Job executing on host: <129.13.101.130:9618?addrs=129.13.101.130-9618+[2a00-1398-5-fe01-ae1f-6bff-febb-bf2e]-9618&alias=ms03.etp.kit.edu&noUDP&sock=startd_1620_c383>
	SlotName: slot1_7@ms03.etp.kit.edu
	CondorScratchDir = "/var/lib/condor/execute/dir_716341"
	Cpus = 4
	Disk = 1704070
	Memory = 10112
...
040 (902077.2132.000) 2025-02-08 01:58:00 Started transferring output files
...
040 (902077.2132.000) 2025-02-08 01:58:00 Finished transferring output files
...
004 (902077.2132.000) 2025-02-08 01:58:00 Job was evicted.
	(0) Job terminated and was requeued
		Usr 0 00:00:00, Sys 0 00:00:00  -  Run Remote Usage
		Usr 0 00:00:00, Sys 0 00:00:00  -  Run Local Usage
	1866  -  Run Bytes Sent By Job
	0  -  Run Bytes Received By Job
	(1) Normal termination (return value 1)
	The job attribute OnExitRemove expression 'NumJobCompletions > JobMaxRetries || ExitCode =?= 0' evaluated to FALSE
...
040 (902077.2132.000) 2025-02-08 01:58:03 Finished transferring input files
...
001 (902077.2132.000) 2025-02-08 01:58:04 Job executing on host: <129.13.101.130:9618?addrs=129.13.101.130-9618+[2a00-1398-5-fe01-ae1f-6bff-febb-bf2e]-9618&alias=ms03.etp.kit.edu&noUDP&sock=startd_1620_c383>
	SlotName: slot1_8@ms03.etp.kit.edu
	CondorScratchDir = "/var/lib/condor/execute/dir_737012"
	Cpus = 4
	Disk = 1704070
	Memory = 10112
...
040 (902077.2132.000) 2025-02-08 01:58:15 Started transferring output files
...
040 (902077.2132.000) 2025-02-08 01:58:15 Finished transferring output files
...
004 (902077.2132.000) 2025-02-08 01:58:15 Job was evicted.
	(0) Job terminated and was requeued
		Usr 0 00:00:00, Sys 0 00:00:00  -  Run Remote Usage
		Usr 0 00:00:00, Sys 0 00:00:00  -  Run Local Usage
	1866  -  Run Bytes Sent By Job
	0  -  Run Bytes Received By Job
	(1) Normal termination (return value 1)
	The job attribute OnExitRemove expression 'NumJobCompletions > JobMaxRetries || ExitCode =?= 0' evaluated to FALSE
...
040 (902077.2132.000) 2025-02-08 01:58:19 Finished transferring input files
...
001 (902077.2132.000) 2025-02-08 01:58:20 Job executing on host: <129.13.101.152:9618?addrs=129.13.101.152-9618+[2a00-1398-5-fe01--2001]-9618&alias=mdm1.etp.kit.edu&noUDP&sock=startd_3862_96d9>
	SlotName: slot1_59@mdm1.etp.kit.edu
	CondorScratchDir = "/local/scratch/ssd/condor/execute/dir_2236347"
	Cpus = 4
	Disk = 5298931
	Memory = 10112
...
040 (902077.2132.000) 2025-02-08 01:58:34 Started transferring output files
...
040 (902077.2132.000) 2025-02-08 01:58:34 Finished transferring output files
...
005 (902077.2132.000) 2025-02-08 01:58:34 Job terminated.
	(1) Normal termination (return value 1)
		Usr 0 00:00:00, Sys 0 00:00:00  -  Run Remote Usage
		Usr 0 00:00:00, Sys 0 00:00:00  -  Run Local Usage
		Usr 0 00:00:00, Sys 0 00:00:00  -  Total Remote Usage
		Usr 0 00:00:00, Sys 0 00:00:00  -  Total Local Usage
	1866  -  Run Bytes Sent By Job
	0  -  Run Bytes Received By Job
	7464  -  Total Bytes Sent By Job
	0  -  Total Bytes Received By Job
	Partitionable Resources :    Usage  Request Allocated 
	   Cpus                 :        0        4         4 
	   Disk (KB)            :       24  1000000   5298931 
	   Memory (MB)          :             10000     10112 

	Job terminated of its own accord at 2025-02-08T00:58:34Z with exit-code 1.
...
