000 (902077.1129.000) 2025-02-07 20:42:49 Job submitted from host: <129.13.101.151:9618?addrs=129.13.101.151-9618+[2a00-1398-5-fe01-ec4-7aff-fede-e4ae]-9618&alias=bms3.etp.kit.edu&noUDP&sock=schedd_2157_19df>
...
040 (902077.1129.000) 2025-02-08 01:29:05 Finished transferring input files
...
001 (902077.1129.000) 2025-02-08 01:29:06 Job executing on host: <129.13.101.130:9618?addrs=129.13.101.130-9618+[2a00-1398-5-fe01-ae1f-6bff-febb-bf2e]-9618&alias=ms03.etp.kit.edu&noUDP&sock=startd_1620_c383>
	SlotName: slot1_8@ms03.etp.kit.edu
	CondorScratchDir = "/var/lib/condor/execute/dir_2671309"
	Cpus = 4
	Disk = 1704070
	Memory = 10112
...
040 (902077.1129.000) 2025-02-08 01:29:18 Started transferring output files
...
040 (902077.1129.000) 2025-02-08 01:29:18 Finished transferring output files
...
004 (902077.1129.000) 2025-02-08 01:29:18 Job was evicted.
	(0) Job terminated and was requeued
		Usr 0 00:00:00, Sys 0 00:00:00  -  Run Remote Usage
		Usr 0 00:00:00, Sys 0 00:00:00  -  Run Local Usage
	1862  -  Run Bytes Sent By Job
	0  -  Run Bytes Received By Job
	(1) Normal termination (return value 1)
	The job attribute OnExitRemove expression 'NumJobCompletions > JobMaxRetries || ExitCode =?= 0' evaluated to FALSE
...
040 (902077.1129.000) 2025-02-08 01:29:20 Finished transferring input files
...
001 (902077.1129.000) 2025-02-08 01:29:21 Job executing on host: <129.13.101.129:9618?addrs=129.13.101.129-9618+[2a00-1398-5-fe01-ae1f-6bff-febb-bf0c]-9618&alias=ms02.etp.kit.edu&noUDP&sock=startd_1597_fcd6>
	SlotName: slot1_7@ms02.etp.kit.edu
	CondorScratchDir = "/var/lib/condor/execute/dir_2186792"
	Cpus = 4
	Disk = 1639213
	Memory = 10112
...
040 (902077.1129.000) 2025-02-08 01:29:36 Started transferring output files
...
040 (902077.1129.000) 2025-02-08 01:29:36 Finished transferring output files
...
004 (902077.1129.000) 2025-02-08 01:29:36 Job was evicted.
	(0) Job terminated and was requeued
		Usr 0 00:00:00, Sys 0 00:00:00  -  Run Remote Usage
		Usr 0 00:00:00, Sys 0 00:00:00  -  Run Local Usage
	1862  -  Run Bytes Sent By Job
	0  -  Run Bytes Received By Job
	(1) Normal termination (return value 1)
	The job attribute OnExitRemove expression 'NumJobCompletions > JobMaxRetries || ExitCode =?= 0' evaluated to FALSE
...
040 (902077.1129.000) 2025-02-08 01:29:36 Finished transferring input files
...
001 (902077.1129.000) 2025-02-08 01:29:37 Job executing on host: <129.13.101.131:9618?addrs=129.13.101.131-9618+[2a00-1398-5-fe01-ae1f-6bff-febb-c016]-9618&alias=ms04.etp.kit.edu&noUDP&sock=startd_1624_81e4>
	SlotName: slot1_7@ms04.etp.kit.edu
	CondorScratchDir = "/var/lib/condor/execute/dir_565850"
	Cpus = 4
	Disk = 1702864
	Memory = 10112
...
040 (902077.1129.000) 2025-02-08 01:29:50 Started transferring output files
...
040 (902077.1129.000) 2025-02-08 01:29:50 Finished transferring output files
...
004 (902077.1129.000) 2025-02-08 01:29:50 Job was evicted.
	(0) Job terminated and was requeued
		Usr 0 00:00:00, Sys 0 00:00:00  -  Run Remote Usage
		Usr 0 00:00:00, Sys 0 00:00:00  -  Run Local Usage
	1862  -  Run Bytes Sent By Job
	0  -  Run Bytes Received By Job
	(1) Normal termination (return value 1)
	The job attribute OnExitRemove expression 'NumJobCompletions > JobMaxRetries || ExitCode =?= 0' evaluated to FALSE
...
040 (902077.1129.000) 2025-02-08 01:29:54 Finished transferring input files
...
001 (902077.1129.000) 2025-02-08 01:29:55 Job executing on host: <129.13.101.128:9618?addrs=129.13.101.128-9618+[2a00-1398-5-fe01-ae1f-6bff-febb-c206]-9618&alias=ms01.etp.kit.edu&noUDP&sock=startd_1784_410c>
	SlotName: slot1_8@ms01.etp.kit.edu
	CondorScratchDir = "/var/lib/condor/execute/dir_1983424"
	Cpus = 4
	Disk = 1754559
	Memory = 10112
...
040 (902077.1129.000) 2025-02-08 01:30:11 Started transferring output files
...
040 (902077.1129.000) 2025-02-08 01:30:11 Finished transferring output files
...
005 (902077.1129.000) 2025-02-08 01:30:11 Job terminated.
	(1) Normal termination (return value 1)
		Usr 0 00:00:00, Sys 0 00:00:00  -  Run Remote Usage
		Usr 0 00:00:00, Sys 0 00:00:00  -  Run Local Usage
		Usr 0 00:00:00, Sys 0 00:00:00  -  Total Remote Usage
		Usr 0 00:00:00, Sys 0 00:00:00  -  Total Local Usage
	1862  -  Run Bytes Sent By Job
	0  -  Run Bytes Received By Job
	7448  -  Total Bytes Sent By Job
	0  -  Total Bytes Received By Job
	Partitionable Resources :    Usage  Request Allocated 
	   Cpus                 :     0.00        4         4 
	   Disk (KB)            :    25     1000000   1754559 
	   Memory (MB)          :             10000     10112 

	Job terminated of its own accord at 2025-02-08T00:30:11Z with exit-code 1.
...
