000 (902077.1769.000) 2025-02-07 20:42:51 Job submitted from host: <129.13.101.151:9618?addrs=129.13.101.151-9618+[2a00-1398-5-fe01-ec4-7aff-fede-e4ae]-9618&alias=bms3.etp.kit.edu&noUDP&sock=schedd_2157_19df>
...
040 (902077.1769.000) 2025-02-08 01:47:33 Finished transferring input files
...
001 (902077.1769.000) 2025-02-08 01:47:34 Job executing on host: <129.13.101.129:9618?addrs=129.13.101.129-9618+[2a00-1398-5-fe01-ae1f-6bff-febb-bf0c]-9618&alias=ms02.etp.kit.edu&noUDP&sock=startd_1597_fcd6>
	SlotName: slot1_7@ms02.etp.kit.edu
	CondorScratchDir = "/var/lib/condor/execute/dir_2219480"
	Cpus = 4
	Disk = 1639213
	Memory = 10112
...
040 (902077.1769.000) 2025-02-08 01:47:50 Started transferring output files
...
040 (902077.1769.000) 2025-02-08 01:47:50 Finished transferring output files
...
004 (902077.1769.000) 2025-02-08 01:47:50 Job was evicted.
	(0) Job terminated and was requeued
		Usr 0 00:00:00, Sys 0 00:00:00  -  Run Remote Usage
		Usr 0 00:00:00, Sys 0 00:00:00  -  Run Local Usage
	1862  -  Run Bytes Sent By Job
	0  -  Run Bytes Received By Job
	(1) Normal termination (return value 1)
	The job attribute OnExitRemove expression 'NumJobCompletions > JobMaxRetries || ExitCode =?= 0' evaluated to FALSE
...
040 (902077.1769.000) 2025-02-08 01:47:54 Finished transferring input files
...
001 (902077.1769.000) 2025-02-08 01:47:55 Job executing on host: <129.13.101.130:9618?addrs=129.13.101.130-9618+[2a00-1398-5-fe01-ae1f-6bff-febb-bf2e]-9618&alias=ms03.etp.kit.edu&noUDP&sock=startd_1620_c383>
	SlotName: slot1_11@ms03.etp.kit.edu
	CondorScratchDir = "/var/lib/condor/execute/dir_4113344"
	Cpus = 4
	Disk = 1704070
	Memory = 10112
...
040 (902077.1769.000) 2025-02-08 01:48:07 Started transferring output files
...
040 (902077.1769.000) 2025-02-08 01:48:07 Finished transferring output files
...
004 (902077.1769.000) 2025-02-08 01:48:07 Job was evicted.
	(0) Job terminated and was requeued
		Usr 0 00:00:00, Sys 0 00:00:00  -  Run Remote Usage
		Usr 0 00:00:00, Sys 0 00:00:00  -  Run Local Usage
	1862  -  Run Bytes Sent By Job
	0  -  Run Bytes Received By Job
	(1) Normal termination (return value 1)
	The job attribute OnExitRemove expression 'NumJobCompletions > JobMaxRetries || ExitCode =?= 0' evaluated to FALSE
...
040 (902077.1769.000) 2025-02-08 01:48:11 Finished transferring input files
...
001 (902077.1769.000) 2025-02-08 01:48:12 Job executing on host: <129.13.101.131:9618?addrs=129.13.101.131-9618+[2a00-1398-5-fe01-ae1f-6bff-febb-c016]-9618&alias=ms04.etp.kit.edu&noUDP&sock=startd_1624_81e4>
	SlotName: slot1_11@ms04.etp.kit.edu
	CondorScratchDir = "/var/lib/condor/execute/dir_2030271"
	Cpus = 4
	Disk = 1702864
	Memory = 10112
...
040 (902077.1769.000) 2025-02-08 01:48:30 Started transferring output files
...
040 (902077.1769.000) 2025-02-08 01:48:30 Finished transferring output files
...
004 (902077.1769.000) 2025-02-08 01:48:30 Job was evicted.
	(0) Job terminated and was requeued
		Usr 0 00:00:00, Sys 0 00:00:00  -  Run Remote Usage
		Usr 0 00:00:00, Sys 0 00:00:00  -  Run Local Usage
	1862  -  Run Bytes Sent By Job
	0  -  Run Bytes Received By Job
	(1) Normal termination (return value 1)
	The job attribute OnExitRemove expression 'NumJobCompletions > JobMaxRetries || ExitCode =?= 0' evaluated to FALSE
...
040 (902077.1769.000) 2025-02-08 01:48:31 Finished transferring input files
...
001 (902077.1769.000) 2025-02-08 01:48:32 Job executing on host: <129.13.101.128:9618?addrs=129.13.101.128-9618+[2a00-1398-5-fe01-ae1f-6bff-febb-c206]-9618&alias=ms01.etp.kit.edu&noUDP&sock=startd_1784_410c>
	SlotName: slot1_15@ms01.etp.kit.edu
	CondorScratchDir = "/var/lib/condor/execute/dir_3344602"
	Cpus = 4
	Disk = 1754559
	Memory = 10112
...
040 (902077.1769.000) 2025-02-08 01:48:45 Started transferring output files
...
040 (902077.1769.000) 2025-02-08 01:48:45 Finished transferring output files
...
005 (902077.1769.000) 2025-02-08 01:48:45 Job terminated.
	(1) Normal termination (return value 1)
		Usr 0 00:00:00, Sys 0 00:00:00  -  Run Remote Usage
		Usr 0 00:00:00, Sys 0 00:00:00  -  Run Local Usage
		Usr 0 00:00:00, Sys 0 00:00:00  -  Total Remote Usage
		Usr 0 00:00:00, Sys 0 00:00:00  -  Total Local Usage
	1862  -  Run Bytes Sent By Job
	0  -  Run Bytes Received By Job
	7448  -  Total Bytes Sent By Job
	0  -  Total Bytes Received By Job
	Partitionable Resources :    Usage  Request Allocated 
	   Cpus                 :        0        4         4 
	   Disk (KB)            :       25  1000000   1754559 
	   Memory (MB)          :             10000     10112 

	Job terminated of its own accord at 2025-02-08T00:48:45Z with exit-code 1.
...
