000 (902077.789.000) 2025-02-07 20:42:48 Job submitted from host: <129.13.101.151:9618?addrs=129.13.101.151-9618+[2a00-1398-5-fe01-ec4-7aff-fede-e4ae]-9618&alias=bms3.etp.kit.edu&noUDP&sock=schedd_2157_19df>
...
040 (902077.789.000) 2025-02-08 01:18:58 Finished transferring input files
...
001 (902077.789.000) 2025-02-08 01:18:59 Job executing on host: <129.13.101.131:9618?addrs=129.13.101.131-9618+[2a00-1398-5-fe01-ae1f-6bff-febb-c016]-9618&alias=ms04.etp.kit.edu&noUDP&sock=startd_1624_81e4>
	SlotName: slot1_11@ms04.etp.kit.edu
	CondorScratchDir = "/var/lib/condor/execute/dir_3911425"
	Cpus = 4
	Disk = 1702864
	Memory = 10112
...
040 (902077.789.000) 2025-02-08 01:19:48 Started transferring output files
...
040 (902077.789.000) 2025-02-08 01:19:48 Finished transferring output files
...
005 (902077.789.000) 2025-02-08 01:19:48 Job terminated.
	(1) Normal termination (return value 0)
		Usr 0 00:00:00, Sys 0 00:00:00  -  Run Remote Usage
		Usr 0 00:00:00, Sys 0 00:00:00  -  Run Local Usage
		Usr 0 00:00:00, Sys 0 00:00:00  -  Total Remote Usage
		Usr 0 00:00:00, Sys 0 00:00:00  -  Total Local Usage
	2481  -  Run Bytes Sent By Job
	0  -  Run Bytes Received By Job
	2481  -  Total Bytes Sent By Job
	0  -  Total Bytes Received By Job
	Partitionable Resources :    Usage  Request Allocated 
	   Cpus                 :        0        4         4 
	   Disk (KB)            :       24  1000000   1702864 
	   Memory (MB)          :             10000     10112 

	Job terminated of its own accord at 2025-02-08T00:19:48Z with exit-code 0.
...
