000 (902077.721.000) 2025-02-07 20:42:48 Job submitted from host: <129.13.101.151:9618?addrs=129.13.101.151-9618+[2a00-1398-5-fe01-ec4-7aff-fede-e4ae]-9618&alias=bms3.etp.kit.edu&noUDP&sock=schedd_2157_19df>
...
040 (902077.721.000) 2025-02-08 01:16:57 Finished transferring input files
...
001 (902077.721.000) 2025-02-08 01:16:58 Job executing on host: <129.13.101.128:9618?addrs=129.13.101.128-9618+[2a00-1398-5-fe01-ae1f-6bff-febb-c206]-9618&alias=ms01.etp.kit.edu&noUDP&sock=startd_1784_410c>
	SlotName: slot1_2@ms01.etp.kit.edu
	CondorScratchDir = "/var/lib/condor/execute/dir_1213316"
	Cpus = 4
	Disk = 1754559
	Memory = 10112
...
040 (902077.721.000) 2025-02-08 01:17:09 Started transferring output files
...
040 (902077.721.000) 2025-02-08 01:17:09 Finished transferring output files
...
004 (902077.721.000) 2025-02-08 01:17:09 Job was evicted.
	(0) Job terminated and was requeued
		Usr 0 00:00:00, Sys 0 00:00:00  -  Run Remote Usage
		Usr 0 00:00:00, Sys 0 00:00:00  -  Run Local Usage
	1862  -  Run Bytes Sent By Job
	0  -  Run Bytes Received By Job
	(1) Normal termination (return value 1)
	The job attribute OnExitRemove expression 'NumJobCompletions > JobMaxRetries || ExitCode =?= 0' evaluated to FALSE
...
040 (902077.721.000) 2025-02-08 01:17:15 Finished transferring input files
...
001 (902077.721.000) 2025-02-08 01:17:16 Job executing on host: <129.13.101.131:9618?addrs=129.13.101.131-9618+[2a00-1398-5-fe01-ae1f-6bff-febb-c016]-9618&alias=ms04.etp.kit.edu&noUDP&sock=startd_1624_81e4>
	SlotName: slot1_9@ms04.etp.kit.edu
	CondorScratchDir = "/var/lib/condor/execute/dir_3799963"
	Cpus = 4
	Disk = 1702864
	Memory = 10112
...
040 (902077.721.000) 2025-02-08 01:17:29 Started transferring output files
...
040 (902077.721.000) 2025-02-08 01:17:29 Finished transferring output files
...
004 (902077.721.000) 2025-02-08 01:17:29 Job was evicted.
	(0) Job terminated and was requeued
		Usr 0 00:00:00, Sys 0 00:00:00  -  Run Remote Usage
		Usr 0 00:00:00, Sys 0 00:00:00  -  Run Local Usage
	1862  -  Run Bytes Sent By Job
	0  -  Run Bytes Received By Job
	(1) Normal termination (return value 1)
	The job attribute OnExitRemove expression 'NumJobCompletions > JobMaxRetries || ExitCode =?= 0' evaluated to FALSE
...
040 (902077.721.000) 2025-02-08 01:17:29 Finished transferring input files
...
001 (902077.721.000) 2025-02-08 01:17:30 Job executing on host: <129.13.101.128:9618?addrs=129.13.101.128-9618+[2a00-1398-5-fe01-ae1f-6bff-febb-c206]-9618&alias=ms01.etp.kit.edu&noUDP&sock=startd_1784_410c>
	SlotName: slot1_1@ms01.etp.kit.edu
	CondorScratchDir = "/var/lib/condor/execute/dir_1244559"
	Cpus = 4
	Disk = 1754559
	Memory = 10112
...
040 (902077.721.000) 2025-02-08 01:17:40 Started transferring output files
...
040 (902077.721.000) 2025-02-08 01:17:40 Finished transferring output files
...
004 (902077.721.000) 2025-02-08 01:17:40 Job was evicted.
	(0) Job terminated and was requeued
		Usr 0 00:00:00, Sys 0 00:00:00  -  Run Remote Usage
		Usr 0 00:00:00, Sys 0 00:00:00  -  Run Local Usage
	1862  -  Run Bytes Sent By Job
	0  -  Run Bytes Received By Job
	(1) Normal termination (return value 1)
	The job attribute OnExitRemove expression 'NumJobCompletions > JobMaxRetries || ExitCode =?= 0' evaluated to FALSE
...
040 (902077.721.000) 2025-02-08 01:17:41 Finished transferring input files
...
001 (902077.721.000) 2025-02-08 01:17:42 Job executing on host: <129.13.101.128:9618?addrs=129.13.101.128-9618+[2a00-1398-5-fe01-ae1f-6bff-febb-c206]-9618&alias=ms01.etp.kit.edu&noUDP&sock=startd_1784_410c>
	SlotName: slot1_10@ms01.etp.kit.edu
	CondorScratchDir = "/var/lib/condor/execute/dir_1256429"
	Cpus = 4
	Disk = 1754559
	Memory = 10112
...
040 (902077.721.000) 2025-02-08 01:17:52 Started transferring output files
...
040 (902077.721.000) 2025-02-08 01:17:52 Finished transferring output files
...
005 (902077.721.000) 2025-02-08 01:17:53 Job terminated.
	(1) Normal termination (return value 1)
		Usr 0 00:00:00, Sys 0 00:00:00  -  Run Remote Usage
		Usr 0 00:00:00, Sys 0 00:00:00  -  Run Local Usage
		Usr 0 00:00:00, Sys 0 00:00:00  -  Total Remote Usage
		Usr 0 00:00:00, Sys 0 00:00:00  -  Total Local Usage
	1862  -  Run Bytes Sent By Job
	0  -  Run Bytes Received By Job
	7448  -  Total Bytes Sent By Job
	0  -  Total Bytes Received By Job
	Partitionable Resources :    Usage  Request Allocated 
	   Cpus                 :        0        4         4 
	   Disk (KB)            :       25  1000000   1754559 
	   Memory (MB)          :             10000     10112 

	Job terminated of its own accord at 2025-02-08T00:17:52Z with exit-code 1.
...
