----> INFO: Loading analyzers from libFCCAnalyses...
----> INFO: Loading analysis file:
            /work/awiedl/FCCAnalyses/examples/FCCee/higgs/tautau/xsec/ecm365/ktN-tag/NuNu/analysis_stage2_NuNuHH.py
----> INFO: Multithreading enabled. Running over 6 threads
----> INFO: Loading functions.h...
mkdir: cannot create directory '/eos': Permission denied
----> INFO: Running over files provided in command line argument...
----> INFO: Creating dataframe object from files:
            	- /ceph/awiedl/FCCee/HiggsCP/ecm365/stage1_280125/wzp6_gaga_ee_60_ecm365/chunk_111.root	
            - /ceph/awiedl/FCCee/HiggsCP/ecm365/stage1_280125/wzp6_gaga_ee_60_ecm365/chunk_87.root	
            - /ceph/awiedl/FCCee/HiggsCP/ecm365/stage1_280125/wzp6_gaga_ee_60_ecm365/chunk_157.root	
            - /ceph/awiedl/FCCee/HiggsCP/ecm365/stage1_280125/wzp6_gaga_ee_60_ecm365/chunk_67.root	
            - /ceph/awiedl/FCCee/HiggsCP/ecm365/stage1_280125/wzp6_gaga_ee_60_ecm365/chunk_48.root	
            - /ceph/awiedl/FCCee/HiggsCP/ecm365/stage1_280125/wzp6_gaga_ee_60_ecm365/chunk_33.root	
            - /ceph/awiedl/FCCee/HiggsCP/ecm365/stage1_280125/wzp6_gaga_ee_60_ecm365/chunk_6.root	
            - /ceph/awiedl/FCCee/HiggsCP/ecm365/stage1_280125/wzp6_gaga_ee_60_ecm365/chunk_166.root	
            - /ceph/awiedl/FCCee/HiggsCP/ecm365/stage1_280125/wzp6_gaga_ee_60_ecm365/chunk_84.root	
            - /ceph/awiedl/FCCee/HiggsCP/ecm365/stage1_280125/wzp6_gaga_ee_60_ecm365/chunk_16.root	

----> INFO: Number of events:
            	- original: 1,000,000
            	- local:    1,000,000
----> INFO: Output file path:
            /ceph/awiedl/FCCee/HiggsCP/ecm365/ktN-tag/stage2_280125/NuNu/HH/wzp6_gaga_ee_60_ecm365/chunk_11.root
----> INFO: =================================== SUMMARY ====================================
            Elapsed time (H:M:S):    00:00:28
            Events processed/second: 34,694
            Total events processed:  1,000,000
            No. result events:       2,331
            Reduction factor local:  0.002331
            Reduction factor total:  0.002331
            ================================================================================

