----> INFO: Loading analyzers from libFCCAnalyses...
----> INFO: Loading analysis file:
            /work/awiedl/FCCAnalyses/examples/FCCee/higgs/tautau/xsec/ecm365/ktN-tag/LL/analysis_stage2_LLLL.py
----> INFO: Multithreading enabled. Running over 6 threads
----> INFO: Loading functions.h...
mkdir: cannot create directory '/eos': Permission denied
----> INFO: Running over files provided in command line argument...
----> INFO: Creating dataframe object from files:
            	- /ceph/awiedl/FCCee/HiggsCP/ecm365/stage1_280125/wzp6_ee_qqH_HZZ_ecm365/chunk_10.root	
            - /ceph/awiedl/FCCee/HiggsCP/ecm365/stage1_280125/wzp6_ee_qqH_HZZ_ecm365/chunk_2.root	
            - /ceph/awiedl/FCCee/HiggsCP/ecm365/stage1_280125/wzp6_ee_qqH_HZZ_ecm365/chunk_5.root	
            - /ceph/awiedl/FCCee/HiggsCP/ecm365/stage1_280125/wzp6_ee_qqH_HZZ_ecm365/chunk_1.root	
            - /ceph/awiedl/FCCee/HiggsCP/ecm365/stage1_280125/wzp6_ee_qqH_HZZ_ecm365/chunk_3.root	
            - /ceph/awiedl/FCCee/HiggsCP/ecm365/stage1_280125/wzp6_ee_qqH_HZZ_ecm365/chunk_11.root	
            - /ceph/awiedl/FCCee/HiggsCP/ecm365/stage1_280125/wzp6_ee_qqH_HZZ_ecm365/chunk_4.root	
            - /ceph/awiedl/FCCee/HiggsCP/ecm365/stage1_280125/wzp6_ee_qqH_HZZ_ecm365/chunk_6.root	
            - /ceph/awiedl/FCCee/HiggsCP/ecm365/stage1_280125/wzp6_ee_qqH_HZZ_ecm365/chunk_8.root	
            - /ceph/awiedl/FCCee/HiggsCP/ecm365/stage1_280125/wzp6_ee_qqH_HZZ_ecm365/chunk_7.root	

----> INFO: Number of events:
            	- original: 1,000,000
            	- local:    1,000,000
----> INFO: Output file path:
            /ceph/awiedl/FCCee/HiggsCP/ecm365/ktN-tag/stage2_280125/LL/LL/wzp6_ee_qqH_HZZ_ecm365/chunk_0.root
----> INFO: =================================== SUMMARY ====================================
            Elapsed time (H:M:S):    00:00:40
            Events processed/second: 24,916
            Total events processed:  1,000,000
            No. result events:       0
            Reduction factor local:  0.0
            Reduction factor total:  0.0
            ================================================================================

