----> INFO: Loading analyzers from libFCCAnalyses...
----> INFO: Loading analysis file:
            /work/awiedl/FCCAnalyses/examples/FCCee/higgs/tautau/xsec/ecm365/ktN-tag/QQ/analysis_stage2_QQLH.py
----> INFO: Multithreading enabled. Running over 6 threads
----> INFO: Loading functions.h...
mkdir: cannot create directory '/eos': Permission denied
----> INFO: Running over files provided in command line argument...
----> INFO: Creating dataframe object from files:
            	- /ceph/awiedl/FCCee/HiggsCP/ecm365/stage1_280125/p8_ee_Zqq_ecm365/chunk_17.root	
            - /ceph/awiedl/FCCee/HiggsCP/ecm365/stage1_280125/p8_ee_Zqq_ecm365/chunk_42.root	
            - /ceph/awiedl/FCCee/HiggsCP/ecm365/stage1_280125/p8_ee_Zqq_ecm365/chunk_27.root	
            - /ceph/awiedl/FCCee/HiggsCP/ecm365/stage1_280125/p8_ee_Zqq_ecm365/chunk_8.root	
            - /ceph/awiedl/FCCee/HiggsCP/ecm365/stage1_280125/p8_ee_Zqq_ecm365/chunk_7.root	
            - /ceph/awiedl/FCCee/HiggsCP/ecm365/stage1_280125/p8_ee_Zqq_ecm365/chunk_44.root	
            - /ceph/awiedl/FCCee/HiggsCP/ecm365/stage1_280125/p8_ee_Zqq_ecm365/chunk_53.root	
            - /ceph/awiedl/FCCee/HiggsCP/ecm365/stage1_280125/p8_ee_Zqq_ecm365/chunk_43.root	
            - /ceph/awiedl/FCCee/HiggsCP/ecm365/stage1_280125/p8_ee_Zqq_ecm365/chunk_20.root	
            - /ceph/awiedl/FCCee/HiggsCP/ecm365/stage1_280125/p8_ee_Zqq_ecm365/chunk_28.root	

----> INFO: Number of events:
            	- original: 1,000,000
            	- local:    1,000,000
----> INFO: Output file path:
            /ceph/awiedl/FCCee/HiggsCP/ecm365/ktN-tag/stage2_280125/QQ/LH/p8_ee_Zqq_ecm365/chunk_4.root
----> INFO: =================================== SUMMARY ====================================
            Elapsed time (H:M:S):    00:00:38
            Events processed/second: 26,162
            Total events processed:  1,000,000
            No. result events:       4
            Reduction factor local:  4e-06
            Reduction factor total:  4e-06
            ================================================================================

