----> INFO: Loading analyzers from libFCCAnalyses...
----> INFO: Loading analysis file:
            /work/awiedl/FCCAnalyses/examples/FCCee/higgs/tautau/xsec/ecm365/ktN-tag/LL/analysis_stage2_LLHH.py
----> INFO: Multithreading enabled. Running over 6 threads
----> INFO: Loading functions.h...
mkdir: cannot create directory '/eos': Permission denied
----> INFO: Running over files provided in command line argument...
----> INFO: Creating dataframe object from files:
            	- /ceph/awiedl/FCCee/HiggsCP/ecm365/stage1_280125/wzp6_egamma_eZ_Zmumu_ecm365/chunk_12.root	
            - /ceph/awiedl/FCCee/HiggsCP/ecm365/stage1_280125/wzp6_egamma_eZ_Zmumu_ecm365/chunk_5.root	
            - /ceph/awiedl/FCCee/HiggsCP/ecm365/stage1_280125/wzp6_egamma_eZ_Zmumu_ecm365/chunk_32.root	
            - /ceph/awiedl/FCCee/HiggsCP/ecm365/stage1_280125/wzp6_egamma_eZ_Zmumu_ecm365/chunk_49.root	
            - /ceph/awiedl/FCCee/HiggsCP/ecm365/stage1_280125/wzp6_egamma_eZ_Zmumu_ecm365/chunk_14.root	
            - /ceph/awiedl/FCCee/HiggsCP/ecm365/stage1_280125/wzp6_egamma_eZ_Zmumu_ecm365/chunk_52.root	
            - /ceph/awiedl/FCCee/HiggsCP/ecm365/stage1_280125/wzp6_egamma_eZ_Zmumu_ecm365/chunk_29.root	
            - /ceph/awiedl/FCCee/HiggsCP/ecm365/stage1_280125/wzp6_egamma_eZ_Zmumu_ecm365/chunk_57.root	
            - /ceph/awiedl/FCCee/HiggsCP/ecm365/stage1_280125/wzp6_egamma_eZ_Zmumu_ecm365/chunk_1.root	
            - /ceph/awiedl/FCCee/HiggsCP/ecm365/stage1_280125/wzp6_egamma_eZ_Zmumu_ecm365/chunk_3.root	

----> INFO: Number of events:
            	- original: 1,000,000
            	- local:    1,000,000
----> INFO: Output file path:
            /ceph/awiedl/FCCee/HiggsCP/ecm365/ktN-tag/stage2_280125/LL/HH/wzp6_egamma_eZ_Zmumu_ecm365/chunk_2.root
----> INFO: =================================== SUMMARY ====================================
            Elapsed time (H:M:S):    00:00:37
            Events processed/second: 26,837
            Total events processed:  1,000,000
            No. result events:       1,189
            Reduction factor local:  0.001189
            Reduction factor total:  0.001189
            ================================================================================

