----> INFO: Loading analyzers from libFCCAnalyses...
----> INFO: Loading analysis file:
            /work/awiedl/FCCAnalyses/examples/FCCee/higgs/tautau/xsec/ecm240/ktN-tag/QQ/analysis_stage2_QQHH.py
----> INFO: Multithreading enabled. Running over 4 threads
----> INFO: Loading functions.h...
----> INFO: Running over files provided in command line argument...
----> INFO: Creating dataframe object from files:
            	- /ceph/awiedl/FCCee/HiggsCP/ecm240/stage1_241202/wzp6_gaga_tautau_60_ecm240/chunk_77.root	
            - /ceph/awiedl/FCCee/HiggsCP/ecm240/stage1_241202/wzp6_gaga_tautau_60_ecm240/chunk_83.root	
            - /ceph/awiedl/FCCee/HiggsCP/ecm240/stage1_241202/wzp6_gaga_tautau_60_ecm240/chunk_60.root	
            - /ceph/awiedl/FCCee/HiggsCP/ecm240/stage1_241202/wzp6_gaga_tautau_60_ecm240/chunk_305.root	
            - /ceph/awiedl/FCCee/HiggsCP/ecm240/stage1_241202/wzp6_gaga_tautau_60_ecm240/chunk_297.root	
            - /ceph/awiedl/FCCee/HiggsCP/ecm240/stage1_241202/wzp6_gaga_tautau_60_ecm240/chunk_271.root	
            - /ceph/awiedl/FCCee/HiggsCP/ecm240/stage1_241202/wzp6_gaga_tautau_60_ecm240/chunk_257.root	
            - /ceph/awiedl/FCCee/HiggsCP/ecm240/stage1_241202/wzp6_gaga_tautau_60_ecm240/chunk_181.root	
            - /ceph/awiedl/FCCee/HiggsCP/ecm240/stage1_241202/wzp6_gaga_tautau_60_ecm240/chunk_43.root	
            - /ceph/awiedl/FCCee/HiggsCP/ecm240/stage1_241202/wzp6_gaga_tautau_60_ecm240/chunk_301.root	

----> INFO: Number of events:
            	- original: 1,000,000
            	- local:    1,000,000
----> INFO: Output file path:
            /ceph/awiedl/FCCee/HiggsCP/ecm240/ktN-tag/stage2/QQ/HH/wzp6_gaga_tautau_60_ecm240/chunk_24.root
----> INFO: =================================== SUMMARY ====================================
            Elapsed time (H:M:S):    00:01:03
            Events processed/second: 15,642
            Total events processed:  1,000,000
            No. result events:       40
            Reduction factor local:  4e-05
            Reduction factor total:  4e-05
            ================================================================================

