----> INFO: Loading analyzers from libFCCAnalyses...
----> INFO: Loading analysis file:
            /work/awiedl/FCCAnalyses/examples/FCCee/higgs/tautau/xsec/ecm240/ktN-tag/QQ/analysis_stage2_QQLH.py
----> INFO: Multithreading enabled. Running over 4 threads
----> INFO: Loading functions.h...
----> INFO: Running over files provided in command line argument...
----> INFO: Creating dataframe object from files:
            	- /ceph/awiedl/FCCee/HiggsCP/ecm240/stage1_241202/p8_ee_Zqq_ecm240/chunk_579.root	
            - /ceph/awiedl/FCCee/HiggsCP/ecm240/stage1_241202/p8_ee_Zqq_ecm240/chunk_702.root	
            - /ceph/awiedl/FCCee/HiggsCP/ecm240/stage1_241202/p8_ee_Zqq_ecm240/chunk_853.root	
            - /ceph/awiedl/FCCee/HiggsCP/ecm240/stage1_241202/p8_ee_Zqq_ecm240/chunk_502.root	
            - /ceph/awiedl/FCCee/HiggsCP/ecm240/stage1_241202/p8_ee_Zqq_ecm240/chunk_514.root	
            - /ceph/awiedl/FCCee/HiggsCP/ecm240/stage1_241202/p8_ee_Zqq_ecm240/chunk_296.root	
            - /ceph/awiedl/FCCee/HiggsCP/ecm240/stage1_241202/p8_ee_Zqq_ecm240/chunk_769.root	
            - /ceph/awiedl/FCCee/HiggsCP/ecm240/stage1_241202/p8_ee_Zqq_ecm240/chunk_555.root	
            - /ceph/awiedl/FCCee/HiggsCP/ecm240/stage1_241202/p8_ee_Zqq_ecm240/chunk_467.root	
            - /ceph/awiedl/FCCee/HiggsCP/ecm240/stage1_241202/p8_ee_Zqq_ecm240/chunk_57.root	

----> INFO: Number of events:
            	- original: 1,000,000
            	- local:    1,000,000
----> INFO: Output file path:
            /ceph/awiedl/FCCee/HiggsCP/ecm240/ktN-tag/stage2/QQ/LH/p8_ee_Zqq_ecm240/chunk_42.root
----> INFO: =================================== SUMMARY ====================================
            Elapsed time (H:M:S):    00:01:44
            Events processed/second: 9,561
            Total events processed:  1,000,000
            No. result events:       416
            Reduction factor local:  0.000416
            Reduction factor total:  0.000416
            ================================================================================

