----> INFO: Loading analyzers from libFCCAnalyses...
----> INFO: Loading analysis file:
            /work/awiedl/FCCAnalyses/examples/FCCee/higgs/tautau/xsec/ecm240/ktN-tag/QQ/analysis_stage2_QQLH.py
----> INFO: Multithreading enabled. Running over 4 threads
----> INFO: Loading functions.h...
----> INFO: Running over files provided in command line argument...
----> INFO: Creating dataframe object from files:
            	- /ceph/awiedl/FCCee/HiggsCP/ecm240/stage1_241202/p8_ee_ZZ_ecm240/chunk_230.root	
            - /ceph/awiedl/FCCee/HiggsCP/ecm240/stage1_241202/p8_ee_ZZ_ecm240/chunk_461.root	
            - /ceph/awiedl/FCCee/HiggsCP/ecm240/stage1_241202/p8_ee_ZZ_ecm240/chunk_398.root	
            - /ceph/awiedl/FCCee/HiggsCP/ecm240/stage1_241202/p8_ee_ZZ_ecm240/chunk_221.root	
            - /ceph/awiedl/FCCee/HiggsCP/ecm240/stage1_241202/p8_ee_ZZ_ecm240/chunk_424.root	
            - /ceph/awiedl/FCCee/HiggsCP/ecm240/stage1_241202/p8_ee_ZZ_ecm240/chunk_309.root	
            - /ceph/awiedl/FCCee/HiggsCP/ecm240/stage1_241202/p8_ee_ZZ_ecm240/chunk_471.root	
            - /ceph/awiedl/FCCee/HiggsCP/ecm240/stage1_241202/p8_ee_ZZ_ecm240/chunk_472.root	
            - /ceph/awiedl/FCCee/HiggsCP/ecm240/stage1_241202/p8_ee_ZZ_ecm240/chunk_101.root	
            - /ceph/awiedl/FCCee/HiggsCP/ecm240/stage1_241202/p8_ee_ZZ_ecm240/chunk_137.root	

----> INFO: Number of events:
            	- original: 1,000,000
            	- local:    1,000,000
----> INFO: Output file path:
            /ceph/awiedl/FCCee/HiggsCP/ecm240/ktN-tag/stage2/QQ/LH/p8_ee_ZZ_ecm240/chunk_3.root
----> INFO: =================================== SUMMARY ====================================
            Elapsed time (H:M:S):    00:01:35
            Events processed/second: 10,437
            Total events processed:  1,000,000
            No. result events:       26,863
            Reduction factor local:  0.026863
            Reduction factor total:  0.026863
            ================================================================================

