----> INFO: Loading analyzers from libFCCAnalyses...
----> INFO: Loading analysis file:
            /work/awiedl/FCCAnalyses/examples/FCCee/higgs/tautau/xsec/ecm240/ktN-tag/QQ/analysis_stage2_QQLH.py
----> INFO: Multithreading enabled. Running over 4 threads
----> INFO: Loading functions.h...
----> INFO: Running over files provided in command line argument...
----> INFO: Creating dataframe object from files:
            	- /ceph/awiedl/FCCee/HiggsCP/ecm240/stage1_241202/wzp6_gaga_mumu_60_ecm240/chunk_316.root	
            - /ceph/awiedl/FCCee/HiggsCP/ecm240/stage1_241202/wzp6_gaga_mumu_60_ecm240/chunk_311.root	
            - /ceph/awiedl/FCCee/HiggsCP/ecm240/stage1_241202/wzp6_gaga_mumu_60_ecm240/chunk_122.root	
            - /ceph/awiedl/FCCee/HiggsCP/ecm240/stage1_241202/wzp6_gaga_mumu_60_ecm240/chunk_187.root	
            - /ceph/awiedl/FCCee/HiggsCP/ecm240/stage1_241202/wzp6_gaga_mumu_60_ecm240/chunk_95.root	
            - /ceph/awiedl/FCCee/HiggsCP/ecm240/stage1_241202/wzp6_gaga_mumu_60_ecm240/chunk_185.root	
            - /ceph/awiedl/FCCee/HiggsCP/ecm240/stage1_241202/wzp6_gaga_mumu_60_ecm240/chunk_160.root	
            - /ceph/awiedl/FCCee/HiggsCP/ecm240/stage1_241202/wzp6_gaga_mumu_60_ecm240/chunk_142.root	
            - /ceph/awiedl/FCCee/HiggsCP/ecm240/stage1_241202/wzp6_gaga_mumu_60_ecm240/chunk_1.root	
            - /ceph/awiedl/FCCee/HiggsCP/ecm240/stage1_241202/wzp6_gaga_mumu_60_ecm240/chunk_119.root	

----> INFO: Number of events:
            	- original: 1,000,000
            	- local:    1,000,000
----> INFO: Output file path:
            /ceph/awiedl/FCCee/HiggsCP/ecm240/ktN-tag/stage2/QQ/LH/wzp6_gaga_mumu_60_ecm240/chunk_14.root
----> INFO: =================================== SUMMARY ====================================
            Elapsed time (H:M:S):    00:00:45
            Events processed/second: 22,070
            Total events processed:  1,000,000
            No. result events:       0
            Reduction factor local:  0.0
            Reduction factor total:  0.0
            ================================================================================

