----> INFO: Loading analyzers from libFCCAnalyses...
----> INFO: Loading analysis file:
            /work/awiedl/FCCAnalyses/examples/FCCee/higgs/tautau/xsec/ecm240/ktN-tag/QQ/analysis_stage2_QQHH.py
----> INFO: Multithreading enabled. Running over 4 threads
----> INFO: Loading functions.h...
----> INFO: Running over files provided in command line argument...
----> INFO: Creating dataframe object from files:
            	- /ceph/awiedl/FCCee/HiggsCP/ecm240/stage1_241202/p8_ee_Zqq_ecm240/chunk_559.root	
            - /ceph/awiedl/FCCee/HiggsCP/ecm240/stage1_241202/p8_ee_Zqq_ecm240/chunk_12.root	
            - /ceph/awiedl/FCCee/HiggsCP/ecm240/stage1_241202/p8_ee_Zqq_ecm240/chunk_295.root	
            - /ceph/awiedl/FCCee/HiggsCP/ecm240/stage1_241202/p8_ee_Zqq_ecm240/chunk_565.root	
            - /ceph/awiedl/FCCee/HiggsCP/ecm240/stage1_241202/p8_ee_Zqq_ecm240/chunk_768.root	
            - /ceph/awiedl/FCCee/HiggsCP/ecm240/stage1_241202/p8_ee_Zqq_ecm240/chunk_481.root	
            - /ceph/awiedl/FCCee/HiggsCP/ecm240/stage1_241202/p8_ee_Zqq_ecm240/chunk_607.root	
            - /ceph/awiedl/FCCee/HiggsCP/ecm240/stage1_241202/p8_ee_Zqq_ecm240/chunk_5.root	
            - /ceph/awiedl/FCCee/HiggsCP/ecm240/stage1_241202/p8_ee_Zqq_ecm240/chunk_457.root	
            - /ceph/awiedl/FCCee/HiggsCP/ecm240/stage1_241202/p8_ee_Zqq_ecm240/chunk_779.root	

----> INFO: Number of events:
            	- original: 1,000,000
            	- local:    1,000,000
----> INFO: Output file path:
            /ceph/awiedl/FCCee/HiggsCP/ecm240/ktN-tag/stage2/QQ/HH/p8_ee_Zqq_ecm240/chunk_30.root
----> INFO: =================================== SUMMARY ====================================
            Elapsed time (H:M:S):    00:00:57
            Events processed/second: 17,333
            Total events processed:  1,000,000
            No. result events:       33,210
            Reduction factor local:  0.03321
            Reduction factor total:  0.03321
            ================================================================================

