----> INFO: Loading analyzers from libFCCAnalyses...
----> INFO: Loading analysis file:
            /work/awiedl/FCCAnalyses/examples/FCCee/higgs/tautau/xsec/ecm240/ktN-tag/QQ/analysis_stage2_QQLH.py
----> INFO: Multithreading enabled. Running over 4 threads
----> INFO: Loading functions.h...
----> INFO: Running over files provided in command line argument...
----> INFO: Creating dataframe object from files:
            	- /ceph/awiedl/FCCee/HiggsCP/ecm240/stage1_241202/wzp6_ee_mumu_ecm240/chunk_240.root	
            - /ceph/awiedl/FCCee/HiggsCP/ecm240/stage1_241202/wzp6_ee_mumu_ecm240/chunk_205.root	
            - /ceph/awiedl/FCCee/HiggsCP/ecm240/stage1_241202/wzp6_ee_mumu_ecm240/chunk_499.root	
            - /ceph/awiedl/FCCee/HiggsCP/ecm240/stage1_241202/wzp6_ee_mumu_ecm240/chunk_155.root	
            - /ceph/awiedl/FCCee/HiggsCP/ecm240/stage1_241202/wzp6_ee_mumu_ecm240/chunk_110.root	
            - /ceph/awiedl/FCCee/HiggsCP/ecm240/stage1_241202/wzp6_ee_mumu_ecm240/chunk_68.root	
            - /ceph/awiedl/FCCee/HiggsCP/ecm240/stage1_241202/wzp6_ee_mumu_ecm240/chunk_178.root	
            - /ceph/awiedl/FCCee/HiggsCP/ecm240/stage1_241202/wzp6_ee_mumu_ecm240/chunk_334.root	
            - /ceph/awiedl/FCCee/HiggsCP/ecm240/stage1_241202/wzp6_ee_mumu_ecm240/chunk_368.root	
            - /ceph/awiedl/FCCee/HiggsCP/ecm240/stage1_241202/wzp6_ee_mumu_ecm240/chunk_369.root	

----> INFO: Number of events:
            	- original: 1,000,000
            	- local:    1,000,000
----> INFO: Output file path:
            /ceph/awiedl/FCCee/HiggsCP/ecm240/ktN-tag/stage2/QQ/LH/wzp6_ee_mumu_ecm240/chunk_19.root
----> INFO: =================================== SUMMARY ====================================
            Elapsed time (H:M:S):    00:01:31
            Events processed/second: 10,944
            Total events processed:  1,000,000
            No. result events:       0
            Reduction factor local:  0.0
            Reduction factor total:  0.0
            ================================================================================

