----> INFO: Loading analyzers from libFCCAnalyses...
----> INFO: Loading analysis file:
            /work/awiedl/FCCAnalyses/examples/FCCee/higgs/tautau/xsec/ecm240/ktN-tag/QQ/analysis_stage2_QQLL.py
----> INFO: Multithreading enabled. Running over 4 threads
----> INFO: Loading functions.h...
----> INFO: Running over files provided in command line argument...
----> INFO: Creating dataframe object from files:
            	- /ceph/awiedl/FCCee/HiggsCP/ecm240/stage1_241202/p8_ee_Zqq_ecm240/chunk_881.root	
            - /ceph/awiedl/FCCee/HiggsCP/ecm240/stage1_241202/p8_ee_Zqq_ecm240/chunk_985.root	
            - /ceph/awiedl/FCCee/HiggsCP/ecm240/stage1_241202/p8_ee_Zqq_ecm240/chunk_36.root	
            - /ceph/awiedl/FCCee/HiggsCP/ecm240/stage1_241202/p8_ee_Zqq_ecm240/chunk_473.root	
            - /ceph/awiedl/FCCee/HiggsCP/ecm240/stage1_241202/p8_ee_Zqq_ecm240/chunk_331.root	
            - /ceph/awiedl/FCCee/HiggsCP/ecm240/stage1_241202/p8_ee_Zqq_ecm240/chunk_896.root	
            - /ceph/awiedl/FCCee/HiggsCP/ecm240/stage1_241202/p8_ee_Zqq_ecm240/chunk_156.root	
            - /ceph/awiedl/FCCee/HiggsCP/ecm240/stage1_241202/p8_ee_Zqq_ecm240/chunk_104.root	
            - /ceph/awiedl/FCCee/HiggsCP/ecm240/stage1_241202/p8_ee_Zqq_ecm240/chunk_513.root	
            - /ceph/awiedl/FCCee/HiggsCP/ecm240/stage1_241202/p8_ee_Zqq_ecm240/chunk_671.root	

----> INFO: Number of events:
            	- original: 1,000,000
            	- local:    1,000,000
----> INFO: Output file path:
            /ceph/awiedl/FCCee/HiggsCP/ecm240/ktN-tag/stage2/QQ/LL/p8_ee_Zqq_ecm240/chunk_25.root
----> INFO: =================================== SUMMARY ====================================
            Elapsed time (H:M:S):    00:01:59
            Events processed/second: 8,363
            Total events processed:  1,000,000
            No. result events:       273
            Reduction factor local:  0.000273
            Reduction factor total:  0.000273
            ================================================================================

