----> INFO: Loading analyzers from libFCCAnalyses...
----> INFO: Loading analysis file:
            /work/awiedl/FCCAnalyses/examples/FCCee/higgs/tautau/xsec/ecm240/ktN-tag/QQ/analysis_stage2_QQLH.py
----> INFO: Multithreading enabled. Running over 4 threads
----> INFO: Loading functions.h...
----> INFO: Running over files provided in command line argument...
----> INFO: Creating dataframe object from files:
            	- /ceph/awiedl/FCCee/HiggsCP/ecm240/stage1_241202/p8_ee_WW_ecm240/chunk_2534.root	
            - /ceph/awiedl/FCCee/HiggsCP/ecm240/stage1_241202/p8_ee_WW_ecm240/chunk_3517.root	
            - /ceph/awiedl/FCCee/HiggsCP/ecm240/stage1_241202/p8_ee_WW_ecm240/chunk_151.root	
            - /ceph/awiedl/FCCee/HiggsCP/ecm240/stage1_241202/p8_ee_WW_ecm240/chunk_3452.root	
            - /ceph/awiedl/FCCee/HiggsCP/ecm240/stage1_241202/p8_ee_WW_ecm240/chunk_1460.root	
            - /ceph/awiedl/FCCee/HiggsCP/ecm240/stage1_241202/p8_ee_WW_ecm240/chunk_1577.root	
            - /ceph/awiedl/FCCee/HiggsCP/ecm240/stage1_241202/p8_ee_WW_ecm240/chunk_1321.root	
            - /ceph/awiedl/FCCee/HiggsCP/ecm240/stage1_241202/p8_ee_WW_ecm240/chunk_1237.root	
            - /ceph/awiedl/FCCee/HiggsCP/ecm240/stage1_241202/p8_ee_WW_ecm240/chunk_864.root	
            - /ceph/awiedl/FCCee/HiggsCP/ecm240/stage1_241202/p8_ee_WW_ecm240/chunk_915.root	

----> INFO: Number of events:
            	- original: 981,276
            	- local:    981,276
----> INFO: Output file path:
            /ceph/awiedl/FCCee/HiggsCP/ecm240/ktN-tag/stage2/QQ/LH/p8_ee_WW_ecm240/chunk_165.root
Error in <TTreeReaderArrayBase::GetBranchAndLeaf()>: The tree does not have a branch called TagJet_kt3_cleanup. You could check with TTree::Print() for available branches.
Error in <TTreeReaderArrayBase::GetBranchAndLeaf()>: The tree does not have a branch called TagJet_kt3_cleanup. You could check with TTree::Print() for available branches.
Error in <TTreeReaderArrayBase::GetBranchAndLeaf()>: The tree does not have a branch called TagJet_kt3_cleanup. You could check with TTree::Print() for available branches.
Error in <TTreeReaderArrayBase::GetBranchAndLeaf()>: The tree does not have a branch called TagJet_kt3_cleanup. You could check with TTree::Print() for available branches.
Error in <TTreeReaderArrayBase::GetBranchAndLeaf()>: The tree does not have a branch called TagJet_kt3_cleanup. You could check with TTree::Print() for available branches.
Error in <TTreeReaderArrayBase::GetBranchAndLeaf()>: The tree does not have a branch called TagJet_kt3_cleanup. You could check with TTree::Print() for available branches.
Error in <TTreeReaderArrayBase::GetBranchAndLeaf()>: The tree does not have a branch called TagJet_kt3_cleanup. You could check with TTree::Print() for available branches.
Error in <TTreeReaderArrayBase::GetBranchAndLeaf()>: The tree does not have a branch called TagJet_kt3_cleanup. You could check with TTree::Print() for available branches.
Error in <TTreeReaderArrayBase::GetBranchAndLeaf()>: The tree does not have a branch called TagJet_kt3_cleanup. You could check with TTree::Print() for available branches.
Error in <TTreeReaderArrayBase::GetBranchAndLeaf()>: The tree does not have a branch called TagJet_kt3_cleanup. You could check with TTree::Print() for available branches.
----> ERROR: During the execution of the analysis file exception occurred:
             Template method resolution failed:
               none of the 3 overloaded methods succeeded. Full details:
               ROOT::RDF::RResultPtr<ROOT::RDF::RInterface<ROOT::Detail::RDF::RLoopManager,void> > ROOT::RDF::RInterface<ROOT::Detail::RDF::RJittedFilter,void>::Snapshot(basic_string_view<char,char_traits<char> > treename, basic_string_view<char,char_traits<char> > filename, initializer_list<string> columnList, const ROOT::RDF::RSnapshotOptions& options = ROOT::RDF::RSnapshotOptions()) =>
                 TypeError: could not convert argument 3
               ROOT::RDF::RResultPtr<ROOT::RDF::RInterface<ROOT::Detail::RDF::RLoopManager,void> > ROOT::RDF::RInterface<ROOT::Detail::RDF::RJittedFilter,void>::Snapshot(basic_string_view<char,char_traits<char> > treename, basic_string_view<char,char_traits<char> > filename, const vector<string>& columnList, const ROOT::RDF::RSnapshotOptions& options = ROOT::RDF::RSnapshotOptions()) =>
                 runtime_error: An error was encountered while processing the data. TTreeReader status code is: 6
               ROOT::RDF::RResultPtr<ROOT::RDF::RInterface<ROOT::Detail::RDF::RLoopManager,void> > ROOT::RDF::RInterface<ROOT::Detail::RDF::RJittedFilter,void>::Snapshot(basic_string_view<char,char_traits<char> > treename, basic_string_view<char,char_traits<char> > filename, basic_string_view<char,char_traits<char> > columnNameRegexp = "", const ROOT::RDF::RSnapshotOptions& options = ROOT::RDF::RSnapshotOptions()) =>
                 TypeError: could not convert argument 3
               ROOT::RDF::RResultPtr<ROOT::RDF::RInterface<ROOT::Detail::RDF::RLoopManager,void> > ROOT::RDF::RInterface<ROOT::Detail::RDF::RJittedFilter,void>::Snapshot(basic_string_view<char,char_traits<char> > treename, basic_string_view<char,char_traits<char> > filename, const vector<string>& columnList, const ROOT::RDF::RSnapshotOptions& options = ROOT::RDF::RSnapshotOptions()) =>
                 runtime_error: An error was encountered while processing the data. TTreeReader status code is: 6
               Failed to instantiate "Snapshot(std::string,std::string,std::vector<string>*)"
               ROOT::RDF::RResultPtr<ROOT::RDF::RInterface<ROOT::Detail::RDF::RLoopManager,void> > ROOT::RDF::RInterface<ROOT::Detail::RDF::RJittedFilter,void>::Snapshot(basic_string_view<char,char_traits<char> > treename, basic_string_view<char,char_traits<char> > filename, const vector<string>& columnList, const ROOT::RDF::RSnapshotOptions& options = ROOT::RDF::RSnapshotOptions()) =>
                 runtime_error: An error was encountered while processing the data. TTreeReader status code is: 6
