----> INFO: Loading analyzers from libFCCAnalyses...
----> INFO: Loading analysis file:
            /work/awiedl/FCCAnalyses/examples/FCCee/higgs/tautau/xsec/ecm240/ktN-tag/QQ/analysis_stage2_QQHH.py
----> INFO: Multithreading enabled. Running over 4 threads
----> INFO: Loading functions.h...
----> INFO: Running over files provided in command line argument...
----> INFO: Creating dataframe object from files:
            	- /ceph/awiedl/FCCee/HiggsCP/ecm240/stage1_241202/wzp6_ee_ee_Mee_30_150_ecm240/chunk_199.root	
            - /ceph/awiedl/FCCee/HiggsCP/ecm240/stage1_241202/wzp6_ee_ee_Mee_30_150_ecm240/chunk_254.root	
            - /ceph/awiedl/FCCee/HiggsCP/ecm240/stage1_241202/wzp6_ee_ee_Mee_30_150_ecm240/chunk_634.root	
            - /ceph/awiedl/FCCee/HiggsCP/ecm240/stage1_241202/wzp6_ee_ee_Mee_30_150_ecm240/chunk_700.root	
            - /ceph/awiedl/FCCee/HiggsCP/ecm240/stage1_241202/wzp6_ee_ee_Mee_30_150_ecm240/chunk_585.root	
            - /ceph/awiedl/FCCee/HiggsCP/ecm240/stage1_241202/wzp6_ee_ee_Mee_30_150_ecm240/chunk_19.root	
            - /ceph/awiedl/FCCee/HiggsCP/ecm240/stage1_241202/wzp6_ee_ee_Mee_30_150_ecm240/chunk_167.root	
            - /ceph/awiedl/FCCee/HiggsCP/ecm240/stage1_241202/wzp6_ee_ee_Mee_30_150_ecm240/chunk_526.root	
            - /ceph/awiedl/FCCee/HiggsCP/ecm240/stage1_241202/wzp6_ee_ee_Mee_30_150_ecm240/chunk_341.root	
            - /ceph/awiedl/FCCee/HiggsCP/ecm240/stage1_241202/wzp6_ee_ee_Mee_30_150_ecm240/chunk_384.root	

----> INFO: Number of events:
            	- original: 1,000,000
            	- local:    1,000,000
----> INFO: Output file path:
            /ceph/awiedl/FCCee/HiggsCP/ecm240/ktN-tag/stage2/QQ/HH/wzp6_ee_ee_Mee_30_150_ecm240/chunk_79.root
----> INFO: =================================== SUMMARY ====================================
            Elapsed time (H:M:S):    00:01:42
            Events processed/second: 9,734
            Total events processed:  1,000,000
            No. result events:       0
            Reduction factor local:  0.0
            Reduction factor total:  0.0
            ================================================================================

