----> INFO: Loading analyzers from libFCCAnalyses...
----> INFO: Loading analysis file:
            /work/awiedl/FCCAnalyses/examples/FCCee/higgs/tautau/xsec/ecm240/ktN-tag/QQ/analysis_stage2_QQHH.py
----> INFO: Multithreading enabled. Running over 4 threads
----> INFO: Loading functions.h...
----> INFO: Running over files provided in command line argument...
----> INFO: Creating dataframe object from files:
            	- /ceph/awiedl/FCCee/HiggsCP/ecm240/stage1_241202/wzp6_gaga_tautau_60_ecm240/chunk_336.root	
            - /ceph/awiedl/FCCee/HiggsCP/ecm240/stage1_241202/wzp6_gaga_tautau_60_ecm240/chunk_18.root	
            - /ceph/awiedl/FCCee/HiggsCP/ecm240/stage1_241202/wzp6_gaga_tautau_60_ecm240/chunk_78.root	
            - /ceph/awiedl/FCCee/HiggsCP/ecm240/stage1_241202/wzp6_gaga_tautau_60_ecm240/chunk_303.root	
            - /ceph/awiedl/FCCee/HiggsCP/ecm240/stage1_241202/wzp6_gaga_tautau_60_ecm240/chunk_45.root	
            - /ceph/awiedl/FCCee/HiggsCP/ecm240/stage1_241202/wzp6_gaga_tautau_60_ecm240/chunk_9.root	
            - /ceph/awiedl/FCCee/HiggsCP/ecm240/stage1_241202/wzp6_gaga_tautau_60_ecm240/chunk_118.root	
            - /ceph/awiedl/FCCee/HiggsCP/ecm240/stage1_241202/wzp6_gaga_tautau_60_ecm240/chunk_175.root	
            - /ceph/awiedl/FCCee/HiggsCP/ecm240/stage1_241202/wzp6_gaga_tautau_60_ecm240/chunk_308.root	
            - /ceph/awiedl/FCCee/HiggsCP/ecm240/stage1_241202/wzp6_gaga_tautau_60_ecm240/chunk_241.root	

----> INFO: Number of events:
            	- original: 1,000,000
            	- local:    1,000,000
----> INFO: Output file path:
            /ceph/awiedl/FCCee/HiggsCP/ecm240/ktN-tag/stage2/QQ/HH/wzp6_gaga_tautau_60_ecm240/chunk_29.root
----> INFO: =================================== SUMMARY ====================================
            Elapsed time (H:M:S):    00:01:02
            Events processed/second: 16,004
            Total events processed:  1,000,000
            No. result events:       34
            Reduction factor local:  3.4e-05
            Reduction factor total:  3.4e-05
            ================================================================================

