----> INFO: Loading analyzers from libFCCAnalyses...
----> INFO: Loading analysis file:
            /work/awiedl/FCCAnalyses/examples/FCCee/higgs/tautau/xsec/ecm240/ktN-tag/QQ/analysis_stage2_QQLH.py
----> INFO: Multithreading enabled. Running over 4 threads
----> INFO: Loading functions.h...
----> INFO: Running over files provided in command line argument...
----> INFO: Creating dataframe object from files:
            	- /ceph/awiedl/FCCee/HiggsCP/ecm240/stage1_241202/wzp6_ee_tautau_ecm240/chunk_248.root	
            - /ceph/awiedl/FCCee/HiggsCP/ecm240/stage1_241202/wzp6_ee_tautau_ecm240/chunk_229.root	
            - /ceph/awiedl/FCCee/HiggsCP/ecm240/stage1_241202/wzp6_ee_tautau_ecm240/chunk_273.root	
            - /ceph/awiedl/FCCee/HiggsCP/ecm240/stage1_241202/wzp6_ee_tautau_ecm240/chunk_109.root	

----> INFO: Number of events:
            	- original: 400,000
            	- local:    400,000
----> INFO: Output file path:
            /ceph/awiedl/FCCee/HiggsCP/ecm240/ktN-tag/stage2/QQ/LH/wzp6_ee_tautau_ecm240/chunk_52.root
----> INFO: =================================== SUMMARY ====================================
            Elapsed time (H:M:S):    00:00:33
            Events processed/second: 11,943
            Total events processed:  400,000
            No. result events:       1
            Reduction factor local:  2.5e-06
            Reduction factor total:  2.5e-06
            ================================================================================

