----> INFO: Loading analyzers from libFCCAnalyses...
----> INFO: Loading analysis file:
            /work/awiedl/FCCAnalyses/examples/FCCee/higgs/tautau/xsec/ecm240/ktN-tag/QQ/analysis_stage2_QQLL.py
----> INFO: Multithreading enabled. Running over 4 threads
----> INFO: Loading functions.h...
----> INFO: Running over files provided in command line argument...
----> INFO: Creating dataframe object from files:
            	- /ceph/awiedl/FCCee/HiggsCP/ecm240/stage1_241202/p8_ee_ZZ_ecm240/chunk_358.root	
            - /ceph/awiedl/FCCee/HiggsCP/ecm240/stage1_241202/p8_ee_ZZ_ecm240/chunk_539.root	
            - /ceph/awiedl/FCCee/HiggsCP/ecm240/stage1_241202/p8_ee_ZZ_ecm240/chunk_311.root	
            - /ceph/awiedl/FCCee/HiggsCP/ecm240/stage1_241202/p8_ee_ZZ_ecm240/chunk_122.root	
            - /ceph/awiedl/FCCee/HiggsCP/ecm240/stage1_241202/p8_ee_ZZ_ecm240/chunk_399.root	
            - /ceph/awiedl/FCCee/HiggsCP/ecm240/stage1_241202/p8_ee_ZZ_ecm240/chunk_187.root	
            - /ceph/awiedl/FCCee/HiggsCP/ecm240/stage1_241202/p8_ee_ZZ_ecm240/chunk_95.root	
            - /ceph/awiedl/FCCee/HiggsCP/ecm240/stage1_241202/p8_ee_ZZ_ecm240/chunk_374.root	
            - /ceph/awiedl/FCCee/HiggsCP/ecm240/stage1_241202/p8_ee_ZZ_ecm240/chunk_185.root	
            - /ceph/awiedl/FCCee/HiggsCP/ecm240/stage1_241202/p8_ee_ZZ_ecm240/chunk_160.root	

----> INFO: Number of events:
            	- original: 971,232
            	- local:    971,232
----> INFO: Output file path:
            /ceph/awiedl/FCCee/HiggsCP/ecm240/ktN-tag/stage2/QQ/LL/p8_ee_ZZ_ecm240/chunk_23.root
----> INFO: =================================== SUMMARY ====================================
            Elapsed time (H:M:S):    00:00:52
            Events processed/second: 18,467
            Total events processed:  971,232
            No. result events:       81,004
            Reduction factor local:  0.08340334750090607
            Reduction factor total:  0.08340334750090607
            ================================================================================

