----> INFO: Loading analyzers from libFCCAnalyses...
----> INFO: Loading analysis file:
            /work/awiedl/FCCAnalyses/examples/FCCee/higgs/tautau/xsec/ecm240/ktN-tag/QQ/analysis_stage2_QQLH.py
----> INFO: Multithreading enabled. Running over 4 threads
----> INFO: Loading functions.h...
----> INFO: Running over files provided in command line argument...
----> INFO: Creating dataframe object from files:
            	- /ceph/awiedl/FCCee/HiggsCP/ecm240/stage1_241202/wzp6_ee_ee_Mee_30_150_ecm240/chunk_258.root	
            - /ceph/awiedl/FCCee/HiggsCP/ecm240/stage1_241202/wzp6_ee_ee_Mee_30_150_ecm240/chunk_407.root	
            - /ceph/awiedl/FCCee/HiggsCP/ecm240/stage1_241202/wzp6_ee_ee_Mee_30_150_ecm240/chunk_179.root	
            - /ceph/awiedl/FCCee/HiggsCP/ecm240/stage1_241202/wzp6_ee_ee_Mee_30_150_ecm240/chunk_807.root	
            - /ceph/awiedl/FCCee/HiggsCP/ecm240/stage1_241202/wzp6_ee_ee_Mee_30_150_ecm240/chunk_395.root	
            - /ceph/awiedl/FCCee/HiggsCP/ecm240/stage1_241202/wzp6_ee_ee_Mee_30_150_ecm240/chunk_386.root	
            - /ceph/awiedl/FCCee/HiggsCP/ecm240/stage1_241202/wzp6_ee_ee_Mee_30_150_ecm240/chunk_55.root	
            - /ceph/awiedl/FCCee/HiggsCP/ecm240/stage1_241202/wzp6_ee_ee_Mee_30_150_ecm240/chunk_483.root	
            - /ceph/awiedl/FCCee/HiggsCP/ecm240/stage1_241202/wzp6_ee_ee_Mee_30_150_ecm240/chunk_806.root	
            - /ceph/awiedl/FCCee/HiggsCP/ecm240/stage1_241202/wzp6_ee_ee_Mee_30_150_ecm240/chunk_59.root	

----> INFO: Number of events:
            	- original: 1,000,000
            	- local:    1,000,000
----> INFO: Output file path:
            /ceph/awiedl/FCCee/HiggsCP/ecm240/ktN-tag/stage2/QQ/LH/wzp6_ee_ee_Mee_30_150_ecm240/chunk_53.root
----> INFO: =================================== SUMMARY ====================================
            Elapsed time (H:M:S):    00:01:11
            Events processed/second: 13,936
            Total events processed:  1,000,000
            No. result events:       0
            Reduction factor local:  0.0
            Reduction factor total:  0.0
            ================================================================================

