----> INFO: Loading analyzers from libFCCAnalyses...
----> INFO: Loading analysis file:
            /work/awiedl/FCCAnalyses/examples/FCCee/higgs/tautau/xsec/ecm240/ktN-tag/QQ/analysis_stage2_QQHH.py
----> INFO: Multithreading enabled. Running over 4 threads
----> INFO: Loading functions.h...
----> INFO: Running over files provided in command line argument...
----> INFO: Creating dataframe object from files:
            	- /ceph/awiedl/FCCee/HiggsCP/ecm240/stage1_241202/wzp6_ee_eeH_HZZ_ecm240/chunk_2.root	
            - /ceph/awiedl/FCCee/HiggsCP/ecm240/stage1_241202/wzp6_ee_eeH_HZZ_ecm240/chunk_1.root	
            - /ceph/awiedl/FCCee/HiggsCP/ecm240/stage1_241202/wzp6_ee_eeH_HZZ_ecm240/chunk_3.root	
            - /ceph/awiedl/FCCee/HiggsCP/ecm240/stage1_241202/wzp6_ee_eeH_HZZ_ecm240/chunk_0.root	

----> INFO: Number of events:
            	- original: 400,000
            	- local:    400,000
----> INFO: Output file path:
            /ceph/awiedl/FCCee/HiggsCP/ecm240/ktN-tag/stage2/QQ/HH/wzp6_ee_eeH_HZZ_ecm240/chunk_0.root
----> INFO: =================================== SUMMARY ====================================
            Elapsed time (H:M:S):    00:00:32
            Events processed/second: 12,398
            Total events processed:  400,000
            No. result events:       619
            Reduction factor local:  0.0015475
            Reduction factor total:  0.0015475
            ================================================================================

