----> INFO: Loading analyzers from libFCCAnalyses...
----> INFO: Loading analysis file:
            /work/awiedl/FCCAnalyses/examples/FCCee/higgs/tautau/xsec/ecm240/ktN-tag/QQ/analysis_stage2_QQLL.py
----> INFO: Multithreading enabled. Running over 4 threads
----> INFO: Loading functions.h...
----> INFO: Running over files provided in command line argument...
----> INFO: Creating dataframe object from files:
            	- /ceph/awiedl/FCCee/HiggsCP/ecm240/stage1_241202/wzp6_ee_ee_Mee_30_150_ecm240/chunk_109.root	
            - /ceph/awiedl/FCCee/HiggsCP/ecm240/stage1_241202/wzp6_ee_ee_Mee_30_150_ecm240/chunk_816.root	

----> INFO: Number of events:
            	- original: 200,000
            	- local:    200,000
----> INFO: Output file path:
            /ceph/awiedl/FCCee/HiggsCP/ecm240/ktN-tag/stage2/QQ/LL/wzp6_ee_ee_Mee_30_150_ecm240/chunk_85.root
----> INFO: =================================== SUMMARY ====================================
            Elapsed time (H:M:S):    00:00:24
            Events processed/second: 8,153
            Total events processed:  200,000
            No. result events:       0
            Reduction factor local:  0.0
            Reduction factor total:  0.0
            ================================================================================

