----> INFO: Loading analyzers from libFCCAnalyses...
----> INFO: Loading analysis file:
            /work/awiedl/FCCAnalyses/examples/FCCee/higgs/tautau/xsec/ecm240/ktN-tag/QQ/analysis_stage2_QQLL.py
----> INFO: Multithreading enabled. Running over 4 threads
----> INFO: Loading functions.h...
----> INFO: Running over files provided in command line argument...
----> INFO: Creating dataframe object from files:
            	- /ceph/awiedl/FCCee/HiggsCP/ecm240/stage1_241202/p8_ee_ZZ_ecm240/chunk_240.root	
            - /ceph/awiedl/FCCee/HiggsCP/ecm240/stage1_241202/p8_ee_ZZ_ecm240/chunk_205.root	
            - /ceph/awiedl/FCCee/HiggsCP/ecm240/stage1_241202/p8_ee_ZZ_ecm240/chunk_499.root	
            - /ceph/awiedl/FCCee/HiggsCP/ecm240/stage1_241202/p8_ee_ZZ_ecm240/chunk_155.root	
            - /ceph/awiedl/FCCee/HiggsCP/ecm240/stage1_241202/p8_ee_ZZ_ecm240/chunk_110.root	
            - /ceph/awiedl/FCCee/HiggsCP/ecm240/stage1_241202/p8_ee_ZZ_ecm240/chunk_68.root	
            - /ceph/awiedl/FCCee/HiggsCP/ecm240/stage1_241202/p8_ee_ZZ_ecm240/chunk_178.root	
            - /ceph/awiedl/FCCee/HiggsCP/ecm240/stage1_241202/p8_ee_ZZ_ecm240/chunk_334.root	
            - /ceph/awiedl/FCCee/HiggsCP/ecm240/stage1_241202/p8_ee_ZZ_ecm240/chunk_368.root	
            - /ceph/awiedl/FCCee/HiggsCP/ecm240/stage1_241202/p8_ee_ZZ_ecm240/chunk_369.root	

----> INFO: Number of events:
            	- original: 1,000,000
            	- local:    1,000,000
----> INFO: Output file path:
            /ceph/awiedl/FCCee/HiggsCP/ecm240/ktN-tag/stage2/QQ/LL/p8_ee_ZZ_ecm240/chunk_20.root
----> INFO: =================================== SUMMARY ====================================
            Elapsed time (H:M:S):    00:02:03
            Events processed/second: 8,102
            Total events processed:  1,000,000
            No. result events:       82,840
            Reduction factor local:  0.08284
            Reduction factor total:  0.08284
            ================================================================================

