----> INFO: Loading analyzers from libFCCAnalyses...
----> INFO: Loading analysis file:
            /work/awiedl/FCCAnalyses/examples/FCCee/higgs/tautau/xsec/ecm240/ktN-tag/QQ/analysis_stage2_QQHH.py
----> INFO: Multithreading enabled. Running over 4 threads
----> INFO: Loading functions.h...
----> INFO: Running over files provided in command line argument...
----> INFO: Creating dataframe object from files:
            	- /ceph/awiedl/FCCee/HiggsCP/ecm240/stage1_241202/p8_ee_Zqq_ecm240/chunk_279.root	
            - /ceph/awiedl/FCCee/HiggsCP/ecm240/stage1_241202/p8_ee_Zqq_ecm240/chunk_462.root	
            - /ceph/awiedl/FCCee/HiggsCP/ecm240/stage1_241202/p8_ee_Zqq_ecm240/chunk_248.root	
            - /ceph/awiedl/FCCee/HiggsCP/ecm240/stage1_241202/p8_ee_Zqq_ecm240/chunk_229.root	
            - /ceph/awiedl/FCCee/HiggsCP/ecm240/stage1_241202/p8_ee_Zqq_ecm240/chunk_273.root	
            - /ceph/awiedl/FCCee/HiggsCP/ecm240/stage1_241202/p8_ee_Zqq_ecm240/chunk_109.root	
            - /ceph/awiedl/FCCee/HiggsCP/ecm240/stage1_241202/p8_ee_Zqq_ecm240/chunk_816.root	

----> INFO: Number of events:
            	- original: 700,000
            	- local:    700,000
----> INFO: Output file path:
            /ceph/awiedl/FCCee/HiggsCP/ecm240/ktN-tag/stage2/QQ/HH/p8_ee_Zqq_ecm240/chunk_100.root
----> INFO: =================================== SUMMARY ====================================
            Elapsed time (H:M:S):    00:01:40
            Events processed/second: 6,966
            Total events processed:  700,000
            No. result events:       22,991
            Reduction factor local:  0.032844285714285715
            Reduction factor total:  0.032844285714285715
            ================================================================================

