----> INFO: Loading analyzers from libFCCAnalyses...
----> INFO: Loading analysis file:
            /work/awiedl/FCCAnalyses/examples/FCCee/higgs/tautau/xsec/ecm365/R5-tag/QQ/analysis_stage2_QQLH.py
----> INFO: Multithreading enabled. Running over 6 threads
----> INFO: Loading functions.h...
mkdir: cannot create directory '/eos': Permission denied
----> INFO: Running over files provided in command line argument...
----> INFO: Creating dataframe object from files:
            	- /ceph/awiedl/FCCee/HiggsCP/ecm365/stage1_280125/p8_ee_tt_ecm365/chunk_0.root	
            - /ceph/awiedl/FCCee/HiggsCP/ecm365/stage1_280125/p8_ee_tt_ecm365/chunk_21.root	
            - /ceph/awiedl/FCCee/HiggsCP/ecm365/stage1_280125/p8_ee_tt_ecm365/chunk_18.root	
            - /ceph/awiedl/FCCee/HiggsCP/ecm365/stage1_280125/p8_ee_tt_ecm365/chunk_9.root	
            - /ceph/awiedl/FCCee/HiggsCP/ecm365/stage1_280125/p8_ee_tt_ecm365/chunk_15.root	
            - /ceph/awiedl/FCCee/HiggsCP/ecm365/stage1_280125/p8_ee_tt_ecm365/chunk_19.root	
            - /ceph/awiedl/FCCee/HiggsCP/ecm365/stage1_280125/p8_ee_tt_ecm365/chunk_25.root	

----> INFO: Number of events:
            	- original: 700,000
            	- local:    700,000
----> INFO: Output file path:
            /ceph/awiedl/FCCee/HiggsCP/ecm365/R5-tag/stage2_280125/QQ/LH/p8_ee_tt_ecm365/chunk_2.root
----> INFO: =================================== SUMMARY ====================================
            Elapsed time (H:M:S):    00:00:44
            Events processed/second: 15,764
            Total events processed:  700,000
            No. result events:       3,456
            Reduction factor local:  0.004937142857142857
            Reduction factor total:  0.004937142857142857
            ================================================================================

