----> INFO: Loading analyzers from libFCCAnalyses...
----> INFO: Loading analysis file:
            /work/awiedl/FCCAnalyses/examples/FCCee/higgs/tautau/xsec/ecm365/R5-tag/LL/analysis_stage2_LLLH.py
----> INFO: Multithreading enabled. Running over 6 threads
----> INFO: Loading functions.h...
mkdir: cannot create directory '/eos': Permission denied
----> INFO: Running over files provided in command line argument...
----> INFO: Creating dataframe object from files:
            	- /ceph/awiedl/FCCee/HiggsCP/ecm365/stage1_280125/p8_ee_WW_ecm365/chunk_14.root	
            - /ceph/awiedl/FCCee/HiggsCP/ecm365/stage1_280125/p8_ee_WW_ecm365/chunk_52.root	
            - /ceph/awiedl/FCCee/HiggsCP/ecm365/stage1_280125/p8_ee_WW_ecm365/chunk_94.root	
            - /ceph/awiedl/FCCee/HiggsCP/ecm365/stage1_280125/p8_ee_WW_ecm365/chunk_29.root	
            - /ceph/awiedl/FCCee/HiggsCP/ecm365/stage1_280125/p8_ee_WW_ecm365/chunk_110.root	
            - /ceph/awiedl/FCCee/HiggsCP/ecm365/stage1_280125/p8_ee_WW_ecm365/chunk_68.root	
            - /ceph/awiedl/FCCee/HiggsCP/ecm365/stage1_280125/p8_ee_WW_ecm365/chunk_57.root	
            - /ceph/awiedl/FCCee/HiggsCP/ecm365/stage1_280125/p8_ee_WW_ecm365/chunk_95.root	
            - /ceph/awiedl/FCCee/HiggsCP/ecm365/stage1_280125/p8_ee_WW_ecm365/chunk_1.root	
            - /ceph/awiedl/FCCee/HiggsCP/ecm365/stage1_280125/p8_ee_WW_ecm365/chunk_82.root	

----> INFO: Number of events:
            	- original: 1,000,000
            	- local:    1,000,000
----> INFO: Output file path:
            /ceph/awiedl/FCCee/HiggsCP/ecm365/R5-tag/stage2_280125/LL/LH/p8_ee_WW_ecm365/chunk_4.root
----> INFO: =================================== SUMMARY ====================================
            Elapsed time (H:M:S):    00:00:43
            Events processed/second: 22,762
            Total events processed:  1,000,000
            No. result events:       7
            Reduction factor local:  7e-06
            Reduction factor total:  7e-06
            ================================================================================

