----> INFO: Loading analyzers from libFCCAnalyses...
----> INFO: Loading analysis file:
            /work/awiedl/FCCAnalyses/examples/FCCee/higgs/tautau/xsec/ecm365/R5-tag/NuNu/analysis_stage2_NuNuLH.py
----> INFO: Multithreading enabled. Running over 6 threads
----> INFO: Loading functions.h...
mkdir: cannot create directory '/eos': Permission denied
----> INFO: Running over files provided in command line argument...
----> INFO: Creating dataframe object from files:
            	- /ceph/awiedl/FCCee/HiggsCP/ecm365/stage1_280125/p8_ee_ZZ_ecm365/chunk_25.root	
            - /ceph/awiedl/FCCee/HiggsCP/ecm365/stage1_280125/p8_ee_ZZ_ecm365/chunk_70.root	
            - /ceph/awiedl/FCCee/HiggsCP/ecm365/stage1_280125/p8_ee_ZZ_ecm365/chunk_96.root	
            - /ceph/awiedl/FCCee/HiggsCP/ecm365/stage1_280125/p8_ee_ZZ_ecm365/chunk_74.root	
            - /ceph/awiedl/FCCee/HiggsCP/ecm365/stage1_280125/p8_ee_ZZ_ecm365/chunk_109.root	

----> INFO: Number of events:
            	- original: 500,000
            	- local:    500,000
----> INFO: Output file path:
            /ceph/awiedl/FCCee/HiggsCP/ecm365/R5-tag/stage2_280125/NuNu/LH/p8_ee_ZZ_ecm365/chunk_11.root
----> INFO: =================================== SUMMARY ====================================
            Elapsed time (H:M:S):    00:00:32
            Events processed/second: 15,191
            Total events processed:  500,000
            No. result events:       5,332
            Reduction factor local:  0.010664
            Reduction factor total:  0.010664
            ================================================================================

