000 (892542.125.000) 2025-01-27 00:05:18 Job submitted from host: <129.13.101.151:9618?addrs=129.13.101.151-9618+[2a00-1398-5-fe01-ec4-7aff-fede-e4ae]-9618&alias=bms3.etp.kit.edu&noUDP&sock=schedd_2157_19df>
...
040 (892542.125.000) 2025-01-27 00:39:21 Finished transferring input files
...
001 (892542.125.000) 2025-01-27 00:39:23 Job executing on host: <129.13.101.152:9618?addrs=129.13.101.152-9618+[2a00-1398-5-fe01--2001]-9618&alias=mdm1.etp.kit.edu&noUDP&sock=startd_3862_96d9>
	SlotName: slot1_4@mdm1.etp.kit.edu
	CondorScratchDir = "/local/scratch/ssd/condor/execute/dir_149480"
	Cpus = 4
	Disk = 5298931
	Memory = 10112
...
040 (892542.125.000) 2025-01-27 00:39:39 Started transferring output files
...
040 (892542.125.000) 2025-01-27 00:39:39 Finished transferring output files
...
004 (892542.125.000) 2025-01-27 00:39:39 Job was evicted.
	(0) Job terminated and was requeued
		Usr 0 00:00:00, Sys 0 00:00:00  -  Run Remote Usage
		Usr 0 00:00:00, Sys 0 00:00:00  -  Run Local Usage
	836  -  Run Bytes Sent By Job
	0  -  Run Bytes Received By Job
	(1) Normal termination (return value 3)
	The job attribute OnExitRemove expression 'NumJobCompletions > JobMaxRetries || ExitCode =?= 0' evaluated to FALSE
...
040 (892542.125.000) 2025-01-27 00:39:44 Finished transferring input files
...
001 (892542.125.000) 2025-01-27 00:39:46 Job executing on host: <129.13.101.152:9618?addrs=129.13.101.152-9618+[2a00-1398-5-fe01--2001]-9618&alias=mdm1.etp.kit.edu&noUDP&sock=startd_3862_96d9>
	SlotName: slot1_56@mdm1.etp.kit.edu
	CondorScratchDir = "/local/scratch/ssd/condor/execute/dir_150219"
	Cpus = 4
	Disk = 5298931
	Memory = 10112
...
040 (892542.125.000) 2025-01-27 00:40:04 Started transferring output files
...
040 (892542.125.000) 2025-01-27 00:40:04 Finished transferring output files
...
004 (892542.125.000) 2025-01-27 00:40:05 Job was evicted.
	(0) Job terminated and was requeued
		Usr 0 00:00:00, Sys 0 00:00:00  -  Run Remote Usage
		Usr 0 00:00:00, Sys 0 00:00:00  -  Run Local Usage
	836  -  Run Bytes Sent By Job
	0  -  Run Bytes Received By Job
	(1) Normal termination (return value 3)
	The job attribute OnExitRemove expression 'NumJobCompletions > JobMaxRetries || ExitCode =?= 0' evaluated to FALSE
...
040 (892542.125.000) 2025-01-27 00:40:07 Finished transferring input files
...
001 (892542.125.000) 2025-01-27 00:40:08 Job executing on host: <129.13.101.152:9618?addrs=129.13.101.152-9618+[2a00-1398-5-fe01--2001]-9618&alias=mdm1.etp.kit.edu&noUDP&sock=startd_3862_96d9>
	SlotName: slot1_4@mdm1.etp.kit.edu
	CondorScratchDir = "/local/scratch/ssd/condor/execute/dir_153522"
	Cpus = 4
	Disk = 5298931
	Memory = 10112
...
040 (892542.125.000) 2025-01-27 00:40:24 Started transferring output files
...
040 (892542.125.000) 2025-01-27 00:40:24 Finished transferring output files
...
004 (892542.125.000) 2025-01-27 00:40:24 Job was evicted.
	(0) Job terminated and was requeued
		Usr 0 00:00:00, Sys 0 00:00:00  -  Run Remote Usage
		Usr 0 00:00:00, Sys 0 00:00:00  -  Run Local Usage
	836  -  Run Bytes Sent By Job
	0  -  Run Bytes Received By Job
	(1) Normal termination (return value 3)
	The job attribute OnExitRemove expression 'NumJobCompletions > JobMaxRetries || ExitCode =?= 0' evaluated to FALSE
...
040 (892542.125.000) 2025-01-27 00:40:37 Finished transferring input files
...
001 (892542.125.000) 2025-01-27 00:40:39 Job executing on host: <129.13.101.152:9618?addrs=129.13.101.152-9618+[2a00-1398-5-fe01--2001]-9618&alias=mdm1.etp.kit.edu&noUDP&sock=startd_3862_96d9>
	SlotName: slot1_3@mdm1.etp.kit.edu
	CondorScratchDir = "/local/scratch/ssd/condor/execute/dir_156404"
	Cpus = 4
	Disk = 5298931
	Memory = 10112
...
040 (892542.125.000) 2025-01-27 00:40:54 Started transferring output files
...
040 (892542.125.000) 2025-01-27 00:40:54 Finished transferring output files
...
005 (892542.125.000) 2025-01-27 00:40:54 Job terminated.
	(1) Normal termination (return value 3)
		Usr 0 00:00:00, Sys 0 00:00:00  -  Run Remote Usage
		Usr 0 00:00:00, Sys 0 00:00:00  -  Run Local Usage
		Usr 0 00:00:00, Sys 0 00:00:00  -  Total Remote Usage
		Usr 0 00:00:00, Sys 0 00:00:00  -  Total Local Usage
	836  -  Run Bytes Sent By Job
	0  -  Run Bytes Received By Job
	3344  -  Total Bytes Sent By Job
	0  -  Total Bytes Received By Job
	Partitionable Resources :    Usage  Request Allocated 
	   Cpus                 :        0        4         4 
	   Disk (KB)            :       23  1000000   5298931 
	   Memory (MB)          :             10000     10112 

	Job terminated of its own accord at 2025-01-26T23:40:54Z with exit-code 3.
...
