000 (892542.244.000) 2025-01-27 00:05:19 Job submitted from host: <129.13.101.151:9618?addrs=129.13.101.151-9618+[2a00-1398-5-fe01-ec4-7aff-fede-e4ae]-9618&alias=bms3.etp.kit.edu&noUDP&sock=schedd_2157_19df>
...
040 (892542.244.000) 2025-01-27 00:52:06 Finished transferring input files
...
001 (892542.244.000) 2025-01-27 00:52:07 Job executing on host: <129.13.101.152:9618?addrs=129.13.101.152-9618+[2a00-1398-5-fe01--2001]-9618&alias=mdm1.etp.kit.edu&noUDP&sock=startd_3862_96d9>
	SlotName: slot1_17@mdm1.etp.kit.edu
	CondorScratchDir = "/local/scratch/ssd/condor/execute/dir_231361"
	Cpus = 4
	Disk = 5298931
	Memory = 10112
...
040 (892542.244.000) 2025-01-27 00:52:20 Started transferring output files
...
040 (892542.244.000) 2025-01-27 00:52:21 Finished transferring output files
...
004 (892542.244.000) 2025-01-27 00:52:21 Job was evicted.
	(0) Job terminated and was requeued
		Usr 0 00:00:00, Sys 0 00:00:00  -  Run Remote Usage
		Usr 0 00:00:00, Sys 0 00:00:00  -  Run Local Usage
	836  -  Run Bytes Sent By Job
	0  -  Run Bytes Received By Job
	(1) Normal termination (return value 3)
	The job attribute OnExitRemove expression 'NumJobCompletions > JobMaxRetries || ExitCode =?= 0' evaluated to FALSE
...
040 (892542.244.000) 2025-01-27 00:52:32 Finished transferring input files
...
001 (892542.244.000) 2025-01-27 00:52:33 Job executing on host: <129.13.101.152:9618?addrs=129.13.101.152-9618+[2a00-1398-5-fe01--2001]-9618&alias=mdm1.etp.kit.edu&noUDP&sock=startd_3862_96d9>
	SlotName: slot1_24@mdm1.etp.kit.edu
	CondorScratchDir = "/local/scratch/ssd/condor/execute/dir_233062"
	Cpus = 4
	Disk = 5298931
	Memory = 10112
...
040 (892542.244.000) 2025-01-27 00:52:48 Started transferring output files
...
040 (892542.244.000) 2025-01-27 00:52:48 Finished transferring output files
...
004 (892542.244.000) 2025-01-27 00:52:49 Job was evicted.
	(0) Job terminated and was requeued
		Usr 0 00:00:00, Sys 0 00:00:00  -  Run Remote Usage
		Usr 0 00:00:00, Sys 0 00:00:00  -  Run Local Usage
	836  -  Run Bytes Sent By Job
	0  -  Run Bytes Received By Job
	(1) Normal termination (return value 3)
	The job attribute OnExitRemove expression 'NumJobCompletions > JobMaxRetries || ExitCode =?= 0' evaluated to FALSE
...
040 (892542.244.000) 2025-01-27 00:52:53 Finished transferring input files
...
001 (892542.244.000) 2025-01-27 00:52:54 Job executing on host: <129.13.101.152:9618?addrs=129.13.101.152-9618+[2a00-1398-5-fe01--2001]-9618&alias=mdm1.etp.kit.edu&noUDP&sock=startd_3862_96d9>
	SlotName: slot1_23@mdm1.etp.kit.edu
	CondorScratchDir = "/local/scratch/ssd/condor/execute/dir_235674"
	Cpus = 4
	Disk = 5298931
	Memory = 10112
...
040 (892542.244.000) 2025-01-27 00:53:06 Started transferring output files
...
040 (892542.244.000) 2025-01-27 00:53:06 Finished transferring output files
...
004 (892542.244.000) 2025-01-27 00:53:07 Job was evicted.
	(0) Job terminated and was requeued
		Usr 0 00:00:00, Sys 0 00:00:00  -  Run Remote Usage
		Usr 0 00:00:00, Sys 0 00:00:00  -  Run Local Usage
	836  -  Run Bytes Sent By Job
	0  -  Run Bytes Received By Job
	(1) Normal termination (return value 3)
	The job attribute OnExitRemove expression 'NumJobCompletions > JobMaxRetries || ExitCode =?= 0' evaluated to FALSE
...
040 (892542.244.000) 2025-01-27 00:53:11 Finished transferring input files
...
001 (892542.244.000) 2025-01-27 00:53:12 Job executing on host: <129.13.101.152:9618?addrs=129.13.101.152-9618+[2a00-1398-5-fe01--2001]-9618&alias=mdm1.etp.kit.edu&noUDP&sock=startd_3862_96d9>
	SlotName: slot1_15@mdm1.etp.kit.edu
	CondorScratchDir = "/local/scratch/ssd/condor/execute/dir_236675"
	Cpus = 4
	Disk = 5298931
	Memory = 10112
...
040 (892542.244.000) 2025-01-27 00:53:27 Started transferring output files
...
040 (892542.244.000) 2025-01-27 00:53:27 Finished transferring output files
...
005 (892542.244.000) 2025-01-27 00:53:27 Job terminated.
	(1) Normal termination (return value 3)
		Usr 0 00:00:00, Sys 0 00:00:00  -  Run Remote Usage
		Usr 0 00:00:00, Sys 0 00:00:00  -  Run Local Usage
		Usr 0 00:00:00, Sys 0 00:00:00  -  Total Remote Usage
		Usr 0 00:00:00, Sys 0 00:00:00  -  Total Local Usage
	836  -  Run Bytes Sent By Job
	0  -  Run Bytes Received By Job
	3344  -  Total Bytes Sent By Job
	0  -  Total Bytes Received By Job
	Partitionable Resources :    Usage  Request Allocated 
	   Cpus                 :        0        4         4 
	   Disk (KB)            :       24  1000000   5298931 
	   Memory (MB)          :             10000     10112 

	Job terminated of its own accord at 2025-01-26T23:53:27Z with exit-code 3.
...
