000 (892542.254.000) 2025-01-27 00:05:19 Job submitted from host: <129.13.101.151:9618?addrs=129.13.101.151-9618+[2a00-1398-5-fe01-ec4-7aff-fede-e4ae]-9618&alias=bms3.etp.kit.edu&noUDP&sock=schedd_2157_19df>
...
040 (892542.254.000) 2025-01-27 00:53:15 Finished transferring input files
...
001 (892542.254.000) 2025-01-27 00:53:17 Job executing on host: <129.13.101.152:9618?addrs=129.13.101.152-9618+[2a00-1398-5-fe01--2001]-9618&alias=mdm1.etp.kit.edu&noUDP&sock=startd_3862_96d9>
	SlotName: slot1_17@mdm1.etp.kit.edu
	CondorScratchDir = "/local/scratch/ssd/condor/execute/dir_237002"
	Cpus = 4
	Disk = 5298931
	Memory = 10112
...
040 (892542.254.000) 2025-01-27 00:53:35 Started transferring output files
...
040 (892542.254.000) 2025-01-27 00:53:35 Finished transferring output files
...
004 (892542.254.000) 2025-01-27 00:53:35 Job was evicted.
	(0) Job terminated and was requeued
		Usr 0 00:00:00, Sys 0 00:00:00  -  Run Remote Usage
		Usr 0 00:00:00, Sys 0 00:00:00  -  Run Local Usage
	836  -  Run Bytes Sent By Job
	0  -  Run Bytes Received By Job
	(1) Normal termination (return value 3)
	The job attribute OnExitRemove expression 'NumJobCompletions > JobMaxRetries || ExitCode =?= 0' evaluated to FALSE
...
040 (892542.254.000) 2025-01-27 00:53:46 Finished transferring input files
...
001 (892542.254.000) 2025-01-27 00:53:47 Job executing on host: <129.13.101.152:9618?addrs=129.13.101.152-9618+[2a00-1398-5-fe01--2001]-9618&alias=mdm1.etp.kit.edu&noUDP&sock=startd_3862_96d9>
	SlotName: slot1_17@mdm1.etp.kit.edu
	CondorScratchDir = "/local/scratch/ssd/condor/execute/dir_238892"
	Cpus = 4
	Disk = 5298931
	Memory = 10112
...
040 (892542.254.000) 2025-01-27 00:54:06 Started transferring output files
...
040 (892542.254.000) 2025-01-27 00:54:06 Finished transferring output files
...
004 (892542.254.000) 2025-01-27 00:54:06 Job was evicted.
	(0) Job terminated and was requeued
		Usr 0 00:00:00, Sys 0 00:00:00  -  Run Remote Usage
		Usr 0 00:00:00, Sys 0 00:00:00  -  Run Local Usage
	836  -  Run Bytes Sent By Job
	0  -  Run Bytes Received By Job
	(1) Normal termination (return value 3)
	The job attribute OnExitRemove expression 'NumJobCompletions > JobMaxRetries || ExitCode =?= 0' evaluated to FALSE
...
040 (892542.254.000) 2025-01-27 00:54:15 Finished transferring input files
...
001 (892542.254.000) 2025-01-27 00:54:17 Job executing on host: <129.13.101.152:9618?addrs=129.13.101.152-9618+[2a00-1398-5-fe01--2001]-9618&alias=mdm1.etp.kit.edu&noUDP&sock=startd_3862_96d9>
	SlotName: slot1_6@mdm1.etp.kit.edu
	CondorScratchDir = "/local/scratch/ssd/condor/execute/dir_242546"
	Cpus = 4
	Disk = 5298931
	Memory = 10112
...
040 (892542.254.000) 2025-01-27 00:54:37 Started transferring output files
...
040 (892542.254.000) 2025-01-27 00:54:37 Finished transferring output files
...
004 (892542.254.000) 2025-01-27 00:54:38 Job was evicted.
	(0) Job terminated and was requeued
		Usr 0 00:00:00, Sys 0 00:00:00  -  Run Remote Usage
		Usr 0 00:00:00, Sys 0 00:00:00  -  Run Local Usage
	836  -  Run Bytes Sent By Job
	0  -  Run Bytes Received By Job
	(1) Normal termination (return value 3)
	The job attribute OnExitRemove expression 'NumJobCompletions > JobMaxRetries || ExitCode =?= 0' evaluated to FALSE
...
040 (892542.254.000) 2025-01-27 00:54:44 Finished transferring input files
...
001 (892542.254.000) 2025-01-27 00:54:47 Job executing on host: <129.13.101.152:9618?addrs=129.13.101.152-9618+[2a00-1398-5-fe01--2001]-9618&alias=mdm1.etp.kit.edu&noUDP&sock=startd_3862_96d9>
	SlotName: slot1_6@mdm1.etp.kit.edu
	CondorScratchDir = "/local/scratch/ssd/condor/execute/dir_246435"
	Cpus = 4
	Disk = 5298931
	Memory = 10112
...
040 (892542.254.000) 2025-01-27 00:55:04 Started transferring output files
...
040 (892542.254.000) 2025-01-27 00:55:04 Finished transferring output files
...
005 (892542.254.000) 2025-01-27 00:55:04 Job terminated.
	(1) Normal termination (return value 3)
		Usr 0 00:00:00, Sys 0 00:00:00  -  Run Remote Usage
		Usr 0 00:00:00, Sys 0 00:00:00  -  Run Local Usage
		Usr 0 00:00:00, Sys 0 00:00:00  -  Total Remote Usage
		Usr 0 00:00:00, Sys 0 00:00:00  -  Total Local Usage
	836  -  Run Bytes Sent By Job
	0  -  Run Bytes Received By Job
	3344  -  Total Bytes Sent By Job
	0  -  Total Bytes Received By Job
	Partitionable Resources :    Usage  Request Allocated 
	   Cpus                 :        0        4         4 
	   Disk (KB)            :       23  1000000   5298931 
	   Memory (MB)          :             10000     10112 

	Job terminated of its own accord at 2025-01-26T23:55:03Z with exit-code 3.
...
