000 (892542.188.000) 2025-01-27 00:05:18 Job submitted from host: <129.13.101.151:9618?addrs=129.13.101.151-9618+[2a00-1398-5-fe01-ec4-7aff-fede-e4ae]-9618&alias=bms3.etp.kit.edu&noUDP&sock=schedd_2157_19df>
...
040 (892542.188.000) 2025-01-27 00:45:51 Finished transferring input files
...
001 (892542.188.000) 2025-01-27 00:45:52 Job executing on host: <129.13.101.152:9618?addrs=129.13.101.152-9618+[2a00-1398-5-fe01--2001]-9618&alias=mdm1.etp.kit.edu&noUDP&sock=startd_3862_96d9>
	SlotName: slot1_36@mdm1.etp.kit.edu
	CondorScratchDir = "/local/scratch/ssd/condor/execute/dir_193147"
	Cpus = 4
	Disk = 5298931
	Memory = 10112
...
040 (892542.188.000) 2025-01-27 00:46:08 Started transferring output files
...
040 (892542.188.000) 2025-01-27 00:46:08 Finished transferring output files
...
004 (892542.188.000) 2025-01-27 00:46:08 Job was evicted.
	(0) Job terminated and was requeued
		Usr 0 00:00:00, Sys 0 00:00:00  -  Run Remote Usage
		Usr 0 00:00:00, Sys 0 00:00:00  -  Run Local Usage
	836  -  Run Bytes Sent By Job
	0  -  Run Bytes Received By Job
	(1) Normal termination (return value 3)
	The job attribute OnExitRemove expression 'NumJobCompletions > JobMaxRetries || ExitCode =?= 0' evaluated to FALSE
...
040 (892542.188.000) 2025-01-27 00:46:15 Finished transferring input files
...
001 (892542.188.000) 2025-01-27 00:46:16 Job executing on host: <129.13.101.152:9618?addrs=129.13.101.152-9618+[2a00-1398-5-fe01--2001]-9618&alias=mdm1.etp.kit.edu&noUDP&sock=startd_3862_96d9>
	SlotName: slot1_32@mdm1.etp.kit.edu
	CondorScratchDir = "/local/scratch/ssd/condor/execute/dir_194772"
	Cpus = 4
	Disk = 5298931
	Memory = 10112
...
040 (892542.188.000) 2025-01-27 00:46:34 Started transferring output files
...
040 (892542.188.000) 2025-01-27 00:46:34 Finished transferring output files
...
004 (892542.188.000) 2025-01-27 00:46:34 Job was evicted.
	(0) Job terminated and was requeued
		Usr 0 00:00:00, Sys 0 00:00:00  -  Run Remote Usage
		Usr 0 00:00:00, Sys 0 00:00:00  -  Run Local Usage
	836  -  Run Bytes Sent By Job
	0  -  Run Bytes Received By Job
	(1) Normal termination (return value 3)
	The job attribute OnExitRemove expression 'NumJobCompletions > JobMaxRetries || ExitCode =?= 0' evaluated to FALSE
...
040 (892542.188.000) 2025-01-27 00:46:39 Finished transferring input files
...
001 (892542.188.000) 2025-01-27 00:46:40 Job executing on host: <129.13.101.152:9618?addrs=129.13.101.152-9618+[2a00-1398-5-fe01--2001]-9618&alias=mdm1.etp.kit.edu&noUDP&sock=startd_3862_96d9>
	SlotName: slot1_7@mdm1.etp.kit.edu
	CondorScratchDir = "/local/scratch/ssd/condor/execute/dir_197746"
	Cpus = 4
	Disk = 5298931
	Memory = 10112
...
040 (892542.188.000) 2025-01-27 00:46:57 Started transferring output files
...
040 (892542.188.000) 2025-01-27 00:46:57 Finished transferring output files
...
004 (892542.188.000) 2025-01-27 00:46:57 Job was evicted.
	(0) Job terminated and was requeued
		Usr 0 00:00:00, Sys 0 00:00:00  -  Run Remote Usage
		Usr 0 00:00:00, Sys 0 00:00:00  -  Run Local Usage
	836  -  Run Bytes Sent By Job
	0  -  Run Bytes Received By Job
	(1) Normal termination (return value 3)
	The job attribute OnExitRemove expression 'NumJobCompletions > JobMaxRetries || ExitCode =?= 0' evaluated to FALSE
...
040 (892542.188.000) 2025-01-27 00:47:02 Finished transferring input files
...
001 (892542.188.000) 2025-01-27 00:47:03 Job executing on host: <129.13.101.152:9618?addrs=129.13.101.152-9618+[2a00-1398-5-fe01--2001]-9618&alias=mdm1.etp.kit.edu&noUDP&sock=startd_3862_96d9>
	SlotName: slot1_13@mdm1.etp.kit.edu
	CondorScratchDir = "/local/scratch/ssd/condor/execute/dir_199650"
	Cpus = 4
	Disk = 5298931
	Memory = 10112
...
040 (892542.188.000) 2025-01-27 00:47:16 Started transferring output files
...
040 (892542.188.000) 2025-01-27 00:47:16 Finished transferring output files
...
005 (892542.188.000) 2025-01-27 00:47:17 Job terminated.
	(1) Normal termination (return value 3)
		Usr 0 00:00:00, Sys 0 00:00:00  -  Run Remote Usage
		Usr 0 00:00:00, Sys 0 00:00:00  -  Run Local Usage
		Usr 0 00:00:00, Sys 0 00:00:00  -  Total Remote Usage
		Usr 0 00:00:00, Sys 0 00:00:00  -  Total Local Usage
	836  -  Run Bytes Sent By Job
	0  -  Run Bytes Received By Job
	3344  -  Total Bytes Sent By Job
	0  -  Total Bytes Received By Job
	Partitionable Resources :    Usage  Request Allocated 
	   Cpus                 :     0.08        4         4 
	   Disk (KB)            :    23     1000000   5298931 
	   Memory (MB)          :             10000     10112 

	Job terminated of its own accord at 2025-01-26T23:47:16Z with exit-code 3.
...
