000 (892542.232.000) 2025-01-27 00:05:19 Job submitted from host: <129.13.101.151:9618?addrs=129.13.101.151-9618+[2a00-1398-5-fe01-ec4-7aff-fede-e4ae]-9618&alias=bms3.etp.kit.edu&noUDP&sock=schedd_2157_19df>
...
040 (892542.232.000) 2025-01-27 00:50:56 Finished transferring input files
...
001 (892542.232.000) 2025-01-27 00:50:57 Job executing on host: <129.13.101.152:9618?addrs=129.13.101.152-9618+[2a00-1398-5-fe01--2001]-9618&alias=mdm1.etp.kit.edu&noUDP&sock=startd_3862_96d9>
	SlotName: slot1_67@mdm1.etp.kit.edu
	CondorScratchDir = "/local/scratch/ssd/condor/execute/dir_223035"
	Cpus = 4
	Disk = 5298931
	Memory = 10112
...
040 (892542.232.000) 2025-01-27 00:51:12 Started transferring output files
...
040 (892542.232.000) 2025-01-27 00:51:12 Finished transferring output files
...
004 (892542.232.000) 2025-01-27 00:51:13 Job was evicted.
	(0) Job terminated and was requeued
		Usr 0 00:00:00, Sys 0 00:00:00  -  Run Remote Usage
		Usr 0 00:00:00, Sys 0 00:00:00  -  Run Local Usage
	840  -  Run Bytes Sent By Job
	0  -  Run Bytes Received By Job
	(1) Normal termination (return value 3)
	The job attribute OnExitRemove expression 'NumJobCompletions > JobMaxRetries || ExitCode =?= 0' evaluated to FALSE
...
040 (892542.232.000) 2025-01-27 00:51:15 Finished transferring input files
...
001 (892542.232.000) 2025-01-27 00:51:17 Job executing on host: <129.13.101.152:9618?addrs=129.13.101.152-9618+[2a00-1398-5-fe01--2001]-9618&alias=mdm1.etp.kit.edu&noUDP&sock=startd_3862_96d9>
	SlotName: slot1_23@mdm1.etp.kit.edu
	CondorScratchDir = "/local/scratch/ssd/condor/execute/dir_224472"
	Cpus = 4
	Disk = 5298931
	Memory = 10112
...
040 (892542.232.000) 2025-01-27 00:51:35 Started transferring output files
...
040 (892542.232.000) 2025-01-27 00:51:35 Finished transferring output files
...
004 (892542.232.000) 2025-01-27 00:51:35 Job was evicted.
	(0) Job terminated and was requeued
		Usr 0 00:00:00, Sys 0 00:00:00  -  Run Remote Usage
		Usr 0 00:00:00, Sys 0 00:00:00  -  Run Local Usage
	840  -  Run Bytes Sent By Job
	0  -  Run Bytes Received By Job
	(1) Normal termination (return value 3)
	The job attribute OnExitRemove expression 'NumJobCompletions > JobMaxRetries || ExitCode =?= 0' evaluated to FALSE
...
040 (892542.232.000) 2025-01-27 00:51:45 Finished transferring input files
...
001 (892542.232.000) 2025-01-27 00:51:47 Job executing on host: <129.13.101.152:9618?addrs=129.13.101.152-9618+[2a00-1398-5-fe01--2001]-9618&alias=mdm1.etp.kit.edu&noUDP&sock=startd_3862_96d9>
	SlotName: slot1_7@mdm1.etp.kit.edu
	CondorScratchDir = "/local/scratch/ssd/condor/execute/dir_228819"
	Cpus = 4
	Disk = 5298931
	Memory = 10112
...
040 (892542.232.000) 2025-01-27 00:52:07 Started transferring output files
...
040 (892542.232.000) 2025-01-27 00:52:07 Finished transferring output files
...
004 (892542.232.000) 2025-01-27 00:52:08 Job was evicted.
	(0) Job terminated and was requeued
		Usr 0 00:00:00, Sys 0 00:00:00  -  Run Remote Usage
		Usr 0 00:00:00, Sys 0 00:00:00  -  Run Local Usage
	840  -  Run Bytes Sent By Job
	0  -  Run Bytes Received By Job
	(1) Normal termination (return value 3)
	The job attribute OnExitRemove expression 'NumJobCompletions > JobMaxRetries || ExitCode =?= 0' evaluated to FALSE
...
040 (892542.232.000) 2025-01-27 00:52:13 Finished transferring input files
...
001 (892542.232.000) 2025-01-27 00:52:14 Job executing on host: <129.13.101.152:9618?addrs=129.13.101.152-9618+[2a00-1398-5-fe01--2001]-9618&alias=mdm1.etp.kit.edu&noUDP&sock=startd_3862_96d9>
	SlotName: slot1_1@mdm1.etp.kit.edu
	CondorScratchDir = "/local/scratch/ssd/condor/execute/dir_231864"
	Cpus = 4
	Disk = 5298931
	Memory = 10112
...
040 (892542.232.000) 2025-01-27 00:52:30 Started transferring output files
...
040 (892542.232.000) 2025-01-27 00:52:30 Finished transferring output files
...
005 (892542.232.000) 2025-01-27 00:52:30 Job terminated.
	(1) Normal termination (return value 3)
		Usr 0 00:00:00, Sys 0 00:00:00  -  Run Remote Usage
		Usr 0 00:00:00, Sys 0 00:00:00  -  Run Local Usage
		Usr 0 00:00:00, Sys 0 00:00:00  -  Total Remote Usage
		Usr 0 00:00:00, Sys 0 00:00:00  -  Total Local Usage
	840  -  Run Bytes Sent By Job
	0  -  Run Bytes Received By Job
	3360  -  Total Bytes Sent By Job
	0  -  Total Bytes Received By Job
	Partitionable Resources :    Usage  Request Allocated 
	   Cpus                 :        0        4         4 
	   Disk (KB)            :       24  1000000   5298931 
	   Memory (MB)          :             10000     10112 

	Job terminated of its own accord at 2025-01-26T23:52:30Z with exit-code 3.
...
