000 (892542.227.000) 2025-01-27 00:05:18 Job submitted from host: <129.13.101.151:9618?addrs=129.13.101.151-9618+[2a00-1398-5-fe01-ec4-7aff-fede-e4ae]-9618&alias=bms3.etp.kit.edu&noUDP&sock=schedd_2157_19df>
...
040 (892542.227.000) 2025-01-27 00:50:25 Finished transferring input files
...
001 (892542.227.000) 2025-01-27 00:50:26 Job executing on host: <129.13.101.152:9618?addrs=129.13.101.152-9618+[2a00-1398-5-fe01--2001]-9618&alias=mdm1.etp.kit.edu&noUDP&sock=startd_3862_96d9>
	SlotName: slot1_32@mdm1.etp.kit.edu
	CondorScratchDir = "/local/scratch/ssd/condor/execute/dir_220846"
	Cpus = 4
	Disk = 5298931
	Memory = 10112
...
040 (892542.227.000) 2025-01-27 00:50:38 Started transferring output files
...
040 (892542.227.000) 2025-01-27 00:50:38 Finished transferring output files
...
004 (892542.227.000) 2025-01-27 00:50:38 Job was evicted.
	(0) Job terminated and was requeued
		Usr 0 00:00:00, Sys 0 00:00:00  -  Run Remote Usage
		Usr 0 00:00:00, Sys 0 00:00:00  -  Run Local Usage
	836  -  Run Bytes Sent By Job
	0  -  Run Bytes Received By Job
	(1) Normal termination (return value 3)
	The job attribute OnExitRemove expression 'NumJobCompletions > JobMaxRetries || ExitCode =?= 0' evaluated to FALSE
...
040 (892542.227.000) 2025-01-27 00:50:45 Finished transferring input files
...
001 (892542.227.000) 2025-01-27 00:50:46 Job executing on host: <129.13.101.152:9618?addrs=129.13.101.152-9618+[2a00-1398-5-fe01--2001]-9618&alias=mdm1.etp.kit.edu&noUDP&sock=startd_3862_96d9>
	SlotName: slot1_32@mdm1.etp.kit.edu
	CondorScratchDir = "/local/scratch/ssd/condor/execute/dir_221784"
	Cpus = 4
	Disk = 5298931
	Memory = 10112
...
040 (892542.227.000) 2025-01-27 00:51:02 Started transferring output files
...
040 (892542.227.000) 2025-01-27 00:51:02 Finished transferring output files
...
004 (892542.227.000) 2025-01-27 00:51:02 Job was evicted.
	(0) Job terminated and was requeued
		Usr 0 00:00:00, Sys 0 00:00:00  -  Run Remote Usage
		Usr 0 00:00:00, Sys 0 00:00:00  -  Run Local Usage
	836  -  Run Bytes Sent By Job
	0  -  Run Bytes Received By Job
	(1) Normal termination (return value 3)
	The job attribute OnExitRemove expression 'NumJobCompletions > JobMaxRetries || ExitCode =?= 0' evaluated to FALSE
...
040 (892542.227.000) 2025-01-27 00:51:14 Finished transferring input files
...
001 (892542.227.000) 2025-01-27 00:51:16 Job executing on host: <129.13.101.152:9618?addrs=129.13.101.152-9618+[2a00-1398-5-fe01--2001]-9618&alias=mdm1.etp.kit.edu&noUDP&sock=startd_3862_96d9>
	SlotName: slot1_6@mdm1.etp.kit.edu
	CondorScratchDir = "/local/scratch/ssd/condor/execute/dir_224469"
	Cpus = 4
	Disk = 5298931
	Memory = 10112
...
040 (892542.227.000) 2025-01-27 00:51:31 Started transferring output files
...
040 (892542.227.000) 2025-01-27 00:51:31 Finished transferring output files
...
004 (892542.227.000) 2025-01-27 00:51:31 Job was evicted.
	(0) Job terminated and was requeued
		Usr 0 00:00:00, Sys 0 00:00:00  -  Run Remote Usage
		Usr 0 00:00:00, Sys 0 00:00:00  -  Run Local Usage
	836  -  Run Bytes Sent By Job
	0  -  Run Bytes Received By Job
	(1) Normal termination (return value 3)
	The job attribute OnExitRemove expression 'NumJobCompletions > JobMaxRetries || ExitCode =?= 0' evaluated to FALSE
...
040 (892542.227.000) 2025-01-27 00:51:41 Finished transferring input files
...
001 (892542.227.000) 2025-01-27 00:51:42 Job executing on host: <129.13.101.152:9618?addrs=129.13.101.152-9618+[2a00-1398-5-fe01--2001]-9618&alias=mdm1.etp.kit.edu&noUDP&sock=startd_3862_96d9>
	SlotName: slot1_24@mdm1.etp.kit.edu
	CondorScratchDir = "/local/scratch/ssd/condor/execute/dir_228146"
	Cpus = 4
	Disk = 5298931
	Memory = 10112
...
040 (892542.227.000) 2025-01-27 00:51:58 Started transferring output files
...
040 (892542.227.000) 2025-01-27 00:51:58 Finished transferring output files
...
005 (892542.227.000) 2025-01-27 00:51:58 Job terminated.
	(1) Normal termination (return value 3)
		Usr 0 00:00:00, Sys 0 00:00:00  -  Run Remote Usage
		Usr 0 00:00:00, Sys 0 00:00:00  -  Run Local Usage
		Usr 0 00:00:00, Sys 0 00:00:00  -  Total Remote Usage
		Usr 0 00:00:00, Sys 0 00:00:00  -  Total Local Usage
	836  -  Run Bytes Sent By Job
	0  -  Run Bytes Received By Job
	3344  -  Total Bytes Sent By Job
	0  -  Total Bytes Received By Job
	Partitionable Resources :    Usage  Request Allocated 
	   Cpus                 :     0.11        4         4 
	   Disk (KB)            :    24     1000000   5298931 
	   Memory (MB)          :             10000     10112 

	Job terminated of its own accord at 2025-01-26T23:51:57Z with exit-code 3.
...
