----> INFO: Loading analyzers from libFCCAnalyses...
----> INFO: Loading analysis file:
            /work/awiedl/FCCAnalyses/examples/FCCee/higgs/tautau/xsec/BDT/stage3/R5-explicit/analysis_stage3_NuNuLH.py
----> INFO: Multithreading enabled. Running over 4 threads
----> INFO: Loading functions.h...
----> INFO: Running over files provided in command line argument...
----> INFO: Creating dataframe object from files:
            	- /ceph/awiedl/FCCee/HiggsCP/R5-explicit/stage2_241202_cut/NuNu/LH/p8_ee_Zqq_ecm240/chunk_7.root	
            - /ceph/awiedl/FCCee/HiggsCP/R5-explicit/stage2_241202_cut/NuNu/LH/p8_ee_Zqq_ecm240/chunk_44.root	
            - /ceph/awiedl/FCCee/HiggsCP/R5-explicit/stage2_241202_cut/NuNu/LH/p8_ee_Zqq_ecm240/chunk_53.root	
            - /ceph/awiedl/FCCee/HiggsCP/R5-explicit/stage2_241202_cut/NuNu/LH/p8_ee_Zqq_ecm240/chunk_77.root	
            - /ceph/awiedl/FCCee/HiggsCP/R5-explicit/stage2_241202_cut/NuNu/LH/p8_ee_Zqq_ecm240/chunk_83.root	
            - /ceph/awiedl/FCCee/HiggsCP/R5-explicit/stage2_241202_cut/NuNu/LH/p8_ee_Zqq_ecm240/chunk_60.root	
            - /ceph/awiedl/FCCee/HiggsCP/R5-explicit/stage2_241202_cut/NuNu/LH/p8_ee_Zqq_ecm240/chunk_43.root	
            - /ceph/awiedl/FCCee/HiggsCP/R5-explicit/stage2_241202_cut/NuNu/LH/p8_ee_Zqq_ecm240/chunk_20.root	
            - /ceph/awiedl/FCCee/HiggsCP/R5-explicit/stage2_241202_cut/NuNu/LH/p8_ee_Zqq_ecm240/chunk_75.root	
            - /ceph/awiedl/FCCee/HiggsCP/R5-explicit/stage2_241202_cut/NuNu/LH/p8_ee_Zqq_ecm240/chunk_28.root	

----> INFO: Number of events:
            	- original: 9,925,312
            	- local:    116
----> INFO: Output file path:
            /ceph/awiedl/FCCee/HiggsCP/R5-explicit/stage3_241202/NuNu/LH/p8_ee_Zqq_ecm240/chunk_7.root
----> INFO: =================================== SUMMARY ====================================
            Elapsed time (H:M:S):    00:00:15
            Events processed/second: 7
            Total events processed:  116
            No. result events:       116
            Reduction factor local:  1.0
            Reduction factor total:  1.168729003178943e-05
            ================================================================================

