----> INFO: Loading analyzers from libFCCAnalyses...
----> INFO: Loading analysis file:
            /work/awiedl/FCCAnalyses/examples/FCCee/higgs/tautau/xsec/BDT/stage3/R5-explicit/analysis_stage3_NuNuLH.py
----> INFO: Multithreading enabled. Running over 4 threads
----> INFO: Loading functions.h...
----> INFO: Running over files provided in command line argument...
----> INFO: Creating dataframe object from files:
            	- /ceph/awiedl/FCCee/HiggsCP/R5-explicit/stage2_241202_cut/NuNu/LH/p8_ee_WW_ecm240/chunk_294.root	
            - /ceph/awiedl/FCCee/HiggsCP/R5-explicit/stage2_241202_cut/NuNu/LH/p8_ee_WW_ecm240/chunk_87.root	
            - /ceph/awiedl/FCCee/HiggsCP/R5-explicit/stage2_241202_cut/NuNu/LH/p8_ee_WW_ecm240/chunk_157.root	
            - /ceph/awiedl/FCCee/HiggsCP/R5-explicit/stage2_241202_cut/NuNu/LH/p8_ee_WW_ecm240/chunk_67.root	
            - /ceph/awiedl/FCCee/HiggsCP/R5-explicit/stage2_241202_cut/NuNu/LH/p8_ee_WW_ecm240/chunk_275.root	
            - /ceph/awiedl/FCCee/HiggsCP/R5-explicit/stage2_241202_cut/NuNu/LH/p8_ee_WW_ecm240/chunk_48.root	
            - /ceph/awiedl/FCCee/HiggsCP/R5-explicit/stage2_241202_cut/NuNu/LH/p8_ee_WW_ecm240/chunk_33.root	
            - /ceph/awiedl/FCCee/HiggsCP/R5-explicit/stage2_241202_cut/NuNu/LH/p8_ee_WW_ecm240/chunk_236.root	
            - /ceph/awiedl/FCCee/HiggsCP/R5-explicit/stage2_241202_cut/NuNu/LH/p8_ee_WW_ecm240/chunk_6.root	
            - /ceph/awiedl/FCCee/HiggsCP/R5-explicit/stage2_241202_cut/NuNu/LH/p8_ee_WW_ecm240/chunk_166.root	

----> INFO: Number of events:
            	- original: 12,362,822
            	- local:    261,435
----> INFO: Output file path:
            /ceph/awiedl/FCCee/HiggsCP/R5-explicit/stage3_241202/NuNu/LH/p8_ee_WW_ecm240/chunk_16.root
----> INFO: =================================== SUMMARY ====================================
            Elapsed time (H:M:S):    00:00:52
            Events processed/second: 4,965
            Total events processed:  261,435
            No. result events:       261,435
            Reduction factor local:  1.0
            Reduction factor total:  0.021146870835801083
            ================================================================================

