----> INFO: Loading analyzers from libFCCAnalyses...
----> INFO: Loading analysis file:
            /work/awiedl/FCCAnalyses/examples/FCCee/higgs/tautau/xsec/BDT/stage3/R5-explicit/analysis_stage3_NuNuLL.py
----> INFO: Multithreading enabled. Running over 4 threads
----> INFO: Loading functions.h...
----> INFO: Running over files provided in command line argument...
----> INFO: Creating dataframe object from files:
            	- /ceph/awiedl/FCCee/HiggsCP/R5-explicit/stage2_241202_cut/NuNu/LL/wzp6_ee_ee_Mee_30_150_ecm240/chunk_60.root	
            - /ceph/awiedl/FCCee/HiggsCP/R5-explicit/stage2_241202_cut/NuNu/LL/wzp6_ee_ee_Mee_30_150_ecm240/chunk_43.root	
            - /ceph/awiedl/FCCee/HiggsCP/R5-explicit/stage2_241202_cut/NuNu/LL/wzp6_ee_ee_Mee_30_150_ecm240/chunk_20.root	
            - /ceph/awiedl/FCCee/HiggsCP/R5-explicit/stage2_241202_cut/NuNu/LL/wzp6_ee_ee_Mee_30_150_ecm240/chunk_75.root	
            - /ceph/awiedl/FCCee/HiggsCP/R5-explicit/stage2_241202_cut/NuNu/LL/wzp6_ee_ee_Mee_30_150_ecm240/chunk_28.root	
            - /ceph/awiedl/FCCee/HiggsCP/R5-explicit/stage2_241202_cut/NuNu/LL/wzp6_ee_ee_Mee_30_150_ecm240/chunk_41.root	
            - /ceph/awiedl/FCCee/HiggsCP/R5-explicit/stage2_241202_cut/NuNu/LL/wzp6_ee_ee_Mee_30_150_ecm240/chunk_0.root	
            - /ceph/awiedl/FCCee/HiggsCP/R5-explicit/stage2_241202_cut/NuNu/LL/wzp6_ee_ee_Mee_30_150_ecm240/chunk_62.root	
            - /ceph/awiedl/FCCee/HiggsCP/R5-explicit/stage2_241202_cut/NuNu/LL/wzp6_ee_ee_Mee_30_150_ecm240/chunk_46.root	
            - /ceph/awiedl/FCCee/HiggsCP/R5-explicit/stage2_241202_cut/NuNu/LL/wzp6_ee_ee_Mee_30_150_ecm240/chunk_21.root	

----> INFO: Number of events:
            	- original: 10,700,000
            	- local:    3,469,410
----> INFO: Output file path:
            /ceph/awiedl/FCCee/HiggsCP/R5-explicit/stage3_241202/NuNu/LL/wzp6_ee_ee_Mee_30_150_ecm240/chunk_6.root
----> INFO: =================================== SUMMARY ====================================
            Elapsed time (H:M:S):    00:08:20
            Events processed/second: 6,925
            Total events processed:  3,469,410
            No. result events:       3,469,410
            Reduction factor local:  1.0
            Reduction factor total:  0.32424392523364487
            ================================================================================

