----> INFO: Loading analyzers from libFCCAnalyses...
----> INFO: Loading analysis file:
            /work/awiedl/FCCAnalyses/examples/FCCee/higgs/tautau/xsec/BDT/stage3/R5-explicit/analysis_stage3_NuNuLH.py
----> INFO: Multithreading enabled. Running over 4 threads
----> INFO: Loading functions.h...
----> INFO: Running over files provided in command line argument...
----> INFO: Creating dataframe object from files:
            	- /ceph/awiedl/FCCee/HiggsCP/R5-explicit/stage2_241202_cut/NuNu/LH/p8_ee_Zqq_ecm240/chunk_22.root	
            - /ceph/awiedl/FCCee/HiggsCP/R5-explicit/stage2_241202_cut/NuNu/LH/p8_ee_Zqq_ecm240/chunk_12.root	
            - /ceph/awiedl/FCCee/HiggsCP/R5-explicit/stage2_241202_cut/NuNu/LH/p8_ee_Zqq_ecm240/chunk_5.root	
            - /ceph/awiedl/FCCee/HiggsCP/R5-explicit/stage2_241202_cut/NuNu/LH/p8_ee_Zqq_ecm240/chunk_32.root	
            - /ceph/awiedl/FCCee/HiggsCP/R5-explicit/stage2_241202_cut/NuNu/LH/p8_ee_Zqq_ecm240/chunk_49.root	
            - /ceph/awiedl/FCCee/HiggsCP/R5-explicit/stage2_241202_cut/NuNu/LH/p8_ee_Zqq_ecm240/chunk_14.root	
            - /ceph/awiedl/FCCee/HiggsCP/R5-explicit/stage2_241202_cut/NuNu/LH/p8_ee_Zqq_ecm240/chunk_52.root	
            - /ceph/awiedl/FCCee/HiggsCP/R5-explicit/stage2_241202_cut/NuNu/LH/p8_ee_Zqq_ecm240/chunk_94.root	
            - /ceph/awiedl/FCCee/HiggsCP/R5-explicit/stage2_241202_cut/NuNu/LH/p8_ee_Zqq_ecm240/chunk_29.root	
            - /ceph/awiedl/FCCee/HiggsCP/R5-explicit/stage2_241202_cut/NuNu/LH/p8_ee_Zqq_ecm240/chunk_68.root	

----> INFO: Number of events:
            	- original: 10,071,920
            	- local:    119
----> INFO: Output file path:
            /ceph/awiedl/FCCee/HiggsCP/R5-explicit/stage3_241202/NuNu/LH/p8_ee_Zqq_ecm240/chunk_3.root
----> INFO: =================================== SUMMARY ====================================
            Elapsed time (H:M:S):    00:00:15
            Events processed/second: 7
            Total events processed:  119
            No. result events:       119
            Reduction factor local:  1.0
            Reduction factor total:  1.1815026330630108e-05
            ================================================================================

