----> INFO: Loading analyzers from libFCCAnalyses...
----> INFO: Loading analysis file:
            /work/awiedl/FCCAnalyses/examples/FCCee/higgs/tautau/xsec/BDT/stage3/R5-explicit/analysis_stage3_NuNuLL.py
----> INFO: Multithreading enabled. Running over 4 threads
----> INFO: Loading functions.h...
----> INFO: Running over files provided in command line argument...
----> INFO: Creating dataframe object from files:
            	- /ceph/awiedl/FCCee/HiggsCP/R5-explicit/stage2_241202_cut/NuNu/LL/p8_ee_WW_ecm240/chunk_62.root	
            - /ceph/awiedl/FCCee/HiggsCP/R5-explicit/stage2_241202_cut/NuNu/LL/p8_ee_WW_ecm240/chunk_46.root	
            - /ceph/awiedl/FCCee/HiggsCP/R5-explicit/stage2_241202_cut/NuNu/LL/p8_ee_WW_ecm240/chunk_259.root	
            - /ceph/awiedl/FCCee/HiggsCP/R5-explicit/stage2_241202_cut/NuNu/LL/p8_ee_WW_ecm240/chunk_21.root	
            - /ceph/awiedl/FCCee/HiggsCP/R5-explicit/stage2_241202_cut/NuNu/LL/p8_ee_WW_ecm240/chunk_192.root	
            - /ceph/awiedl/FCCee/HiggsCP/R5-explicit/stage2_241202_cut/NuNu/LL/p8_ee_WW_ecm240/chunk_195.root	
            - /ceph/awiedl/FCCee/HiggsCP/R5-explicit/stage2_241202_cut/NuNu/LL/p8_ee_WW_ecm240/chunk_280.root	
            - /ceph/awiedl/FCCee/HiggsCP/R5-explicit/stage2_241202_cut/NuNu/LL/p8_ee_WW_ecm240/chunk_143.root	
            - /ceph/awiedl/FCCee/HiggsCP/R5-explicit/stage2_241202_cut/NuNu/LL/p8_ee_WW_ecm240/chunk_69.root	
            - /ceph/awiedl/FCCee/HiggsCP/R5-explicit/stage2_241202_cut/NuNu/LL/p8_ee_WW_ecm240/chunk_169.root	

----> INFO: Number of events:
            	- original: 12,400,000
            	- local:    278,403
----> INFO: Output file path:
            /ceph/awiedl/FCCee/HiggsCP/R5-explicit/stage3_241202/NuNu/LL/p8_ee_WW_ecm240/chunk_24.root
----> INFO: =================================== SUMMARY ====================================
            Elapsed time (H:M:S):    00:00:50
            Events processed/second: 5,553
            Total events processed:  278,403
            No. result events:       278,403
            Reduction factor local:  1.0
            Reduction factor total:  0.02245185483870968
            ================================================================================

