----> INFO: Loading analyzers from libFCCAnalyses...
----> INFO: Loading analysis file:
            /work/awiedl/FCCAnalyses/examples/FCCee/higgs/tautau/xsec/BDT/stage3/R5-explicit/analysis_stage3_NuNuLL.py
----> INFO: Multithreading enabled. Running over 4 threads
----> INFO: Loading functions.h...
----> INFO: Running over files provided in command line argument...
----> INFO: Creating dataframe object from files:
            	- /ceph/awiedl/FCCee/HiggsCP/R5-explicit/stage2_241202_cut/NuNu/LL/p8_ee_WW_ecm240/chunk_9.root	
            - /ceph/awiedl/FCCee/HiggsCP/R5-explicit/stage2_241202_cut/NuNu/LL/p8_ee_WW_ecm240/chunk_118.root	
            - /ceph/awiedl/FCCee/HiggsCP/R5-explicit/stage2_241202_cut/NuNu/LL/p8_ee_WW_ecm240/chunk_175.root	
            - /ceph/awiedl/FCCee/HiggsCP/R5-explicit/stage2_241202_cut/NuNu/LL/p8_ee_WW_ecm240/chunk_241.root	
            - /ceph/awiedl/FCCee/HiggsCP/R5-explicit/stage2_241202_cut/NuNu/LL/p8_ee_WW_ecm240/chunk_147.root	
            - /ceph/awiedl/FCCee/HiggsCP/R5-explicit/stage2_241202_cut/NuNu/LL/p8_ee_WW_ecm240/chunk_292.root	
            - /ceph/awiedl/FCCee/HiggsCP/R5-explicit/stage2_241202_cut/NuNu/LL/p8_ee_WW_ecm240/chunk_98.root	
            - /ceph/awiedl/FCCee/HiggsCP/R5-explicit/stage2_241202_cut/NuNu/LL/p8_ee_WW_ecm240/chunk_238.root	
            - /ceph/awiedl/FCCee/HiggsCP/R5-explicit/stage2_241202_cut/NuNu/LL/p8_ee_WW_ecm240/chunk_235.root	
            - /ceph/awiedl/FCCee/HiggsCP/R5-explicit/stage2_241202_cut/NuNu/LL/p8_ee_WW_ecm240/chunk_165.root	

----> INFO: Number of events:
            	- original: 12,300,000
            	- local:    275,400
----> INFO: Output file path:
            /ceph/awiedl/FCCee/HiggsCP/R5-explicit/stage3_241202/NuNu/LL/p8_ee_WW_ecm240/chunk_26.root
----> INFO: =================================== SUMMARY ====================================
            Elapsed time (H:M:S):    00:00:47
            Events processed/second: 5,785
            Total events processed:  275,400
            No. result events:       275,400
            Reduction factor local:  1.0
            Reduction factor total:  0.022390243902439023
            ================================================================================

