----> INFO: Loading analyzers from libFCCAnalyses...
----> INFO: Loading analysis file:
            /work/awiedl/FCCAnalyses/examples/FCCee/higgs/tautau/xsec/BDT/stage3/R5-explicit/analysis_stage3_NuNuLH.py
----> INFO: Multithreading enabled. Running over 4 threads
----> INFO: Loading functions.h...
----> INFO: Running over files provided in command line argument...
----> INFO: Creating dataframe object from files:
            	- /ceph/awiedl/FCCee/HiggsCP/R5-explicit/stage2_241202_cut/NuNu/LH/p8_ee_WW_ecm240/chunk_270.root	
            - /ceph/awiedl/FCCee/HiggsCP/R5-explicit/stage2_241202_cut/NuNu/LH/p8_ee_WW_ecm240/chunk_86.root	
            - /ceph/awiedl/FCCee/HiggsCP/R5-explicit/stage2_241202_cut/NuNu/LH/p8_ee_WW_ecm240/chunk_158.root	
            - /ceph/awiedl/FCCee/HiggsCP/R5-explicit/stage2_241202_cut/NuNu/LH/p8_ee_WW_ecm240/chunk_41.root	
            - /ceph/awiedl/FCCee/HiggsCP/R5-explicit/stage2_241202_cut/NuNu/LH/p8_ee_WW_ecm240/chunk_196.root	
            - /ceph/awiedl/FCCee/HiggsCP/R5-explicit/stage2_241202_cut/NuNu/LH/p8_ee_WW_ecm240/chunk_272.root	
            - /ceph/awiedl/FCCee/HiggsCP/R5-explicit/stage2_241202_cut/NuNu/LH/p8_ee_WW_ecm240/chunk_0.root	
            - /ceph/awiedl/FCCee/HiggsCP/R5-explicit/stage2_241202_cut/NuNu/LH/p8_ee_WW_ecm240/chunk_256.root	
            - /ceph/awiedl/FCCee/HiggsCP/R5-explicit/stage2_241202_cut/NuNu/LH/p8_ee_WW_ecm240/chunk_222.root	
            - /ceph/awiedl/FCCee/HiggsCP/R5-explicit/stage2_241202_cut/NuNu/LH/p8_ee_WW_ecm240/chunk_62.root	

----> INFO: Number of events:
            	- original: 12,334,716
            	- local:    260,137
----> INFO: Output file path:
            /ceph/awiedl/FCCee/HiggsCP/R5-explicit/stage3_241202/NuNu/LH/p8_ee_WW_ecm240/chunk_23.root
----> INFO: =================================== SUMMARY ====================================
            Elapsed time (H:M:S):    00:00:49
            Events processed/second: 5,245
            Total events processed:  260,137
            No. result events:       260,137
            Reduction factor local:  1.0
            Reduction factor total:  0.021089824848825055
            ================================================================================

