----> INFO: Loading analyzers from libFCCAnalyses...
----> INFO: Loading analysis file:
            /work/awiedl/FCCAnalyses/examples/FCCee/higgs/tautau/xsec/BDT/stage3/R5-explicit/analysis_stage3_NuNuLH.py
----> INFO: Multithreading enabled. Running over 4 threads
----> INFO: Loading functions.h...
----> INFO: Running over files provided in command line argument...
----> INFO: Creating dataframe object from files:
            	- /ceph/awiedl/FCCee/HiggsCP/R5-explicit/stage2_241202_cut/NuNu/LH/p8_ee_WW_ecm240/chunk_245.root	
            - /ceph/awiedl/FCCee/HiggsCP/R5-explicit/stage2_241202_cut/NuNu/LH/p8_ee_WW_ecm240/chunk_249.root	
            - /ceph/awiedl/FCCee/HiggsCP/R5-explicit/stage2_241202_cut/NuNu/LH/p8_ee_WW_ecm240/chunk_170.root	
            - /ceph/awiedl/FCCee/HiggsCP/R5-explicit/stage2_241202_cut/NuNu/LH/p8_ee_WW_ecm240/chunk_35.root	
            - /ceph/awiedl/FCCee/HiggsCP/R5-explicit/stage2_241202_cut/NuNu/LH/p8_ee_WW_ecm240/chunk_247.root	
            - /ceph/awiedl/FCCee/HiggsCP/R5-explicit/stage2_241202_cut/NuNu/LH/p8_ee_WW_ecm240/chunk_159.root	
            - /ceph/awiedl/FCCee/HiggsCP/R5-explicit/stage2_241202_cut/NuNu/LH/p8_ee_WW_ecm240/chunk_186.root	
            - /ceph/awiedl/FCCee/HiggsCP/R5-explicit/stage2_241202_cut/NuNu/LH/p8_ee_WW_ecm240/chunk_65.root	
            - /ceph/awiedl/FCCee/HiggsCP/R5-explicit/stage2_241202_cut/NuNu/LH/p8_ee_WW_ecm240/chunk_206.root	
            - /ceph/awiedl/FCCee/HiggsCP/R5-explicit/stage2_241202_cut/NuNu/LH/p8_ee_WW_ecm240/chunk_223.root	

----> INFO: Number of events:
            	- original: 12,200,000
            	- local:    256,400
----> INFO: Output file path:
            /ceph/awiedl/FCCee/HiggsCP/R5-explicit/stage3_241202/NuNu/LH/p8_ee_WW_ecm240/chunk_6.root
----> INFO: =================================== SUMMARY ====================================
            Elapsed time (H:M:S):    00:00:51
            Events processed/second: 4,994
            Total events processed:  256,400
            No. result events:       256,400
            Reduction factor local:  1.0
            Reduction factor total:  0.02101639344262295
            ================================================================================

