----> INFO: Loading analyzers from libFCCAnalyses...
----> INFO: Loading analysis file:
            /work/awiedl/FCCAnalyses/examples/FCCee/higgs/tautau/xsec/BDT/stage3/R5-explicit/analysis_stage3_NuNuLL.py
----> INFO: Multithreading enabled. Running over 4 threads
----> INFO: Loading functions.h...
----> INFO: Running over files provided in command line argument...
----> INFO: Creating dataframe object from files:
            	- /ceph/awiedl/FCCee/HiggsCP/R5-explicit/stage2_241202_cut/NuNu/LL/wzp6_ee_tautauH_HZZ_ecm240/chunk_0.root	

----> INFO: Number of events:
            	- original: 330,996
            	- local:    258
----> INFO: Output file path:
            /ceph/awiedl/FCCee/HiggsCP/R5-explicit/stage3_241202/NuNu/LL/wzp6_ee_tautauH_HZZ_ecm240/chunk_0.root
----> INFO: =================================== SUMMARY ====================================
            Elapsed time (H:M:S):    00:00:16
            Events processed/second: 15
            Total events processed:  258
            No. result events:       258
            Reduction factor local:  1.0
            Reduction factor total:  0.000779465612877497
            ================================================================================

