----> INFO: Loading analyzers from libFCCAnalyses...
----> INFO: Loading analysis file:
            /work/awiedl/FCCAnalyses/examples/FCCee/higgs/tautau/xsec/BDT/stage3/R5-explicit/analysis_stage3_NuNuLH.py
----> INFO: Multithreading enabled. Running over 4 threads
----> INFO: Loading functions.h...
----> INFO: Running over files provided in command line argument...
----> INFO: Creating dataframe object from files:
            	- /ceph/awiedl/FCCee/HiggsCP/R5-explicit/stage2_241202_cut/NuNu/LH/wzp6_gaga_ee_60_ecm240/chunk_6.root	
            - /ceph/awiedl/FCCee/HiggsCP/R5-explicit/stage2_241202_cut/NuNu/LH/wzp6_gaga_ee_60_ecm240/chunk_16.root	
            - /ceph/awiedl/FCCee/HiggsCP/R5-explicit/stage2_241202_cut/NuNu/LH/wzp6_gaga_ee_60_ecm240/chunk_17.root	
            - /ceph/awiedl/FCCee/HiggsCP/R5-explicit/stage2_241202_cut/NuNu/LH/wzp6_gaga_ee_60_ecm240/chunk_8.root	
            - /ceph/awiedl/FCCee/HiggsCP/R5-explicit/stage2_241202_cut/NuNu/LH/wzp6_gaga_ee_60_ecm240/chunk_7.root	
            - /ceph/awiedl/FCCee/HiggsCP/R5-explicit/stage2_241202_cut/NuNu/LH/wzp6_gaga_ee_60_ecm240/chunk_0.root	
            - /ceph/awiedl/FCCee/HiggsCP/R5-explicit/stage2_241202_cut/NuNu/LH/wzp6_gaga_ee_60_ecm240/chunk_18.root	
            - /ceph/awiedl/FCCee/HiggsCP/R5-explicit/stage2_241202_cut/NuNu/LH/wzp6_gaga_ee_60_ecm240/chunk_9.root	
            - /ceph/awiedl/FCCee/HiggsCP/R5-explicit/stage2_241202_cut/NuNu/LH/wzp6_gaga_ee_60_ecm240/chunk_15.root	
            - /ceph/awiedl/FCCee/HiggsCP/R5-explicit/stage2_241202_cut/NuNu/LH/wzp6_gaga_ee_60_ecm240/chunk_19.root	

----> INFO: Number of events:
            	- original: 11,100,000
            	- local:    29,493
----> INFO: Output file path:
            /ceph/awiedl/FCCee/HiggsCP/R5-explicit/stage3_241202/NuNu/LH/wzp6_gaga_ee_60_ecm240/chunk_1.root
----> INFO: =================================== SUMMARY ====================================
            Elapsed time (H:M:S):    00:00:19
            Events processed/second: 1,547
            Total events processed:  29,493
            No. result events:       29,493
            Reduction factor local:  1.0
            Reduction factor total:  0.002657027027027027
            ================================================================================

