----> INFO: Loading analyzers from libFCCAnalyses...
----> INFO: Loading analysis file:
            /work/awiedl/FCCAnalyses/examples/FCCee/higgs/tautau/xsec/BDT/stage3/R5-explicit/analysis_stage3_NuNuLL.py
----> INFO: Multithreading enabled. Running over 4 threads
----> INFO: Loading functions.h...
----> INFO: Running over files provided in command line argument...
----> INFO: Creating dataframe object from files:
            	- /ceph/awiedl/FCCee/HiggsCP/R5-explicit/stage2_241202_cut/NuNu/LL/wzp6_ee_ee_Mee_30_150_ecm240/chunk_69.root	
            - /ceph/awiedl/FCCee/HiggsCP/R5-explicit/stage2_241202_cut/NuNu/LL/wzp6_ee_ee_Mee_30_150_ecm240/chunk_18.root	
            - /ceph/awiedl/FCCee/HiggsCP/R5-explicit/stage2_241202_cut/NuNu/LL/wzp6_ee_ee_Mee_30_150_ecm240/chunk_78.root	
            - /ceph/awiedl/FCCee/HiggsCP/R5-explicit/stage2_241202_cut/NuNu/LL/wzp6_ee_ee_Mee_30_150_ecm240/chunk_45.root	
            - /ceph/awiedl/FCCee/HiggsCP/R5-explicit/stage2_241202_cut/NuNu/LL/wzp6_ee_ee_Mee_30_150_ecm240/chunk_9.root	
            - /ceph/awiedl/FCCee/HiggsCP/R5-explicit/stage2_241202_cut/NuNu/LL/wzp6_ee_ee_Mee_30_150_ecm240/chunk_15.root	
            - /ceph/awiedl/FCCee/HiggsCP/R5-explicit/stage2_241202_cut/NuNu/LL/wzp6_ee_ee_Mee_30_150_ecm240/chunk_19.root	
            - /ceph/awiedl/FCCee/HiggsCP/R5-explicit/stage2_241202_cut/NuNu/LL/wzp6_ee_ee_Mee_30_150_ecm240/chunk_25.root	
            - /ceph/awiedl/FCCee/HiggsCP/R5-explicit/stage2_241202_cut/NuNu/LL/wzp6_ee_ee_Mee_30_150_ecm240/chunk_70.root	
            - /ceph/awiedl/FCCee/HiggsCP/R5-explicit/stage2_241202_cut/NuNu/LL/wzp6_ee_ee_Mee_30_150_ecm240/chunk_74.root	

----> INFO: Number of events:
            	- original: 10,600,000
            	- local:    3,431,131
----> INFO: Output file path:
            /ceph/awiedl/FCCee/HiggsCP/R5-explicit/stage3_241202/NuNu/LL/wzp6_ee_ee_Mee_30_150_ecm240/chunk_7.root
----> INFO: =================================== SUMMARY ====================================
            Elapsed time (H:M:S):    00:07:57
            Events processed/second: 7,181
            Total events processed:  3,431,131
            No. result events:       3,431,131
            Reduction factor local:  1.0
            Reduction factor total:  0.3236916037735849
            ================================================================================

