----> INFO: Loading analyzers from libFCCAnalyses...
----> INFO: Loading analysis file:
            /work/awiedl/FCCAnalyses/examples/FCCee/higgs/tautau/xsec/BDT/stage3/R5-explicit/analysis_stage3_NuNuLL.py
----> INFO: Multithreading enabled. Running over 4 threads
----> INFO: Loading functions.h...
----> INFO: Running over files provided in command line argument...
----> INFO: Creating dataframe object from files:
            	- /ceph/awiedl/FCCee/HiggsCP/R5-explicit/stage2_241202_cut/NuNu/LL/wzp6_egamma_eZ_Zmumu_ecm240/chunk_2.root	
            - /ceph/awiedl/FCCee/HiggsCP/R5-explicit/stage2_241202_cut/NuNu/LL/wzp6_egamma_eZ_Zmumu_ecm240/chunk_5.root	
            - /ceph/awiedl/FCCee/HiggsCP/R5-explicit/stage2_241202_cut/NuNu/LL/wzp6_egamma_eZ_Zmumu_ecm240/chunk_1.root	
            - /ceph/awiedl/FCCee/HiggsCP/R5-explicit/stage2_241202_cut/NuNu/LL/wzp6_egamma_eZ_Zmumu_ecm240/chunk_3.root	
            - /ceph/awiedl/FCCee/HiggsCP/R5-explicit/stage2_241202_cut/NuNu/LL/wzp6_egamma_eZ_Zmumu_ecm240/chunk_4.root	
            - /ceph/awiedl/FCCee/HiggsCP/R5-explicit/stage2_241202_cut/NuNu/LL/wzp6_egamma_eZ_Zmumu_ecm240/chunk_0.root	

----> INFO: Number of events:
            	- original: 6,000,000
            	- local:    3,298,214
----> INFO: Output file path:
            /ceph/awiedl/FCCee/HiggsCP/R5-explicit/stage3_241202/NuNu/LL/wzp6_egamma_eZ_Zmumu_ecm240/chunk_0.root
----> INFO: =================================== SUMMARY ====================================
            Elapsed time (H:M:S):    00:07:43
            Events processed/second: 7,117
            Total events processed:  3,298,214
            No. result events:       3,298,214
            Reduction factor local:  1.0
            Reduction factor total:  0.5497023333333333
            ================================================================================

