----> INFO: Loading analyzers from libFCCAnalyses...
----> INFO: Loading analysis file:
            /work/awiedl/FCCAnalyses/examples/FCCee/higgs/tautau/xsec/BDT/stage3/R5-explicit/analysis_stage3_NuNuLH.py
----> INFO: Multithreading enabled. Running over 4 threads
----> INFO: Loading functions.h...
----> INFO: Running over files provided in command line argument...
----> INFO: Creating dataframe object from files:
            	- /ceph/awiedl/FCCee/HiggsCP/R5-explicit/stage2_241202_cut/NuNu/LH/wzp6_ee_nunuH_HZZ_ecm240/chunk_0.root	

----> INFO: Number of events:
            	- original: 1,200,000
            	- local:    1,993
----> INFO: Output file path:
            /ceph/awiedl/FCCee/HiggsCP/R5-explicit/stage3_241202/NuNu/LH/wzp6_ee_nunuH_HZZ_ecm240/chunk_0.root
----> INFO: =================================== SUMMARY ====================================
            Elapsed time (H:M:S):    00:00:16
            Events processed/second: 123
            Total events processed:  1,993
            No. result events:       1,993
            Reduction factor local:  1.0
            Reduction factor total:  0.0016608333333333334
            ================================================================================

