----> INFO: Loading analyzers from libFCCAnalyses...
----> INFO: Loading analysis file:
            /work/awiedl/FCCAnalyses/examples/FCCee/higgs/tautau/xsec/BDT/stage3/R5-explicit/analysis_stage3_NuNuLL.py
----> INFO: Multithreading enabled. Running over 4 threads
----> INFO: Loading functions.h...
----> INFO: Running over files provided in command line argument...
----> INFO: Creating dataframe object from files:
            	- /ceph/awiedl/FCCee/HiggsCP/R5-explicit/stage2_241202_cut/NuNu/LL/p8_ee_WW_ecm240/chunk_190.root	
            - /ceph/awiedl/FCCee/HiggsCP/R5-explicit/stage2_241202_cut/NuNu/LL/p8_ee_WW_ecm240/chunk_44.root	
            - /ceph/awiedl/FCCee/HiggsCP/R5-explicit/stage2_241202_cut/NuNu/LL/p8_ee_WW_ecm240/chunk_121.root	
            - /ceph/awiedl/FCCee/HiggsCP/R5-explicit/stage2_241202_cut/NuNu/LL/p8_ee_WW_ecm240/chunk_232.root	
            - /ceph/awiedl/FCCee/HiggsCP/R5-explicit/stage2_241202_cut/NuNu/LL/p8_ee_WW_ecm240/chunk_53.root	
            - /ceph/awiedl/FCCee/HiggsCP/R5-explicit/stage2_241202_cut/NuNu/LL/p8_ee_WW_ecm240/chunk_128.root	
            - /ceph/awiedl/FCCee/HiggsCP/R5-explicit/stage2_241202_cut/NuNu/LL/p8_ee_WW_ecm240/chunk_112.root	
            - /ceph/awiedl/FCCee/HiggsCP/R5-explicit/stage2_241202_cut/NuNu/LL/p8_ee_WW_ecm240/chunk_191.root	
            - /ceph/awiedl/FCCee/HiggsCP/R5-explicit/stage2_241202_cut/NuNu/LL/p8_ee_WW_ecm240/chunk_201.root	
            - /ceph/awiedl/FCCee/HiggsCP/R5-explicit/stage2_241202_cut/NuNu/LL/p8_ee_WW_ecm240/chunk_129.root	

----> INFO: Number of events:
            	- original: 12,600,000
            	- local:    282,482
----> INFO: Output file path:
            /ceph/awiedl/FCCee/HiggsCP/R5-explicit/stage3_241202/NuNu/LL/p8_ee_WW_ecm240/chunk_20.root
----> INFO: =================================== SUMMARY ====================================
            Elapsed time (H:M:S):    00:00:50
            Events processed/second: 5,575
            Total events processed:  282,482
            No. result events:       282,482
            Reduction factor local:  1.0
            Reduction factor total:  0.02241920634920635
            ================================================================================

