----> INFO: Loading analyzers from libFCCAnalyses...
----> INFO: Loading analysis file:
            /work/awiedl/FCCAnalyses/examples/FCCee/higgs/tautau/xsec/BDT/stage3/R5-explicit/analysis_stage3_NuNuLL.py
----> INFO: Multithreading enabled. Running over 4 threads
----> INFO: Loading functions.h...
----> INFO: Running over files provided in command line argument...
----> INFO: Creating dataframe object from files:
            	- /ceph/awiedl/FCCee/HiggsCP/R5-explicit/stage2_241202_cut/NuNu/LL/p8_ee_WW_ecm240/chunk_51.root	
            - /ceph/awiedl/FCCee/HiggsCP/R5-explicit/stage2_241202_cut/NuNu/LL/p8_ee_WW_ecm240/chunk_106.root	
            - /ceph/awiedl/FCCee/HiggsCP/R5-explicit/stage2_241202_cut/NuNu/LL/p8_ee_WW_ecm240/chunk_255.root	
            - /ceph/awiedl/FCCee/HiggsCP/R5-explicit/stage2_241202_cut/NuNu/LL/p8_ee_WW_ecm240/chunk_103.root	
            - /ceph/awiedl/FCCee/HiggsCP/R5-explicit/stage2_241202_cut/NuNu/LL/p8_ee_WW_ecm240/chunk_123.root	
            - /ceph/awiedl/FCCee/HiggsCP/R5-explicit/stage2_241202_cut/NuNu/LL/p8_ee_WW_ecm240/chunk_150.root	
            - /ceph/awiedl/FCCee/HiggsCP/R5-explicit/stage2_241202_cut/NuNu/LL/p8_ee_WW_ecm240/chunk_268.root	
            - /ceph/awiedl/FCCee/HiggsCP/R5-explicit/stage2_241202_cut/NuNu/LL/p8_ee_WW_ecm240/chunk_144.root	
            - /ceph/awiedl/FCCee/HiggsCP/R5-explicit/stage2_241202_cut/NuNu/LL/p8_ee_WW_ecm240/chunk_253.root	
            - /ceph/awiedl/FCCee/HiggsCP/R5-explicit/stage2_241202_cut/NuNu/LL/p8_ee_WW_ecm240/chunk_34.root	

----> INFO: Number of events:
            	- original: 12,500,000
            	- local:    280,848
----> INFO: Output file path:
            /ceph/awiedl/FCCee/HiggsCP/R5-explicit/stage3_241202/NuNu/LL/p8_ee_WW_ecm240/chunk_1.root
----> INFO: =================================== SUMMARY ====================================
            Elapsed time (H:M:S):    00:00:52
            Events processed/second: 5,392
            Total events processed:  280,848
            No. result events:       280,848
            Reduction factor local:  1.0
            Reduction factor total:  0.02246784
            ================================================================================

