----> INFO: Loading analyzers from libFCCAnalyses...
----> INFO: Loading analysis file:
            /work/awiedl/FCCAnalyses/examples/FCCee/higgs/tautau/xsec/BDT/stage3/R5-explicit/analysis_stage3_NuNuLL.py
----> INFO: Multithreading enabled. Running over 4 threads
----> INFO: Loading functions.h...
----> INFO: Running over files provided in command line argument...
----> INFO: Creating dataframe object from files:
            	- /ceph/awiedl/FCCee/HiggsCP/R5-explicit/stage2_241202_cut/NuNu/LL/p8_ee_WW_ecm240/chunk_5.root	
            - /ceph/awiedl/FCCee/HiggsCP/R5-explicit/stage2_241202_cut/NuNu/LL/p8_ee_WW_ecm240/chunk_120.root	
            - /ceph/awiedl/FCCee/HiggsCP/R5-explicit/stage2_241202_cut/NuNu/LL/p8_ee_WW_ecm240/chunk_32.root	
            - /ceph/awiedl/FCCee/HiggsCP/R5-explicit/stage2_241202_cut/NuNu/LL/p8_ee_WW_ecm240/chunk_214.root	
            - /ceph/awiedl/FCCee/HiggsCP/R5-explicit/stage2_241202_cut/NuNu/LL/p8_ee_WW_ecm240/chunk_49.root	
            - /ceph/awiedl/FCCee/HiggsCP/R5-explicit/stage2_241202_cut/NuNu/LL/p8_ee_WW_ecm240/chunk_102.root	
            - /ceph/awiedl/FCCee/HiggsCP/R5-explicit/stage2_241202_cut/NuNu/LL/p8_ee_WW_ecm240/chunk_141.root	
            - /ceph/awiedl/FCCee/HiggsCP/R5-explicit/stage2_241202_cut/NuNu/LL/p8_ee_WW_ecm240/chunk_14.root	
            - /ceph/awiedl/FCCee/HiggsCP/R5-explicit/stage2_241202_cut/NuNu/LL/p8_ee_WW_ecm240/chunk_282.root	
            - /ceph/awiedl/FCCee/HiggsCP/R5-explicit/stage2_241202_cut/NuNu/LL/p8_ee_WW_ecm240/chunk_225.root	

----> INFO: Number of events:
            	- original: 12,581,276
            	- local:    281,627
----> INFO: Output file path:
            /ceph/awiedl/FCCee/HiggsCP/R5-explicit/stage3_241202/NuNu/LL/p8_ee_WW_ecm240/chunk_9.root
----> INFO: =================================== SUMMARY ====================================
            Elapsed time (H:M:S):    00:00:58
            Events processed/second: 4,848
            Total events processed:  281,627
            No. result events:       281,627
            Reduction factor local:  1.0
            Reduction factor total:  0.022384613452562364
            ================================================================================

