----> INFO: Loading analyzers from libFCCAnalyses...
----> INFO: Loading analysis file:
            /work/awiedl/FCCAnalyses/examples/FCCee/higgs/tautau/xsec/BDT/stage3/R5-explicit/analysis_stage3_NuNuLH.py
----> INFO: Multithreading enabled. Running over 4 threads
----> INFO: Loading functions.h...
----> INFO: Running over files provided in command line argument...
----> INFO: Creating dataframe object from files:
            	- /ceph/awiedl/FCCee/HiggsCP/R5-explicit/stage2_241202_cut/NuNu/LH/wzp6_ee_tautau_ecm240/chunk_16.root	
            - /ceph/awiedl/FCCee/HiggsCP/R5-explicit/stage2_241202_cut/NuNu/LH/wzp6_ee_tautau_ecm240/chunk_17.root	
            - /ceph/awiedl/FCCee/HiggsCP/R5-explicit/stage2_241202_cut/NuNu/LH/wzp6_ee_tautau_ecm240/chunk_42.root	
            - /ceph/awiedl/FCCee/HiggsCP/R5-explicit/stage2_241202_cut/NuNu/LH/wzp6_ee_tautau_ecm240/chunk_27.root	
            - /ceph/awiedl/FCCee/HiggsCP/R5-explicit/stage2_241202_cut/NuNu/LH/wzp6_ee_tautau_ecm240/chunk_8.root	
            - /ceph/awiedl/FCCee/HiggsCP/R5-explicit/stage2_241202_cut/NuNu/LH/wzp6_ee_tautau_ecm240/chunk_7.root	
            - /ceph/awiedl/FCCee/HiggsCP/R5-explicit/stage2_241202_cut/NuNu/LH/wzp6_ee_tautau_ecm240/chunk_44.root	
            - /ceph/awiedl/FCCee/HiggsCP/R5-explicit/stage2_241202_cut/NuNu/LH/wzp6_ee_tautau_ecm240/chunk_43.root	
            - /ceph/awiedl/FCCee/HiggsCP/R5-explicit/stage2_241202_cut/NuNu/LH/wzp6_ee_tautau_ecm240/chunk_20.root	
            - /ceph/awiedl/FCCee/HiggsCP/R5-explicit/stage2_241202_cut/NuNu/LH/wzp6_ee_tautau_ecm240/chunk_28.root	

----> INFO: Number of events:
            	- original: 10,500,000
            	- local:    1,483,633
----> INFO: Output file path:
            /ceph/awiedl/FCCee/HiggsCP/R5-explicit/stage3_241202/NuNu/LH/wzp6_ee_tautau_ecm240/chunk_3.root
----> INFO: =================================== SUMMARY ====================================
            Elapsed time (H:M:S):    00:03:53
            Events processed/second: 6,341
            Total events processed:  1,483,633
            No. result events:       1,483,633
            Reduction factor local:  1.0
            Reduction factor total:  0.14129838095238095
            ================================================================================

