----> INFO: Loading analyzers from libFCCAnalyses...
----> INFO: Loading analysis file:
            /work/awiedl/FCCAnalyses/examples/FCCee/higgs/tautau/xsec/BDT/stage3/R5-explicit/analysis_stage3_NuNuLL.py
----> INFO: Multithreading enabled. Running over 4 threads
----> INFO: Loading functions.h...
----> INFO: Running over files provided in command line argument...
----> INFO: Creating dataframe object from files:
            	- /ceph/awiedl/FCCee/HiggsCP/R5-explicit/stage2_241202_cut/NuNu/LL/wzp6_gaga_mumu_60_ecm240/chunk_13.root	
            - /ceph/awiedl/FCCee/HiggsCP/R5-explicit/stage2_241202_cut/NuNu/LL/wzp6_gaga_mumu_60_ecm240/chunk_10.root	
            - /ceph/awiedl/FCCee/HiggsCP/R5-explicit/stage2_241202_cut/NuNu/LL/wzp6_gaga_mumu_60_ecm240/chunk_26.root	
            - /ceph/awiedl/FCCee/HiggsCP/R5-explicit/stage2_241202_cut/NuNu/LL/wzp6_gaga_mumu_60_ecm240/chunk_24.root	
            - /ceph/awiedl/FCCee/HiggsCP/R5-explicit/stage2_241202_cut/NuNu/LL/wzp6_gaga_mumu_60_ecm240/chunk_2.root	
            - /ceph/awiedl/FCCee/HiggsCP/R5-explicit/stage2_241202_cut/NuNu/LL/wzp6_gaga_mumu_60_ecm240/chunk_22.root	
            - /ceph/awiedl/FCCee/HiggsCP/R5-explicit/stage2_241202_cut/NuNu/LL/wzp6_gaga_mumu_60_ecm240/chunk_12.root	
            - /ceph/awiedl/FCCee/HiggsCP/R5-explicit/stage2_241202_cut/NuNu/LL/wzp6_gaga_mumu_60_ecm240/chunk_5.root	
            - /ceph/awiedl/FCCee/HiggsCP/R5-explicit/stage2_241202_cut/NuNu/LL/wzp6_gaga_mumu_60_ecm240/chunk_14.root	
            - /ceph/awiedl/FCCee/HiggsCP/R5-explicit/stage2_241202_cut/NuNu/LL/wzp6_gaga_mumu_60_ecm240/chunk_29.root	

----> INFO: Number of events:
            	- original: 11,200,000
            	- local:    2,310,144
----> INFO: Output file path:
            /ceph/awiedl/FCCee/HiggsCP/R5-explicit/stage3_241202/NuNu/LL/wzp6_gaga_mumu_60_ecm240/chunk_0.root
----> INFO: =================================== SUMMARY ====================================
            Elapsed time (H:M:S):    00:05:21
            Events processed/second: 7,179
            Total events processed:  2,310,144
            No. result events:       2,310,144
            Reduction factor local:  1.0
            Reduction factor total:  0.20626285714285714
            ================================================================================

