----> INFO: Loading analyzers from libFCCAnalyses...
----> INFO: Loading analysis file:
            /work/awiedl/FCCAnalyses/examples/FCCee/higgs/tautau/xsec/BDT/stage3/R5-explicit/analysis_stage3_NuNuLL.py
----> INFO: Multithreading enabled. Running over 4 threads
----> INFO: Loading functions.h...
----> INFO: Running over files provided in command line argument...
----> INFO: Creating dataframe object from files:
            	- /ceph/awiedl/FCCee/HiggsCP/R5-explicit/stage2_241202_cut/NuNu/LL/wzp6_gaga_tautau_60_ecm240/chunk_7.root	
            - /ceph/awiedl/FCCee/HiggsCP/R5-explicit/stage2_241202_cut/NuNu/LL/wzp6_gaga_tautau_60_ecm240/chunk_20.root	
            - /ceph/awiedl/FCCee/HiggsCP/R5-explicit/stage2_241202_cut/NuNu/LL/wzp6_gaga_tautau_60_ecm240/chunk_28.root	
            - /ceph/awiedl/FCCee/HiggsCP/R5-explicit/stage2_241202_cut/NuNu/LL/wzp6_gaga_tautau_60_ecm240/chunk_0.root	
            - /ceph/awiedl/FCCee/HiggsCP/R5-explicit/stage2_241202_cut/NuNu/LL/wzp6_gaga_tautau_60_ecm240/chunk_21.root	
            - /ceph/awiedl/FCCee/HiggsCP/R5-explicit/stage2_241202_cut/NuNu/LL/wzp6_gaga_tautau_60_ecm240/chunk_18.root	
            - /ceph/awiedl/FCCee/HiggsCP/R5-explicit/stage2_241202_cut/NuNu/LL/wzp6_gaga_tautau_60_ecm240/chunk_9.root	
            - /ceph/awiedl/FCCee/HiggsCP/R5-explicit/stage2_241202_cut/NuNu/LL/wzp6_gaga_tautau_60_ecm240/chunk_15.root	
            - /ceph/awiedl/FCCee/HiggsCP/R5-explicit/stage2_241202_cut/NuNu/LL/wzp6_gaga_tautau_60_ecm240/chunk_19.root	
            - /ceph/awiedl/FCCee/HiggsCP/R5-explicit/stage2_241202_cut/NuNu/LL/wzp6_gaga_tautau_60_ecm240/chunk_25.root	

----> INFO: Number of events:
            	- original: 11,100,000
            	- local:    80,979
----> INFO: Output file path:
            /ceph/awiedl/FCCee/HiggsCP/R5-explicit/stage3_241202/NuNu/LL/wzp6_gaga_tautau_60_ecm240/chunk_2.root
----> INFO: =================================== SUMMARY ====================================
            Elapsed time (H:M:S):    00:00:30
            Events processed/second: 2,678
            Total events processed:  80,979
            No. result events:       80,979
            Reduction factor local:  1.0
            Reduction factor total:  0.007295405405405405
            ================================================================================

