----> INFO: Loading analyzers from libFCCAnalyses...
----> INFO: Loading analysis file:
            /work/awiedl/FCCAnalyses/examples/FCCee/higgs/tautau/xsec/BDT/stage3/R5-explicit/analysis_stage3_NuNuLL.py
----> INFO: Multithreading enabled. Running over 4 threads
----> INFO: Loading functions.h...
----> INFO: Running over files provided in command line argument...
----> INFO: Creating dataframe object from files:
            	- /ceph/awiedl/FCCee/HiggsCP/R5-explicit/stage2_241202_cut/NuNu/LL/wzp6_ee_mumu_ecm240/chunk_29.root	
            - /ceph/awiedl/FCCee/HiggsCP/R5-explicit/stage2_241202_cut/NuNu/LL/wzp6_ee_mumu_ecm240/chunk_1.root	
            - /ceph/awiedl/FCCee/HiggsCP/R5-explicit/stage2_241202_cut/NuNu/LL/wzp6_ee_mumu_ecm240/chunk_3.root	
            - /ceph/awiedl/FCCee/HiggsCP/R5-explicit/stage2_241202_cut/NuNu/LL/wzp6_ee_mumu_ecm240/chunk_30.root	
            - /ceph/awiedl/FCCee/HiggsCP/R5-explicit/stage2_241202_cut/NuNu/LL/wzp6_ee_mumu_ecm240/chunk_23.root	
            - /ceph/awiedl/FCCee/HiggsCP/R5-explicit/stage2_241202_cut/NuNu/LL/wzp6_ee_mumu_ecm240/chunk_11.root	
            - /ceph/awiedl/FCCee/HiggsCP/R5-explicit/stage2_241202_cut/NuNu/LL/wzp6_ee_mumu_ecm240/chunk_4.root	
            - /ceph/awiedl/FCCee/HiggsCP/R5-explicit/stage2_241202_cut/NuNu/LL/wzp6_ee_mumu_ecm240/chunk_48.root	
            - /ceph/awiedl/FCCee/HiggsCP/R5-explicit/stage2_241202_cut/NuNu/LL/wzp6_ee_mumu_ecm240/chunk_33.root	
            - /ceph/awiedl/FCCee/HiggsCP/R5-explicit/stage2_241202_cut/NuNu/LL/wzp6_ee_mumu_ecm240/chunk_6.root	

----> INFO: Number of events:
            	- original: 10,900,000
            	- local:    2,471,833
----> INFO: Output file path:
            /ceph/awiedl/FCCee/HiggsCP/R5-explicit/stage3_241202/NuNu/LL/wzp6_ee_mumu_ecm240/chunk_2.root
----> INFO: =================================== SUMMARY ====================================
            Elapsed time (H:M:S):    00:06:15
            Events processed/second: 6,576
            Total events processed:  2,471,833
            No. result events:       2,471,833
            Reduction factor local:  1.0
            Reduction factor total:  0.22677366972477064
            ================================================================================

