----> INFO: Loading analyzers from libFCCAnalyses...
----> INFO: Loading analysis file:
            /work/awiedl/FCCAnalyses/examples/FCCee/higgs/tautau/xsec/ecm365/R5-explicit/NuNu/analysis_stage2_NuNuLL.py
----> INFO: Multithreading enabled. Running over 6 threads
----> INFO: Loading functions.h...
mkdir: cannot create directory '/eos': Permission denied
----> INFO: Running over files provided in command line argument...
----> INFO: Creating dataframe object from files:
            	- /ceph/awiedl/FCCee/HiggsCP/ecm365/stage1_280125/wzp6_ee_tautau_ecm365/chunk_5.root	
            - /ceph/awiedl/FCCee/HiggsCP/ecm365/stage1_280125/wzp6_ee_tautau_ecm365/chunk_120.root	
            - /ceph/awiedl/FCCee/HiggsCP/ecm365/stage1_280125/wzp6_ee_tautau_ecm365/chunk_32.root	
            - /ceph/awiedl/FCCee/HiggsCP/ecm365/stage1_280125/wzp6_ee_tautau_ecm365/chunk_49.root	
            - /ceph/awiedl/FCCee/HiggsCP/ecm365/stage1_280125/wzp6_ee_tautau_ecm365/chunk_102.root	
            - /ceph/awiedl/FCCee/HiggsCP/ecm365/stage1_280125/wzp6_ee_tautau_ecm365/chunk_14.root	
            - /ceph/awiedl/FCCee/HiggsCP/ecm365/stage1_280125/wzp6_ee_tautau_ecm365/chunk_52.root	
            - /ceph/awiedl/FCCee/HiggsCP/ecm365/stage1_280125/wzp6_ee_tautau_ecm365/chunk_94.root	
            - /ceph/awiedl/FCCee/HiggsCP/ecm365/stage1_280125/wzp6_ee_tautau_ecm365/chunk_29.root	
            - /ceph/awiedl/FCCee/HiggsCP/ecm365/stage1_280125/wzp6_ee_tautau_ecm365/chunk_110.root	

----> INFO: Number of events:
            	- original: 1,000,000
            	- local:    1,000,000
----> INFO: Output file path:
            /ceph/awiedl/FCCee/HiggsCP/ecm365/R5-explicit/stage2_280125/NuNu/LL/wzp6_ee_tautau_ecm365/chunk_4.root
----> INFO: =================================== SUMMARY ====================================
            Elapsed time (H:M:S):    00:00:35
            Events processed/second: 28,187
            Total events processed:  1,000,000
            No. result events:       45,583
            Reduction factor local:  0.045583
            Reduction factor total:  0.045583
            ================================================================================

