----> INFO: Loading analyzers from libFCCAnalyses...
----> INFO: Loading analysis file:
            /work/awiedl/FCCAnalyses/examples/FCCee/higgs/tautau/xsec/ecm365/R5-explicit/QQ/analysis_stage2_QQHH.py
----> INFO: Multithreading enabled. Running over 6 threads
----> INFO: Loading functions.h...
mkdir: cannot create directory '/eos': Permission denied
----> INFO: Running over files provided in command line argument...
----> INFO: Creating dataframe object from files:
            	- /ceph/awiedl/FCCee/HiggsCP/ecm365/stage1_280125/p8_ee_Zss_ecm365/chunk_41.root	
            - /ceph/awiedl/FCCee/HiggsCP/ecm365/stage1_280125/p8_ee_Zss_ecm365/chunk_0.root	
            - /ceph/awiedl/FCCee/HiggsCP/ecm365/stage1_280125/p8_ee_Zss_ecm365/chunk_46.root	
            - /ceph/awiedl/FCCee/HiggsCP/ecm365/stage1_280125/p8_ee_Zss_ecm365/chunk_21.root	
            - /ceph/awiedl/FCCee/HiggsCP/ecm365/stage1_280125/p8_ee_Zss_ecm365/chunk_18.root	
            - /ceph/awiedl/FCCee/HiggsCP/ecm365/stage1_280125/p8_ee_Zss_ecm365/chunk_45.root	
            - /ceph/awiedl/FCCee/HiggsCP/ecm365/stage1_280125/p8_ee_Zss_ecm365/chunk_9.root	
            - /ceph/awiedl/FCCee/HiggsCP/ecm365/stage1_280125/p8_ee_Zss_ecm365/chunk_15.root	
            - /ceph/awiedl/FCCee/HiggsCP/ecm365/stage1_280125/p8_ee_Zss_ecm365/chunk_19.root	
            - /ceph/awiedl/FCCee/HiggsCP/ecm365/stage1_280125/p8_ee_Zss_ecm365/chunk_25.root	

----> INFO: Number of events:
            	- original: 1,000,000
            	- local:    1,000,000
----> INFO: Output file path:
            /ceph/awiedl/FCCee/HiggsCP/ecm365/R5-explicit/stage2_280125/QQ/HH/p8_ee_Zss_ecm365/chunk_5.root
----> INFO: =================================== SUMMARY ====================================
            Elapsed time (H:M:S):    00:01:06
            Events processed/second: 15,122
            Total events processed:  1,000,000
            No. result events:       42
            Reduction factor local:  4.2e-05
            Reduction factor total:  4.2e-05
            ================================================================================

