----> INFO: Loading analyzers from libFCCAnalyses...
----> INFO: Loading analysis file:
            /work/awiedl/FCCAnalyses/examples/FCCee/higgs/tautau/xsec/ecm365/R5-explicit/NuNu/analysis_stage2_NuNuHH.py
----> INFO: Multithreading enabled. Running over 6 threads
----> INFO: Loading functions.h...
mkdir: cannot create directory '/eos': Permission denied
----> INFO: Running over files provided in command line argument...
----> INFO: Creating dataframe object from files:
            	- /ceph/awiedl/FCCee/HiggsCP/ecm365/stage1_280125/wzp6_ee_ee_Mee_30_150_ecm365/chunk_1.root	
            - /ceph/awiedl/FCCee/HiggsCP/ecm365/stage1_280125/wzp6_ee_ee_Mee_30_150_ecm365/chunk_3.root	
            - /ceph/awiedl/FCCee/HiggsCP/ecm365/stage1_280125/wzp6_ee_ee_Mee_30_150_ecm365/chunk_23.root	
            - /ceph/awiedl/FCCee/HiggsCP/ecm365/stage1_280125/wzp6_ee_ee_Mee_30_150_ecm365/chunk_11.root	
            - /ceph/awiedl/FCCee/HiggsCP/ecm365/stage1_280125/wzp6_ee_ee_Mee_30_150_ecm365/chunk_4.root	
            - /ceph/awiedl/FCCee/HiggsCP/ecm365/stage1_280125/wzp6_ee_ee_Mee_30_150_ecm365/chunk_6.root	
            - /ceph/awiedl/FCCee/HiggsCP/ecm365/stage1_280125/wzp6_ee_ee_Mee_30_150_ecm365/chunk_16.root	
            - /ceph/awiedl/FCCee/HiggsCP/ecm365/stage1_280125/wzp6_ee_ee_Mee_30_150_ecm365/chunk_17.root	
            - /ceph/awiedl/FCCee/HiggsCP/ecm365/stage1_280125/wzp6_ee_ee_Mee_30_150_ecm365/chunk_27.root	
            - /ceph/awiedl/FCCee/HiggsCP/ecm365/stage1_280125/wzp6_ee_ee_Mee_30_150_ecm365/chunk_8.root	

----> INFO: Number of events:
            	- original: 1,000,000
            	- local:    1,000,000
----> INFO: Output file path:
            /ceph/awiedl/FCCee/HiggsCP/ecm365/R5-explicit/stage2_280125/NuNu/HH/wzp6_ee_ee_Mee_30_150_ecm365/chunk_1.root
----> INFO: =================================== SUMMARY ====================================
            Elapsed time (H:M:S):    00:00:26
            Events processed/second: 37,312
            Total events processed:  1,000,000
            No. result events:       67
            Reduction factor local:  6.7e-05
            Reduction factor total:  6.7e-05
            ================================================================================

