----> INFO: Loading analyzers from libFCCAnalyses...
----> INFO: Loading analysis file:
            /work/awiedl/FCCAnalyses/examples/FCCee/higgs/tautau/xsec/ecm365/R5-explicit/QQ/analysis_stage2_QQLL.py
----> INFO: Multithreading enabled. Running over 6 threads
----> INFO: Loading functions.h...
mkdir: cannot create directory '/eos': Permission denied
----> INFO: Running over files provided in command line argument...
----> INFO: Creating dataframe object from files:
            	- /ceph/awiedl/FCCee/HiggsCP/ecm365/stage1_280125/p8_ee_ZZ_ecm365/chunk_92.root	
            - /ceph/awiedl/FCCee/HiggsCP/ecm365/stage1_280125/p8_ee_ZZ_ecm365/chunk_72.root	
            - /ceph/awiedl/FCCee/HiggsCP/ecm365/stage1_280125/p8_ee_ZZ_ecm365/chunk_100.root	
            - /ceph/awiedl/FCCee/HiggsCP/ecm365/stage1_280125/p8_ee_ZZ_ecm365/chunk_107.root	
            - /ceph/awiedl/FCCee/HiggsCP/ecm365/stage1_280125/p8_ee_ZZ_ecm365/chunk_3.root	
            - /ceph/awiedl/FCCee/HiggsCP/ecm365/stage1_280125/p8_ee_ZZ_ecm365/chunk_30.root	
            - /ceph/awiedl/FCCee/HiggsCP/ecm365/stage1_280125/p8_ee_ZZ_ecm365/chunk_23.root	
            - /ceph/awiedl/FCCee/HiggsCP/ecm365/stage1_280125/p8_ee_ZZ_ecm365/chunk_108.root	
            - /ceph/awiedl/FCCee/HiggsCP/ecm365/stage1_280125/p8_ee_ZZ_ecm365/chunk_11.root	
            - /ceph/awiedl/FCCee/HiggsCP/ecm365/stage1_280125/p8_ee_ZZ_ecm365/chunk_80.root	

----> INFO: Number of events:
            	- original: 1,000,000
            	- local:    1,000,000
----> INFO: Output file path:
            /ceph/awiedl/FCCee/HiggsCP/ecm365/R5-explicit/stage2_280125/QQ/LL/p8_ee_ZZ_ecm365/chunk_5.root
----> INFO: =================================== SUMMARY ====================================
            Elapsed time (H:M:S):    00:06:34
            Events processed/second: 2,534
            Total events processed:  1,000,000
            No. result events:       7,593
            Reduction factor local:  0.007593
            Reduction factor total:  0.007593
            ================================================================================

