----> INFO: Loading analyzers from libFCCAnalyses...
----> INFO: Loading analysis file:
            /work/awiedl/FCCAnalyses/examples/FCCee/higgs/tautau/xsec/ecm365/R5-explicit/NuNu/analysis_stage2_NuNuHH.py
----> INFO: Multithreading enabled. Running over 6 threads
----> INFO: Loading functions.h...
mkdir: cannot create directory '/eos': Permission denied
----> INFO: Running over files provided in command line argument...
----> INFO: Creating dataframe object from files:
            	- /ceph/awiedl/FCCee/HiggsCP/ecm365/stage1_280125/wzp6_ee_tautau_ecm365/chunk_19.root	
            - /ceph/awiedl/FCCee/HiggsCP/ecm365/stage1_280125/wzp6_ee_tautau_ecm365/chunk_105.root	
            - /ceph/awiedl/FCCee/HiggsCP/ecm365/stage1_280125/wzp6_ee_tautau_ecm365/chunk_25.root	
            - /ceph/awiedl/FCCee/HiggsCP/ecm365/stage1_280125/wzp6_ee_tautau_ecm365/chunk_70.root	
            - /ceph/awiedl/FCCee/HiggsCP/ecm365/stage1_280125/wzp6_ee_tautau_ecm365/chunk_96.root	
            - /ceph/awiedl/FCCee/HiggsCP/ecm365/stage1_280125/wzp6_ee_tautau_ecm365/chunk_124.root	
            - /ceph/awiedl/FCCee/HiggsCP/ecm365/stage1_280125/wzp6_ee_tautau_ecm365/chunk_74.root	
            - /ceph/awiedl/FCCee/HiggsCP/ecm365/stage1_280125/wzp6_ee_tautau_ecm365/chunk_109.root	

----> INFO: Number of events:
            	- original: 800,000
            	- local:    800,000
----> INFO: Output file path:
            /ceph/awiedl/FCCee/HiggsCP/ecm365/R5-explicit/stage2_280125/NuNu/HH/wzp6_ee_tautau_ecm365/chunk_12.root
----> INFO: =================================== SUMMARY ====================================
            Elapsed time (H:M:S):    00:01:23
            Events processed/second: 9,533
            Total events processed:  800,000
            No. result events:       167,884
            Reduction factor local:  0.209855
            Reduction factor total:  0.209855
            ================================================================================

