000 (892543.059.000) 2025-01-27 00:05:50 Job submitted from host: <129.13.101.151:9618?addrs=129.13.101.151-9618+[2a00-1398-5-fe01-ec4-7aff-fede-e4ae]-9618&alias=bms3.etp.kit.edu&noUDP&sock=schedd_2157_19df>
...
040 (892543.059.000) 2025-01-27 00:57:40 Finished transferring input files
...
001 (892543.059.000) 2025-01-27 00:57:41 Job executing on host: <129.13.101.152:9618?addrs=129.13.101.152-9618+[2a00-1398-5-fe01--2001]-9618&alias=mdm1.etp.kit.edu&noUDP&sock=startd_3862_96d9>
	SlotName: slot1_3@mdm1.etp.kit.edu
	CondorScratchDir = "/local/scratch/ssd/condor/execute/dir_268524"
	Cpus = 4
	Disk = 5298931
	Memory = 10112
...
040 (892543.059.000) 2025-01-27 00:57:57 Started transferring output files
...
040 (892543.059.000) 2025-01-27 00:57:57 Finished transferring output files
...
004 (892543.059.000) 2025-01-27 00:57:59 Job was evicted.
	(0) Job terminated and was requeued
		Usr 0 00:00:00, Sys 0 00:00:00  -  Run Remote Usage
		Usr 0 00:00:00, Sys 0 00:00:00  -  Run Local Usage
	838  -  Run Bytes Sent By Job
	0  -  Run Bytes Received By Job
	(1) Normal termination (return value 3)
	The job attribute OnExitRemove expression 'NumJobCompletions > JobMaxRetries || ExitCode =?= 0' evaluated to FALSE
...
040 (892543.059.000) 2025-01-27 00:58:01 Finished transferring input files
...
001 (892543.059.000) 2025-01-27 00:58:02 Job executing on host: <129.13.101.152:9618?addrs=129.13.101.152-9618+[2a00-1398-5-fe01--2001]-9618&alias=mdm1.etp.kit.edu&noUDP&sock=startd_3862_96d9>
	SlotName: slot1_24@mdm1.etp.kit.edu
	CondorScratchDir = "/local/scratch/ssd/condor/execute/dir_271379"
	Cpus = 4
	Disk = 5298931
	Memory = 10112
...
040 (892543.059.000) 2025-01-27 00:58:15 Started transferring output files
...
040 (892543.059.000) 2025-01-27 00:58:15 Finished transferring output files
...
004 (892543.059.000) 2025-01-27 00:58:16 Job was evicted.
	(0) Job terminated and was requeued
		Usr 0 00:00:00, Sys 0 00:00:00  -  Run Remote Usage
		Usr 0 00:00:00, Sys 0 00:00:00  -  Run Local Usage
	838  -  Run Bytes Sent By Job
	0  -  Run Bytes Received By Job
	(1) Normal termination (return value 3)
	The job attribute OnExitRemove expression 'NumJobCompletions > JobMaxRetries || ExitCode =?= 0' evaluated to FALSE
...
040 (892543.059.000) 2025-01-27 00:58:20 Finished transferring input files
...
001 (892543.059.000) 2025-01-27 00:58:21 Job executing on host: <129.13.101.152:9618?addrs=129.13.101.152-9618+[2a00-1398-5-fe01--2001]-9618&alias=mdm1.etp.kit.edu&noUDP&sock=startd_3862_96d9>
	SlotName: slot1_25@mdm1.etp.kit.edu
	CondorScratchDir = "/local/scratch/ssd/condor/execute/dir_273183"
	Cpus = 4
	Disk = 5298931
	Memory = 10112
...
040 (892543.059.000) 2025-01-27 00:58:36 Started transferring output files
...
040 (892543.059.000) 2025-01-27 00:58:36 Finished transferring output files
...
004 (892543.059.000) 2025-01-27 00:58:39 Job was evicted.
	(0) Job terminated and was requeued
		Usr 0 00:00:00, Sys 0 00:00:00  -  Run Remote Usage
		Usr 0 00:00:00, Sys 0 00:00:00  -  Run Local Usage
	838  -  Run Bytes Sent By Job
	0  -  Run Bytes Received By Job
	(1) Normal termination (return value 3)
	The job attribute OnExitRemove expression 'NumJobCompletions > JobMaxRetries || ExitCode =?= 0' evaluated to FALSE
...
040 (892543.059.000) 2025-01-27 00:58:44 Finished transferring input files
...
001 (892543.059.000) 2025-01-27 00:58:46 Job executing on host: <129.13.101.152:9618?addrs=129.13.101.152-9618+[2a00-1398-5-fe01--2001]-9618&alias=mdm1.etp.kit.edu&noUDP&sock=startd_3862_96d9>
	SlotName: slot1_1@mdm1.etp.kit.edu
	CondorScratchDir = "/local/scratch/ssd/condor/execute/dir_275424"
	Cpus = 4
	Disk = 5298931
	Memory = 10112
...
040 (892543.059.000) 2025-01-27 00:59:03 Started transferring output files
...
040 (892543.059.000) 2025-01-27 00:59:03 Finished transferring output files
...
005 (892543.059.000) 2025-01-27 00:59:03 Job terminated.
	(1) Normal termination (return value 3)
		Usr 0 00:00:00, Sys 0 00:00:00  -  Run Remote Usage
		Usr 0 00:00:00, Sys 0 00:00:00  -  Run Local Usage
		Usr 0 00:00:00, Sys 0 00:00:00  -  Total Remote Usage
		Usr 0 00:00:00, Sys 0 00:00:00  -  Total Local Usage
	838  -  Run Bytes Sent By Job
	0  -  Run Bytes Received By Job
	3352  -  Total Bytes Sent By Job
	0  -  Total Bytes Received By Job
	Partitionable Resources :    Usage  Request Allocated 
	   Cpus                 :     0.01        4         4 
	   Disk (KB)            :    23     1000000   5298931 
	   Memory (MB)          :             10000     10112 

	Job terminated of its own accord at 2025-01-26T23:59:02Z with exit-code 3.
...
