000 (892543.037.000) 2025-01-27 00:05:50 Job submitted from host: <129.13.101.151:9618?addrs=129.13.101.151-9618+[2a00-1398-5-fe01-ec4-7aff-fede-e4ae]-9618&alias=bms3.etp.kit.edu&noUDP&sock=schedd_2157_19df>
...
040 (892543.037.000) 2025-01-27 00:56:25 Finished transferring input files
...
001 (892543.037.000) 2025-01-27 00:56:26 Job executing on host: <129.13.101.152:9618?addrs=129.13.101.152-9618+[2a00-1398-5-fe01--2001]-9618&alias=mdm1.etp.kit.edu&noUDP&sock=startd_3862_96d9>
	SlotName: slot1_6@mdm1.etp.kit.edu
	CondorScratchDir = "/local/scratch/ssd/condor/execute/dir_259246"
	Cpus = 4
	Disk = 5298931
	Memory = 10112
...
040 (892543.037.000) 2025-01-27 00:56:44 Started transferring output files
...
040 (892543.037.000) 2025-01-27 00:56:44 Finished transferring output files
...
004 (892543.037.000) 2025-01-27 00:56:44 Job was evicted.
	(0) Job terminated and was requeued
		Usr 0 00:00:00, Sys 0 00:00:00  -  Run Remote Usage
		Usr 0 00:00:00, Sys 0 00:00:00  -  Run Local Usage
	840  -  Run Bytes Sent By Job
	0  -  Run Bytes Received By Job
	(1) Normal termination (return value 3)
	The job attribute OnExitRemove expression 'NumJobCompletions > JobMaxRetries || ExitCode =?= 0' evaluated to FALSE
...
040 (892543.037.000) 2025-01-27 00:56:45 Finished transferring input files
...
001 (892543.037.000) 2025-01-27 00:56:46 Job executing on host: <129.13.101.152:9618?addrs=129.13.101.152-9618+[2a00-1398-5-fe01--2001]-9618&alias=mdm1.etp.kit.edu&noUDP&sock=startd_3862_96d9>
	SlotName: slot1_6@mdm1.etp.kit.edu
	CondorScratchDir = "/local/scratch/ssd/condor/execute/dir_261381"
	Cpus = 4
	Disk = 5298931
	Memory = 10112
...
040 (892543.037.000) 2025-01-27 00:57:02 Started transferring output files
...
040 (892543.037.000) 2025-01-27 00:57:02 Finished transferring output files
...
004 (892543.037.000) 2025-01-27 00:57:02 Job was evicted.
	(0) Job terminated and was requeued
		Usr 0 00:00:00, Sys 0 00:00:00  -  Run Remote Usage
		Usr 0 00:00:00, Sys 0 00:00:00  -  Run Local Usage
	840  -  Run Bytes Sent By Job
	0  -  Run Bytes Received By Job
	(1) Normal termination (return value 3)
	The job attribute OnExitRemove expression 'NumJobCompletions > JobMaxRetries || ExitCode =?= 0' evaluated to FALSE
...
040 (892543.037.000) 2025-01-27 00:57:03 Finished transferring input files
...
001 (892543.037.000) 2025-01-27 00:57:04 Job executing on host: <129.13.101.152:9618?addrs=129.13.101.152-9618+[2a00-1398-5-fe01--2001]-9618&alias=mdm1.etp.kit.edu&noUDP&sock=startd_3862_96d9>
	SlotName: slot1_23@mdm1.etp.kit.edu
	CondorScratchDir = "/local/scratch/ssd/condor/execute/dir_263292"
	Cpus = 4
	Disk = 5298931
	Memory = 10112
...
040 (892543.037.000) 2025-01-27 00:57:20 Started transferring output files
...
040 (892543.037.000) 2025-01-27 00:57:20 Finished transferring output files
...
004 (892543.037.000) 2025-01-27 00:57:21 Job was evicted.
	(0) Job terminated and was requeued
		Usr 0 00:00:00, Sys 0 00:00:00  -  Run Remote Usage
		Usr 0 00:00:00, Sys 0 00:00:00  -  Run Local Usage
	840  -  Run Bytes Sent By Job
	0  -  Run Bytes Received By Job
	(1) Normal termination (return value 3)
	The job attribute OnExitRemove expression 'NumJobCompletions > JobMaxRetries || ExitCode =?= 0' evaluated to FALSE
...
040 (892543.037.000) 2025-01-27 00:57:24 Finished transferring input files
...
001 (892543.037.000) 2025-01-27 00:57:25 Job executing on host: <129.13.101.152:9618?addrs=129.13.101.152-9618+[2a00-1398-5-fe01--2001]-9618&alias=mdm1.etp.kit.edu&noUDP&sock=startd_3862_96d9>
	SlotName: slot1_34@mdm1.etp.kit.edu
	CondorScratchDir = "/local/scratch/ssd/condor/execute/dir_266557"
	Cpus = 4
	Disk = 5298931
	Memory = 10112
...
040 (892543.037.000) 2025-01-27 00:57:41 Started transferring output files
...
040 (892543.037.000) 2025-01-27 00:57:41 Finished transferring output files
...
005 (892543.037.000) 2025-01-27 00:57:42 Job terminated.
	(1) Normal termination (return value 3)
		Usr 0 00:00:00, Sys 0 00:00:00  -  Run Remote Usage
		Usr 0 00:00:00, Sys 0 00:00:00  -  Run Local Usage
		Usr 0 00:00:00, Sys 0 00:00:00  -  Total Remote Usage
		Usr 0 00:00:00, Sys 0 00:00:00  -  Total Local Usage
	840  -  Run Bytes Sent By Job
	0  -  Run Bytes Received By Job
	3360  -  Total Bytes Sent By Job
	0  -  Total Bytes Received By Job
	Partitionable Resources :    Usage  Request Allocated 
	   Cpus                 :        0        4         4 
	   Disk (KB)            :       23  1000000   5298931 
	   Memory (MB)          :             10000     10112 

	Job terminated of its own accord at 2025-01-26T23:57:41Z with exit-code 3.
...
