000 (892543.125.000) 2025-01-27 00:05:50 Job submitted from host: <129.13.101.151:9618?addrs=129.13.101.151-9618+[2a00-1398-5-fe01-ec4-7aff-fede-e4ae]-9618&alias=bms3.etp.kit.edu&noUDP&sock=schedd_2157_19df>
...
040 (892543.125.000) 2025-01-27 01:01:03 Finished transferring input files
...
001 (892543.125.000) 2025-01-27 01:01:04 Job executing on host: <129.13.101.152:9618?addrs=129.13.101.152-9618+[2a00-1398-5-fe01--2001]-9618&alias=mdm1.etp.kit.edu&noUDP&sock=startd_3862_96d9>
	SlotName: slot1_6@mdm1.etp.kit.edu
	CondorScratchDir = "/local/scratch/ssd/condor/execute/dir_291871"
	Cpus = 4
	Disk = 5298931
	Memory = 10112
...
040 (892543.125.000) 2025-01-27 01:01:20 Started transferring output files
...
040 (892543.125.000) 2025-01-27 01:01:20 Finished transferring output files
...
004 (892543.125.000) 2025-01-27 01:01:23 Job was evicted.
	(0) Job terminated and was requeued
		Usr 0 00:00:00, Sys 0 00:00:00  -  Run Remote Usage
		Usr 0 00:00:00, Sys 0 00:00:00  -  Run Local Usage
	838  -  Run Bytes Sent By Job
	0  -  Run Bytes Received By Job
	(1) Normal termination (return value 3)
	The job attribute OnExitRemove expression 'NumJobCompletions > JobMaxRetries || ExitCode =?= 0' evaluated to FALSE
...
040 (892543.125.000) 2025-01-27 01:01:31 Finished transferring input files
...
001 (892543.125.000) 2025-01-27 01:01:33 Job executing on host: <129.13.101.152:9618?addrs=129.13.101.152-9618+[2a00-1398-5-fe01--2001]-9618&alias=mdm1.etp.kit.edu&noUDP&sock=startd_3862_96d9>
	SlotName: slot1_7@mdm1.etp.kit.edu
	CondorScratchDir = "/local/scratch/ssd/condor/execute/dir_295361"
	Cpus = 4
	Disk = 5298931
	Memory = 10112
...
040 (892543.125.000) 2025-01-27 01:01:48 Started transferring output files
...
040 (892543.125.000) 2025-01-27 01:01:48 Finished transferring output files
...
004 (892543.125.000) 2025-01-27 01:01:54 Job was evicted.
	(0) Job terminated and was requeued
		Usr 0 00:00:00, Sys 0 00:00:00  -  Run Remote Usage
		Usr 0 00:00:00, Sys 0 00:00:00  -  Run Local Usage
	838  -  Run Bytes Sent By Job
	0  -  Run Bytes Received By Job
	(1) Normal termination (return value 3)
	The job attribute OnExitRemove expression 'NumJobCompletions > JobMaxRetries || ExitCode =?= 0' evaluated to FALSE
...
040 (892543.125.000) 2025-01-27 01:02:24 Finished transferring input files
...
001 (892543.125.000) 2025-01-27 01:02:32 Job executing on host: <129.13.101.152:9618?addrs=129.13.101.152-9618+[2a00-1398-5-fe01--2001]-9618&alias=mdm1.etp.kit.edu&noUDP&sock=startd_3862_96d9>
	SlotName: slot1_4@mdm1.etp.kit.edu
	CondorScratchDir = "/local/scratch/ssd/condor/execute/dir_301517"
	Cpus = 4
	Disk = 5298931
	Memory = 10112
...
040 (892543.125.000) 2025-01-27 01:03:02 Started transferring output files
...
040 (892543.125.000) 2025-01-27 01:03:02 Finished transferring output files
...
004 (892543.125.000) 2025-01-27 01:03:02 Job was evicted.
	(0) Job terminated and was requeued
		Usr 0 00:00:00, Sys 0 00:00:00  -  Run Remote Usage
		Usr 0 00:00:00, Sys 0 00:00:00  -  Run Local Usage
	838  -  Run Bytes Sent By Job
	0  -  Run Bytes Received By Job
	(1) Normal termination (return value 3)
	The job attribute OnExitRemove expression 'NumJobCompletions > JobMaxRetries || ExitCode =?= 0' evaluated to FALSE
...
040 (892543.125.000) 2025-01-27 01:03:52 Finished transferring input files
...
001 (892543.125.000) 2025-01-27 01:03:54 Job executing on host: <129.13.101.152:9618?addrs=129.13.101.152-9618+[2a00-1398-5-fe01--2001]-9618&alias=mdm1.etp.kit.edu&noUDP&sock=startd_3862_96d9>
	SlotName: slot1_23@mdm1.etp.kit.edu
	CondorScratchDir = "/local/scratch/ssd/condor/execute/dir_329007"
	Cpus = 4
	Disk = 5298931
	Memory = 10112
...
040 (892543.125.000) 2025-01-27 01:04:09 Started transferring output files
...
040 (892543.125.000) 2025-01-27 01:04:09 Finished transferring output files
...
005 (892543.125.000) 2025-01-27 01:04:09 Job terminated.
	(1) Normal termination (return value 3)
		Usr 0 00:00:00, Sys 0 00:00:00  -  Run Remote Usage
		Usr 0 00:00:00, Sys 0 00:00:00  -  Run Local Usage
		Usr 0 00:00:00, Sys 0 00:00:00  -  Total Remote Usage
		Usr 0 00:00:00, Sys 0 00:00:00  -  Total Local Usage
	838  -  Run Bytes Sent By Job
	0  -  Run Bytes Received By Job
	3352  -  Total Bytes Sent By Job
	0  -  Total Bytes Received By Job
	Partitionable Resources :    Usage  Request Allocated 
	   Cpus                 :        0        4         4 
	   Disk (KB)            :       24  1000000   5298931 
	   Memory (MB)          :             10000     10112 

	Job terminated of its own accord at 2025-01-27T00:04:09Z with exit-code 3.
...
