000 (892543.006.000) 2025-01-27 00:05:50 Job submitted from host: <129.13.101.151:9618?addrs=129.13.101.151-9618+[2a00-1398-5-fe01-ec4-7aff-fede-e4ae]-9618&alias=bms3.etp.kit.edu&noUDP&sock=schedd_2157_19df>
...
040 (892543.006.000) 2025-01-27 00:54:29 Finished transferring input files
...
001 (892543.006.000) 2025-01-27 00:54:30 Job executing on host: <129.13.101.152:9618?addrs=129.13.101.152-9618+[2a00-1398-5-fe01--2001]-9618&alias=mdm1.etp.kit.edu&noUDP&sock=startd_3862_96d9>
	SlotName: slot1_19@mdm1.etp.kit.edu
	CondorScratchDir = "/local/scratch/ssd/condor/execute/dir_245352"
	Cpus = 4
	Disk = 5298931
	Memory = 10112
...
040 (892543.006.000) 2025-01-27 00:54:43 Started transferring output files
...
040 (892543.006.000) 2025-01-27 00:54:43 Finished transferring output files
...
004 (892543.006.000) 2025-01-27 00:54:43 Job was evicted.
	(0) Job terminated and was requeued
		Usr 0 00:00:00, Sys 0 00:00:00  -  Run Remote Usage
		Usr 0 00:00:00, Sys 0 00:00:00  -  Run Local Usage
	838  -  Run Bytes Sent By Job
	0  -  Run Bytes Received By Job
	(1) Normal termination (return value 3)
	The job attribute OnExitRemove expression 'NumJobCompletions > JobMaxRetries || ExitCode =?= 0' evaluated to FALSE
...
040 (892543.006.000) 2025-01-27 00:54:46 Finished transferring input files
...
001 (892543.006.000) 2025-01-27 00:54:48 Job executing on host: <129.13.101.152:9618?addrs=129.13.101.152-9618+[2a00-1398-5-fe01--2001]-9618&alias=mdm1.etp.kit.edu&noUDP&sock=startd_3862_96d9>
	SlotName: slot1_19@mdm1.etp.kit.edu
	CondorScratchDir = "/local/scratch/ssd/condor/execute/dir_246443"
	Cpus = 4
	Disk = 5298931
	Memory = 10112
...
040 (892543.006.000) 2025-01-27 00:55:09 Started transferring output files
...
040 (892543.006.000) 2025-01-27 00:55:09 Finished transferring output files
...
004 (892543.006.000) 2025-01-27 00:55:09 Job was evicted.
	(0) Job terminated and was requeued
		Usr 0 00:00:00, Sys 0 00:00:00  -  Run Remote Usage
		Usr 0 00:00:00, Sys 0 00:00:00  -  Run Local Usage
	838  -  Run Bytes Sent By Job
	0  -  Run Bytes Received By Job
	(1) Normal termination (return value 3)
	The job attribute OnExitRemove expression 'NumJobCompletions > JobMaxRetries || ExitCode =?= 0' evaluated to FALSE
...
040 (892543.006.000) 2025-01-27 00:55:16 Finished transferring input files
...
001 (892543.006.000) 2025-01-27 00:55:17 Job executing on host: <129.13.101.152:9618?addrs=129.13.101.152-9618+[2a00-1398-5-fe01--2001]-9618&alias=mdm1.etp.kit.edu&noUDP&sock=startd_3862_96d9>
	SlotName: slot1_15@mdm1.etp.kit.edu
	CondorScratchDir = "/local/scratch/ssd/condor/execute/dir_249954"
	Cpus = 4
	Disk = 5298931
	Memory = 10112
...
040 (892543.006.000) 2025-01-27 00:55:34 Started transferring output files
...
040 (892543.006.000) 2025-01-27 00:55:34 Finished transferring output files
...
004 (892543.006.000) 2025-01-27 00:55:35 Job was evicted.
	(0) Job terminated and was requeued
		Usr 0 00:00:00, Sys 0 00:00:00  -  Run Remote Usage
		Usr 0 00:00:00, Sys 0 00:00:00  -  Run Local Usage
	838  -  Run Bytes Sent By Job
	0  -  Run Bytes Received By Job
	(1) Normal termination (return value 3)
	The job attribute OnExitRemove expression 'NumJobCompletions > JobMaxRetries || ExitCode =?= 0' evaluated to FALSE
...
040 (892543.006.000) 2025-01-27 00:55:38 Finished transferring input files
...
001 (892543.006.000) 2025-01-27 00:55:39 Job executing on host: <129.13.101.152:9618?addrs=129.13.101.152-9618+[2a00-1398-5-fe01--2001]-9618&alias=mdm1.etp.kit.edu&noUDP&sock=startd_3862_96d9>
	SlotName: slot1_8@mdm1.etp.kit.edu
	CondorScratchDir = "/local/scratch/ssd/condor/execute/dir_252547"
	Cpus = 4
	Disk = 5298931
	Memory = 10112
...
040 (892543.006.000) 2025-01-27 00:55:56 Started transferring output files
...
040 (892543.006.000) 2025-01-27 00:55:56 Finished transferring output files
...
005 (892543.006.000) 2025-01-27 00:55:56 Job terminated.
	(1) Normal termination (return value 3)
		Usr 0 00:00:00, Sys 0 00:00:00  -  Run Remote Usage
		Usr 0 00:00:00, Sys 0 00:00:00  -  Run Local Usage
		Usr 0 00:00:00, Sys 0 00:00:00  -  Total Remote Usage
		Usr 0 00:00:00, Sys 0 00:00:00  -  Total Local Usage
	838  -  Run Bytes Sent By Job
	0  -  Run Bytes Received By Job
	3352  -  Total Bytes Sent By Job
	0  -  Total Bytes Received By Job
	Partitionable Resources :    Usage  Request Allocated 
	   Cpus                 :        0        4         4 
	   Disk (KB)            :       23  1000000   5298931 
	   Memory (MB)          :             10000     10112 

	Job terminated of its own accord at 2025-01-26T23:55:55Z with exit-code 3.
...
