000 (892543.012.000) 2025-01-27 00:05:50 Job submitted from host: <129.13.101.151:9618?addrs=129.13.101.151-9618+[2a00-1398-5-fe01-ec4-7aff-fede-e4ae]-9618&alias=bms3.etp.kit.edu&noUDP&sock=schedd_2157_19df>
...
040 (892543.012.000) 2025-01-27 00:55:03 Finished transferring input files
...
001 (892543.012.000) 2025-01-27 00:55:04 Job executing on host: <129.13.101.152:9618?addrs=129.13.101.152-9618+[2a00-1398-5-fe01--2001]-9618&alias=mdm1.etp.kit.edu&noUDP&sock=startd_3862_96d9>
	SlotName: slot1_5@mdm1.etp.kit.edu
	CondorScratchDir = "/local/scratch/ssd/condor/execute/dir_248829"
	Cpus = 4
	Disk = 5298931
	Memory = 10112
...
040 (892543.012.000) 2025-01-27 00:55:19 Started transferring output files
...
040 (892543.012.000) 2025-01-27 00:55:19 Finished transferring output files
...
004 (892543.012.000) 2025-01-27 00:55:21 Job was evicted.
	(0) Job terminated and was requeued
		Usr 0 00:00:00, Sys 0 00:00:00  -  Run Remote Usage
		Usr 0 00:00:00, Sys 0 00:00:00  -  Run Local Usage
	838  -  Run Bytes Sent By Job
	0  -  Run Bytes Received By Job
	(1) Normal termination (return value 3)
	The job attribute OnExitRemove expression 'NumJobCompletions > JobMaxRetries || ExitCode =?= 0' evaluated to FALSE
...
040 (892543.012.000) 2025-01-27 00:55:28 Finished transferring input files
...
001 (892543.012.000) 2025-01-27 00:55:29 Job executing on host: <129.13.101.152:9618?addrs=129.13.101.152-9618+[2a00-1398-5-fe01--2001]-9618&alias=mdm1.etp.kit.edu&noUDP&sock=startd_3862_96d9>
	SlotName: slot1_94@mdm1.etp.kit.edu
	CondorScratchDir = "/local/scratch/ssd/condor/execute/dir_251281"
	Cpus = 4
	Disk = 5298931
	Memory = 10112
...
040 (892543.012.000) 2025-01-27 00:55:43 Started transferring output files
...
040 (892543.012.000) 2025-01-27 00:55:43 Finished transferring output files
...
004 (892543.012.000) 2025-01-27 00:55:45 Job was evicted.
	(0) Job terminated and was requeued
		Usr 0 00:00:00, Sys 0 00:00:00  -  Run Remote Usage
		Usr 0 00:00:00, Sys 0 00:00:00  -  Run Local Usage
	838  -  Run Bytes Sent By Job
	0  -  Run Bytes Received By Job
	(1) Normal termination (return value 3)
	The job attribute OnExitRemove expression 'NumJobCompletions > JobMaxRetries || ExitCode =?= 0' evaluated to FALSE
...
040 (892543.012.000) 2025-01-27 00:55:55 Finished transferring input files
...
001 (892543.012.000) 2025-01-27 00:55:56 Job executing on host: <129.13.101.152:9618?addrs=129.13.101.152-9618+[2a00-1398-5-fe01--2001]-9618&alias=mdm1.etp.kit.edu&noUDP&sock=startd_3862_96d9>
	SlotName: slot1_19@mdm1.etp.kit.edu
	CondorScratchDir = "/local/scratch/ssd/condor/execute/dir_255516"
	Cpus = 4
	Disk = 5298931
	Memory = 10112
...
040 (892543.012.000) 2025-01-27 00:56:10 Started transferring output files
...
040 (892543.012.000) 2025-01-27 00:56:10 Finished transferring output files
...
004 (892543.012.000) 2025-01-27 00:56:10 Job was evicted.
	(0) Job terminated and was requeued
		Usr 0 00:00:00, Sys 0 00:00:00  -  Run Remote Usage
		Usr 0 00:00:00, Sys 0 00:00:00  -  Run Local Usage
	838  -  Run Bytes Sent By Job
	0  -  Run Bytes Received By Job
	(1) Normal termination (return value 3)
	The job attribute OnExitRemove expression 'NumJobCompletions > JobMaxRetries || ExitCode =?= 0' evaluated to FALSE
...
040 (892543.012.000) 2025-01-27 00:56:14 Finished transferring input files
...
001 (892543.012.000) 2025-01-27 00:56:15 Job executing on host: <129.13.101.152:9618?addrs=129.13.101.152-9618+[2a00-1398-5-fe01--2001]-9618&alias=mdm1.etp.kit.edu&noUDP&sock=startd_3862_96d9>
	SlotName: slot1_11@mdm1.etp.kit.edu
	CondorScratchDir = "/local/scratch/ssd/condor/execute/dir_256991"
	Cpus = 4
	Disk = 5298931
	Memory = 10112
...
040 (892543.012.000) 2025-01-27 00:56:33 Started transferring output files
...
040 (892543.012.000) 2025-01-27 00:56:33 Finished transferring output files
...
005 (892543.012.000) 2025-01-27 00:56:34 Job terminated.
	(1) Normal termination (return value 3)
		Usr 0 00:00:00, Sys 0 00:00:00  -  Run Remote Usage
		Usr 0 00:00:00, Sys 0 00:00:00  -  Run Local Usage
		Usr 0 00:00:00, Sys 0 00:00:00  -  Total Remote Usage
		Usr 0 00:00:00, Sys 0 00:00:00  -  Total Local Usage
	838  -  Run Bytes Sent By Job
	0  -  Run Bytes Received By Job
	3352  -  Total Bytes Sent By Job
	0  -  Total Bytes Received By Job
	Partitionable Resources :    Usage  Request Allocated 
	   Cpus                 :        0        4         4 
	   Disk (KB)            :       24  1000000   5298931 
	   Memory (MB)          :             10000     10112 

	Job terminated of its own accord at 2025-01-26T23:56:33Z with exit-code 3.
...
