000 (898217.006.000) 2025-01-29 19:37:13 Job submitted from host: <129.13.101.151:9618?addrs=129.13.101.151-9618+[2a00-1398-5-fe01-ec4-7aff-fede-e4ae]-9618&alias=bms3.etp.kit.edu&noUDP&sock=schedd_2157_19df>
...
040 (898217.006.000) 2025-01-30 07:15:46 Finished transferring input files
...
001 (898217.006.000) 2025-01-30 07:15:47 Job executing on host: <129.13.101.128:9618?addrs=129.13.101.128-9618+[2a00-1398-5-fe01-ae1f-6bff-febb-c206]-9618&alias=ms01.etp.kit.edu&noUDP&sock=startd_1784_410c>
	SlotName: slot1_25@ms01.etp.kit.edu
	CondorScratchDir = "/var/lib/condor/execute/dir_2107869"
	Cpus = 2
	Disk = 1754559
	Memory = 10112
...
040 (898217.006.000) 2025-01-30 09:36:54 Started transferring output files
...
040 (898217.006.000) 2025-01-30 09:36:54 Finished transferring output files
...
005 (898217.006.000) 2025-01-30 09:36:55 Job terminated.
	(1) Normal termination (return value 0)
		Usr 0 00:00:00, Sys 0 00:00:00  -  Run Remote Usage
		Usr 0 00:00:00, Sys 0 00:00:00  -  Run Local Usage
		Usr 0 00:00:00, Sys 0 00:00:00  -  Total Remote Usage
		Usr 0 00:00:00, Sys 0 00:00:00  -  Total Local Usage
	2254  -  Run Bytes Sent By Job
	0  -  Run Bytes Received By Job
	2254  -  Total Bytes Sent By Job
	0  -  Total Bytes Received By Job
	Partitionable Resources :    Usage  Request Allocated 
	   Cpus                 :     0.00        2         2 
	   Disk (KB)            :    24     1000000   1754559 
	   Memory (MB)          :             10000     10112 

	Job terminated of its own accord at 2025-01-30T08:36:54Z with exit-code 0.
...
