000 (898223.076.000) 2025-01-29 19:37:15 Job submitted from host: <129.13.101.151:9618?addrs=129.13.101.151-9618+[2a00-1398-5-fe01-ec4-7aff-fede-e4ae]-9618&alias=bms3.etp.kit.edu&noUDP&sock=schedd_2157_19df>
...
040 (898223.076.000) 2025-01-30 15:41:22 Finished transferring input files
...
001 (898223.076.000) 2025-01-30 15:41:23 Job executing on host: <129.13.101.131:9618?addrs=129.13.101.131-9618+[2a00-1398-5-fe01-ae1f-6bff-febb-c016]-9618&alias=ms04.etp.kit.edu&noUDP&sock=startd_1624_81e4>
	SlotName: slot1_28@ms04.etp.kit.edu
	CondorScratchDir = "/var/lib/condor/execute/dir_3598006"
	Cpus = 2
	Disk = 1702864
	Memory = 10112
...
040 (898223.076.000) 2025-01-30 16:40:22 Started transferring output files
...
040 (898223.076.000) 2025-01-30 16:40:22 Finished transferring output files
...
005 (898223.076.000) 2025-01-30 16:40:22 Job terminated.
	(1) Normal termination (return value 0)
		Usr 0 00:00:00, Sys 0 00:00:00  -  Run Remote Usage
		Usr 0 00:00:00, Sys 0 00:00:00  -  Run Local Usage
		Usr 0 00:00:00, Sys 0 00:00:00  -  Total Remote Usage
		Usr 0 00:00:00, Sys 0 00:00:00  -  Total Local Usage
	2275  -  Run Bytes Sent By Job
	0  -  Run Bytes Received By Job
	2275  -  Total Bytes Sent By Job
	0  -  Total Bytes Received By Job
	Partitionable Resources :    Usage  Request Allocated 
	   Cpus                 :     0.00        2         2 
	   Disk (KB)            :    24     1000000   1702864 
	   Memory (MB)          :             10000     10112 

	Job terminated of its own accord at 2025-01-30T15:40:22Z with exit-code 0.
...
