000 (898223.063.000) 2025-01-29 19:37:14 Job submitted from host: <129.13.101.151:9618?addrs=129.13.101.151-9618+[2a00-1398-5-fe01-ec4-7aff-fede-e4ae]-9618&alias=bms3.etp.kit.edu&noUDP&sock=schedd_2157_19df>
...
040 (898223.063.000) 2025-01-30 15:20:22 Finished transferring input files
...
001 (898223.063.000) 2025-01-30 15:20:23 Job executing on host: <129.13.101.152:9618?addrs=129.13.101.152-9618+[2a00-1398-5-fe01--2001]-9618&alias=mdm1.etp.kit.edu&noUDP&sock=startd_3862_96d9>
	SlotName: slot1_49@mdm1.etp.kit.edu
	CondorScratchDir = "/local/scratch/ssd/condor/execute/dir_3081530"
	Cpus = 2
	Disk = 5298931
	Memory = 10112
...
007 (898223.063.000) 2025-01-30 16:08:40 Shadow exception!
	Error from slot1_49@mdm1.etp.kit.edu: Cannot inspect exited container
	0  -  Run Bytes Sent By Job
	0  -  Run Bytes Received By Job
...
040 (898223.063.000) 2025-01-30 16:08:52 Finished transferring input files
...
001 (898223.063.000) 2025-01-30 16:08:53 Job executing on host: <129.13.101.131:9618?addrs=129.13.101.131-9618+[2a00-1398-5-fe01-ae1f-6bff-febb-c016]-9618&alias=ms04.etp.kit.edu&noUDP&sock=startd_1624_81e4>
	SlotName: slot1_22@ms04.etp.kit.edu
	CondorScratchDir = "/var/lib/condor/execute/dir_3607063"
	Cpus = 2
	Disk = 1702864
	Memory = 10112
...
040 (898223.063.000) 2025-01-30 17:08:34 Started transferring output files
...
040 (898223.063.000) 2025-01-30 17:08:34 Finished transferring output files
...
005 (898223.063.000) 2025-01-30 17:08:35 Job terminated.
	(1) Normal termination (return value 0)
		Usr 0 00:00:00, Sys 0 00:00:00  -  Run Remote Usage
		Usr 0 00:00:00, Sys 0 00:00:00  -  Run Local Usage
		Usr 0 00:00:00, Sys 0 00:00:00  -  Total Remote Usage
		Usr 0 00:00:00, Sys 0 00:00:00  -  Total Local Usage
	2275  -  Run Bytes Sent By Job
	0  -  Run Bytes Received By Job
	2275  -  Total Bytes Sent By Job
	0  -  Total Bytes Received By Job
	Partitionable Resources :    Usage  Request Allocated 
	   Cpus                 :     0.00        2         2 
	   Disk (KB)            :    25     1000000   1702864 
	   Memory (MB)          :             10000     10112 

	Job terminated of its own accord at 2025-01-30T16:08:34Z with exit-code 0.
...
