000 (898238.017.000) 2025-01-29 19:37:17 Job submitted from host: <129.13.101.151:9618?addrs=129.13.101.151-9618+[2a00-1398-5-fe01-ec4-7aff-fede-e4ae]-9618&alias=bms3.etp.kit.edu&noUDP&sock=schedd_2157_19df>
...
040 (898238.017.000) 2025-01-31 04:51:49 Finished transferring input files
...
001 (898238.017.000) 2025-01-31 04:51:51 Job executing on host: <129.13.101.152:9618?addrs=129.13.101.152-9618+[2a00-1398-5-fe01--2001]-9618&alias=mdm1.etp.kit.edu&noUDP&sock=startd_3862_96d9>
	SlotName: slot1_1@mdm1.etp.kit.edu
	CondorScratchDir = "/local/scratch/ssd/condor/execute/dir_2677418"
	Cpus = 2
	Disk = 5298931
	Memory = 10112
...
040 (898238.017.000) 2025-01-31 04:58:29 Started transferring output files
...
040 (898238.017.000) 2025-01-31 04:58:29 Finished transferring output files
...
005 (898238.017.000) 2025-01-31 04:58:29 Job terminated.
	(1) Normal termination (return value 0)
		Usr 0 00:00:00, Sys 0 00:00:00  -  Run Remote Usage
		Usr 0 00:00:00, Sys 0 00:00:00  -  Run Local Usage
		Usr 0 00:00:00, Sys 0 00:00:00  -  Total Remote Usage
		Usr 0 00:00:00, Sys 0 00:00:00  -  Total Local Usage
	2278  -  Run Bytes Sent By Job
	0  -  Run Bytes Received By Job
	2278  -  Total Bytes Sent By Job
	0  -  Total Bytes Received By Job
	Partitionable Resources :    Usage  Request Allocated 
	   Cpus                 :     0.00        2         2 
	   Disk (KB)            :    23     1000000   5298931 
	   Memory (MB)          :             10000     10112 

	Job terminated of its own accord at 2025-01-31T03:58:29Z with exit-code 0.
...
