000 (898246.004.000) 2025-01-29 19:37:19 Job submitted from host: <129.13.101.151:9618?addrs=129.13.101.151-9618+[2a00-1398-5-fe01-ec4-7aff-fede-e4ae]-9618&alias=bms3.etp.kit.edu&noUDP&sock=schedd_2157_19df>
...
040 (898246.004.000) 2025-01-31 09:54:27 Finished transferring input files
...
001 (898246.004.000) 2025-01-31 09:54:28 Job executing on host: <129.13.101.152:9618?addrs=129.13.101.152-9618+[2a00-1398-5-fe01--2001]-9618&alias=mdm1.etp.kit.edu&noUDP&sock=startd_3862_96d9>
	SlotName: slot1_43@mdm1.etp.kit.edu
	CondorScratchDir = "/local/scratch/ssd/condor/execute/dir_1198331"
	Cpus = 2
	Disk = 5298931
	Memory = 10112
...
040 (898246.004.000) 2025-01-31 11:57:23 Started transferring output files
...
040 (898246.004.000) 2025-01-31 11:57:23 Finished transferring output files
...
005 (898246.004.000) 2025-01-31 11:57:24 Job terminated.
	(1) Normal termination (return value 0)
		Usr 0 00:00:00, Sys 0 00:00:00  -  Run Remote Usage
		Usr 0 00:00:00, Sys 0 00:00:00  -  Run Local Usage
		Usr 0 00:00:00, Sys 0 00:00:00  -  Total Remote Usage
		Usr 0 00:00:00, Sys 0 00:00:00  -  Total Local Usage
	2266  -  Run Bytes Sent By Job
	0  -  Run Bytes Received By Job
	2266  -  Total Bytes Sent By Job
	0  -  Total Bytes Received By Job
	Partitionable Resources :    Usage  Request Allocated 
	   Cpus                 :     0.00        2         2 
	   Disk (KB)            :    23     1000000   5298931 
	   Memory (MB)          :             10000     10112 

	Job terminated of its own accord at 2025-01-31T10:57:23Z with exit-code 0.
...
