000 (898257.053.000) 2025-01-29 19:37:20 Job submitted from host: <129.13.101.151:9618?addrs=129.13.101.151-9618+[2a00-1398-5-fe01-ec4-7aff-fede-e4ae]-9618&alias=bms3.etp.kit.edu&noUDP&sock=schedd_2157_19df>
...
040 (898257.053.000) 2025-01-31 17:22:56 Finished transferring input files
...
001 (898257.053.000) 2025-01-31 17:22:58 Job executing on host: <129.13.101.152:9618?addrs=129.13.101.152-9618+[2a00-1398-5-fe01--2001]-9618&alias=mdm1.etp.kit.edu&noUDP&sock=startd_3862_96d9>
	SlotName: slot1_83@mdm1.etp.kit.edu
	CondorScratchDir = "/local/scratch/ssd/condor/execute/dir_2951121"
	Cpus = 2
	Disk = 5298931
	Memory = 10112
...
040 (898257.053.000) 2025-01-31 19:24:08 Started transferring output files
...
040 (898257.053.000) 2025-01-31 19:24:08 Finished transferring output files
...
005 (898257.053.000) 2025-01-31 19:24:08 Job terminated.
	(1) Normal termination (return value 0)
		Usr 0 00:00:00, Sys 0 00:00:00  -  Run Remote Usage
		Usr 0 00:00:00, Sys 0 00:00:00  -  Run Local Usage
		Usr 0 00:00:00, Sys 0 00:00:00  -  Total Remote Usage
		Usr 0 00:00:00, Sys 0 00:00:00  -  Total Local Usage
	3177  -  Run Bytes Sent By Job
	0  -  Run Bytes Received By Job
	3177  -  Total Bytes Sent By Job
	0  -  Total Bytes Received By Job
	Partitionable Resources :    Usage  Request Allocated 
	   Cpus                 :        0        2         2 
	   Disk (KB)            :       24  1000000   5298931 
	   Memory (MB)          :             10000     10112 

	Job terminated of its own accord at 2025-01-31T18:24:07Z with exit-code 0.
...
